[2.051s] Invoking command in '/root/ros2_ws/src/py_hello_word': PYTHONPATH=/root/ros2_ws/build/py_hello_word/prefix_override:/usr/lib/python3/dist-packages/colcon_core/task/python/colcon_distutils_commands:/root/ros2_ws/install/py_hello_word/lib/python3.10/site-packages:${PYTHONPATH} /usr/bin/python3 -W ignore:setup.py install is deprecated -W ignore:easy_install command is deprecated setup.py egg_info --egg-base ../../build/py_hello_word build --build-base /root/ros2_ws/build/py_hello_word/build install --record /root/ros2_ws/build/py_hello_word/install.log --single-version-externally-managed install_data
[2.565s] running egg_info
[2.566s] writing ../../build/py_hello_word/py_hello_word.egg-info/PKG-INFO
[2.566s] writing dependency_links to ../../build/py_hello_word/py_hello_word.egg-info/dependency_links.txt
[2.567s] writing entry points to ../../build/py_hello_word/py_hello_word.egg-info/entry_points.txt
[2.567s] writing requirements to ../../build/py_hello_word/py_hello_word.egg-info/requires.txt
[2.567s] writing top-level names to ../../build/py_hello_word/py_hello_word.egg-info/top_level.txt
[2.571s] reading manifest file '../../build/py_hello_word/py_hello_word.egg-info/SOURCES.txt'
[2.572s] writing manifest file '../../build/py_hello_word/py_hello_word.egg-info/SOURCES.txt'
[2.573s] running build
[2.573s] running build_py
[2.573s] running install
[2.574s] running install_lib
[2.578s] running install_data
[2.578s] running install_egg_info
[2.580s] removing '/root/ros2_ws/install/py_hello_word/lib/python3.10/site-packages/py_hello_word-0.0.0-py3.10.egg-info' (and everything under it)
[2.581s] Copying ../../build/py_hello_word/py_hello_word.egg-info to /root/ros2_ws/install/py_hello_word/lib/python3.10/site-packages/py_hello_word-0.0.0-py3.10.egg-info
[2.582s] running install_scripts
[2.613s] writing list of installed files to '/root/ros2_ws/build/py_hello_word/install.log'
[2.651s] Invoked command in '/root/ros2_ws/src/py_hello_word' returned '0': PYTHONPATH=/root/ros2_ws/build/py_hello_word/prefix_override:/usr/lib/python3/dist-packages/colcon_core/task/python/colcon_distutils_commands:/root/ros2_ws/install/py_hello_word/lib/python3.10/site-packages:${PYTHONPATH} /usr/bin/python3 -W ignore:setup.py install is deprecated -W ignore:easy_install command is deprecated setup.py egg_info --egg-base ../../build/py_hello_word build --build-base /root/ros2_ws/build/py_hello_word/build install --record /root/ros2_ws/build/py_hello_word/install.log --single-version-externally-managed install_data
