[6.326s] Invoking command in '/root/ros2_ws/src/py_hello_word': PYTHONPATH=/root/ros2_ws/build/py_hello_word/prefix_override:/usr/lib/python3/dist-packages/colcon_core/task/python/colcon_distutils_commands:/root/ros2_ws/install/py_hello_word/lib/python3.10/site-packages:${PYTHONPATH} /usr/bin/python3 -W ignore:setup.py install is deprecated -W ignore:easy_install command is deprecated setup.py egg_info --egg-base ../../build/py_hello_word build --build-base /root/ros2_ws/build/py_hello_word/build install --record /root/ros2_ws/build/py_hello_word/install.log --single-version-externally-managed install_data
[7.737s] running egg_info
[7.740s] writing ../../build/py_hello_word/py_hello_word.egg-info/PKG-INFO
[7.741s] writing dependency_links to ../../build/py_hello_word/py_hello_word.egg-info/dependency_links.txt
[7.742s] writing entry points to ../../build/py_hello_word/py_hello_word.egg-info/entry_points.txt
[7.743s] writing requirements to ../../build/py_hello_word/py_hello_word.egg-info/requires.txt
[7.744s] writing top-level names to ../../build/py_hello_word/py_hello_word.egg-info/top_level.txt
[7.756s] reading manifest file '../../build/py_hello_word/py_hello_word.egg-info/SOURCES.txt'
[7.760s] writing manifest file '../../build/py_hello_word/py_hello_word.egg-info/SOURCES.txt'
[7.761s] running build
[7.762s] running build_py
[7.762s] running install
[7.763s] running install_lib
[7.775s] running install_data
[7.778s] running install_egg_info
[7.785s] removing '/root/ros2_ws/install/py_hello_word/lib/python3.10/site-packages/py_hello_word-0.0.0-py3.10.egg-info' (and everything under it)
[7.788s] Copying ../../build/py_hello_word/py_hello_word.egg-info to /root/ros2_ws/install/py_hello_word/lib/python3.10/site-packages/py_hello_word-0.0.0-py3.10.egg-info
[7.792s] running install_scripts
[7.887s] writing list of installed files to '/root/ros2_ws/build/py_hello_word/install.log'
[8.010s] Invoked command in '/root/ros2_ws/src/py_hello_word' returned '0': PYTHONPATH=/root/ros2_ws/build/py_hello_word/prefix_override:/usr/lib/python3/dist-packages/colcon_core/task/python/colcon_distutils_commands:/root/ros2_ws/install/py_hello_word/lib/python3.10/site-packages:${PYTHONPATH} /usr/bin/python3 -W ignore:setup.py install is deprecated -W ignore:easy_install command is deprecated setup.py egg_info --egg-base ../../build/py_hello_word build --build-base /root/ros2_ws/build/py_hello_word/build install --record /root/ros2_ws/build/py_hello_word/install.log --single-version-externally-managed install_data
