[8.442s] Invoking command in '/root/ros2_ws/src/py_hello_word': PYTHONPATH=/root/ros2_ws/build/py_hello_word/prefix_override:/usr/lib/python3/dist-packages/colcon_core/task/python/colcon_distutils_commands:/root/ros2_ws/install/py_hello_word/lib/python3.10/site-packages:${PYTHONPATH} /usr/bin/python3 -W ignore:setup.py install is deprecated -W ignore:easy_install command is deprecated setup.py egg_info --egg-base ../../build/py_hello_word build --build-base /root/ros2_ws/build/py_hello_word/build install --record /root/ros2_ws/build/py_hello_word/install.log --single-version-externally-managed install_data
[11.237s] running egg_info
[11.243s] writing ../../build/py_hello_word/py_hello_word.egg-info/PKG-INFO
[11.244s] writing dependency_links to ../../build/py_hello_word/py_hello_word.egg-info/dependency_links.txt
[11.246s] writing entry points to ../../build/py_hello_word/py_hello_word.egg-info/entry_points.txt
[11.247s] writing requirements to ../../build/py_hello_word/py_hello_word.egg-info/requires.txt
[11.248s] writing top-level names to ../../build/py_hello_word/py_hello_word.egg-info/top_level.txt
[11.262s] reading manifest file '../../build/py_hello_word/py_hello_word.egg-info/SOURCES.txt'
[11.269s] writing manifest file '../../build/py_hello_word/py_hello_word.egg-info/SOURCES.txt'
[11.274s] running build
[11.275s] running build_py
[11.281s] running install
[11.282s] running install_lib
[11.291s] running install_data
[11.292s] running install_egg_info
[11.308s] removing '/root/ros2_ws/install/py_hello_word/lib/python3.10/site-packages/py_hello_word-0.0.0-py3.10.egg-info' (and everything under it)
[11.309s] Copying ../../build/py_hello_word/py_hello_word.egg-info to /root/ros2_ws/install/py_hello_word/lib/python3.10/site-packages/py_hello_word-0.0.0-py3.10.egg-info
[11.316s] running install_scripts
[11.472s] writing list of installed files to '/root/ros2_ws/build/py_hello_word/install.log'
[11.640s] Invoked command in '/root/ros2_ws/src/py_hello_word' returned '0': PYTHONPATH=/root/ros2_ws/build/py_hello_word/prefix_override:/usr/lib/python3/dist-packages/colcon_core/task/python/colcon_distutils_commands:/root/ros2_ws/install/py_hello_word/lib/python3.10/site-packages:${PYTHONPATH} /usr/bin/python3 -W ignore:setup.py install is deprecated -W ignore:easy_install command is deprecated setup.py egg_info --egg-base ../../build/py_hello_word build --build-base /root/ros2_ws/build/py_hello_word/build install --record /root/ros2_ws/build/py_hello_word/install.log --single-version-externally-managed install_data
