[0.425s] DEBUG:colcon:Command line arguments: ['/usr/bin/colcon', 'build']
[0.426s] DEBUG:colcon:Parsed command line arguments: Namespace(log_base=None, log_level=None, verb_name='build', build_base='build', install_base='install', merge_install=False, symlink_install=False, test_result_base=None, continue_on_error=False, executor='parallel', parallel_workers=4, event_handlers=None, ignore_user_meta=False, metas=['./colcon.meta'], base_paths=['.'], packages_ignore=None, packages_ignore_regex=None, paths=None, packages_up_to=None, packages_up_to_regex=None, packages_above=None, packages_above_and_dependencies=None, packages_above_depth=None, packages_select_by_dep=None, packages_skip_by_dep=None, packages_skip_up_to=None, packages_select_build_failed=False, packages_skip_build_finished=False, packages_select_test_failures=False, packages_skip_test_passed=False, packages_select=None, packages_skip=None, packages_select_regex=None, packages_skip_regex=None, packages_start=None, packages_end=None, allow_overriding=[], cmake_args=None, cmake_target=None, cmake_target_skip_unavailable=False, cmake_clean_cache=False, cmake_clean_first=False, cmake_force_configure=False, ament_cmake_args=None, catkin_cmake_args=None, catkin_skip_building_tests=False, mixin_files=None, mixin=None, verb_parser=<colcon_mixin.mixin.mixin_argument.MixinArgumentDecorator object at 0x7f0c6c7fa5f0>, verb_extension=<colcon_core.verb.build.BuildVerb object at 0x7f0c6c7fa080>, main=<bound method BuildVerb.main of <colcon_core.verb.build.BuildVerb object at 0x7f0c6c7fa080>>, mixin_verb=('build',))
[1.098s] Level 1:colcon.colcon_core.package_discovery:discover_packages(colcon_meta) check parameters
[1.098s] Level 1:colcon.colcon_core.package_discovery:discover_packages(recursive) check parameters
[1.098s] Level 1:colcon.colcon_core.package_discovery:discover_packages(ignore) check parameters
[1.098s] Level 1:colcon.colcon_core.package_discovery:discover_packages(path) check parameters
[1.098s] Level 1:colcon.colcon_core.package_discovery:discover_packages(colcon_meta) discover
[1.099s] Level 1:colcon.colcon_core.package_discovery:discover_packages(recursive) discover
[1.099s] INFO:colcon.colcon_core.package_discovery:Crawling recursively for packages in '/root/ros2_ws'
[1.099s] Level 1:colcon.colcon_core.package_identification:_identify(.) by extensions ['ignore', 'ignore_ament_install']
[1.099s] Level 1:colcon.colcon_core.package_identification:_identify(.) by extension 'ignore'
[1.100s] Level 1:colcon.colcon_core.package_identification:_identify(.) by extension 'ignore_ament_install'
[1.100s] Level 1:colcon.colcon_core.package_identification:_identify(.) by extensions ['colcon_pkg']
[1.100s] Level 1:colcon.colcon_core.package_identification:_identify(.) by extension 'colcon_pkg'
[1.100s] Level 1:colcon.colcon_core.package_identification:_identify(.) by extensions ['colcon_meta']
[1.100s] Level 1:colcon.colcon_core.package_identification:_identify(.) by extension 'colcon_meta'
[1.100s] Level 1:colcon.colcon_core.package_identification:_identify(.) by extensions ['ros']
[1.100s] Level 1:colcon.colcon_core.package_identification:_identify(.) by extension 'ros'
[1.140s] Level 1:colcon.colcon_core.package_identification:_identify(.) by extensions ['cmake', 'python']
[1.140s] Level 1:colcon.colcon_core.package_identification:_identify(.) by extension 'cmake'
[1.140s] Level 1:colcon.colcon_core.package_identification:_identify(.) by extension 'python'
[1.141s] Level 1:colcon.colcon_core.package_identification:_identify(.) by extensions ['python_setup_py']
[1.141s] Level 1:colcon.colcon_core.package_identification:_identify(.) by extension 'python_setup_py'
[1.141s] Level 1:colcon.colcon_core.package_identification:_identify(build) by extensions ['ignore', 'ignore_ament_install']
[1.142s] Level 1:colcon.colcon_core.package_identification:_identify(build) by extension 'ignore'
[1.142s] Level 1:colcon.colcon_core.package_identification:_identify(build) ignored
[1.142s] Level 1:colcon.colcon_core.package_identification:_identify(install) by extensions ['ignore', 'ignore_ament_install']
[1.143s] Level 1:colcon.colcon_core.package_identification:_identify(install) by extension 'ignore'
[1.143s] Level 1:colcon.colcon_core.package_identification:_identify(install) ignored
[1.143s] Level 1:colcon.colcon_core.package_identification:_identify(log) by extensions ['ignore', 'ignore_ament_install']
[1.144s] Level 1:colcon.colcon_core.package_identification:_identify(log) by extension 'ignore'
[1.144s] Level 1:colcon.colcon_core.package_identification:_identify(log) ignored
[1.144s] Level 1:colcon.colcon_core.package_identification:_identify(src) by extensions ['ignore', 'ignore_ament_install']
[1.144s] Level 1:colcon.colcon_core.package_identification:_identify(src) by extension 'ignore'
[1.144s] Level 1:colcon.colcon_core.package_identification:_identify(src) by extension 'ignore_ament_install'
[1.145s] Level 1:colcon.colcon_core.package_identification:_identify(src) by extensions ['colcon_pkg']
[1.145s] Level 1:colcon.colcon_core.package_identification:_identify(src) by extension 'colcon_pkg'
[1.145s] Level 1:colcon.colcon_core.package_identification:_identify(src) by extensions ['colcon_meta']
[1.145s] Level 1:colcon.colcon_core.package_identification:_identify(src) by extension 'colcon_meta'
[1.145s] Level 1:colcon.colcon_core.package_identification:_identify(src) by extensions ['ros']
[1.145s] Level 1:colcon.colcon_core.package_identification:_identify(src) by extension 'ros'
[1.146s] Level 1:colcon.colcon_core.package_identification:_identify(src) by extensions ['cmake', 'python']
[1.146s] Level 1:colcon.colcon_core.package_identification:_identify(src) by extension 'cmake'
[1.146s] Level 1:colcon.colcon_core.package_identification:_identify(src) by extension 'python'
[1.146s] Level 1:colcon.colcon_core.package_identification:_identify(src) by extensions ['python_setup_py']
[1.146s] Level 1:colcon.colcon_core.package_identification:_identify(src) by extension 'python_setup_py'
[1.147s] Level 1:colcon.colcon_core.package_identification:_identify(src/ign_ros2_demo) by extensions ['ignore', 'ignore_ament_install']
[1.147s] Level 1:colcon.colcon_core.package_identification:_identify(src/ign_ros2_demo) by extension 'ignore'
[1.147s] Level 1:colcon.colcon_core.package_identification:_identify(src/ign_ros2_demo) by extension 'ignore_ament_install'
[1.147s] Level 1:colcon.colcon_core.package_identification:_identify(src/ign_ros2_demo) by extensions ['colcon_pkg']
[1.147s] Level 1:colcon.colcon_core.package_identification:_identify(src/ign_ros2_demo) by extension 'colcon_pkg'
[1.148s] Level 1:colcon.colcon_core.package_identification:_identify(src/ign_ros2_demo) by extensions ['colcon_meta']
[1.148s] Level 1:colcon.colcon_core.package_identification:_identify(src/ign_ros2_demo) by extension 'colcon_meta'
[1.148s] Level 1:colcon.colcon_core.package_identification:_identify(src/ign_ros2_demo) by extensions ['ros']
[1.148s] Level 1:colcon.colcon_core.package_identification:_identify(src/ign_ros2_demo) by extension 'ros'
[1.156s] DEBUG:colcon.colcon_core.package_identification:Package 'src/ign_ros2_demo' with type 'ros.ament_python' and name 'ign_ros2_demo'
[1.156s] Level 1:colcon.colcon_core.package_identification:_identify(src/py_hello_word) by extensions ['ignore', 'ignore_ament_install']
[1.157s] Level 1:colcon.colcon_core.package_identification:_identify(src/py_hello_word) by extension 'ignore'
[1.157s] Level 1:colcon.colcon_core.package_identification:_identify(src/py_hello_word) by extension 'ignore_ament_install'
[1.157s] Level 1:colcon.colcon_core.package_identification:_identify(src/py_hello_word) by extensions ['colcon_pkg']
[1.157s] Level 1:colcon.colcon_core.package_identification:_identify(src/py_hello_word) by extension 'colcon_pkg'
[1.157s] Level 1:colcon.colcon_core.package_identification:_identify(src/py_hello_word) by extensions ['colcon_meta']
[1.158s] Level 1:colcon.colcon_core.package_identification:_identify(src/py_hello_word) by extension 'colcon_meta'
[1.158s] Level 1:colcon.colcon_core.package_identification:_identify(src/py_hello_word) by extensions ['ros']
[1.158s] Level 1:colcon.colcon_core.package_identification:_identify(src/py_hello_word) by extension 'ros'
[1.160s] DEBUG:colcon.colcon_core.package_identification:Package 'src/py_hello_word' with type 'ros.ament_python' and name 'py_hello_word'
[1.161s] Level 1:colcon.colcon_core.package_identification:_identify(src/two_wheeled_robot) by extensions ['ignore', 'ignore_ament_install']
[1.161s] Level 1:colcon.colcon_core.package_identification:_identify(src/two_wheeled_robot) by extension 'ignore'
[1.161s] Level 1:colcon.colcon_core.package_identification:_identify(src/two_wheeled_robot) by extension 'ignore_ament_install'
[1.161s] Level 1:colcon.colcon_core.package_identification:_identify(src/two_wheeled_robot) by extensions ['colcon_pkg']
[1.162s] Level 1:colcon.colcon_core.package_identification:_identify(src/two_wheeled_robot) by extension 'colcon_pkg'
[1.162s] Level 1:colcon.colcon_core.package_identification:_identify(src/two_wheeled_robot) by extensions ['colcon_meta']
[1.162s] Level 1:colcon.colcon_core.package_identification:_identify(src/two_wheeled_robot) by extension 'colcon_meta'
[1.162s] Level 1:colcon.colcon_core.package_identification:_identify(src/two_wheeled_robot) by extensions ['ros']
[1.162s] Level 1:colcon.colcon_core.package_identification:_identify(src/two_wheeled_robot) by extension 'ros'
[1.165s] DEBUG:colcon.colcon_core.package_identification:Package 'src/two_wheeled_robot' with type 'ros.ament_python' and name 'two_wheeled_robot'
[1.166s] Level 1:colcon.colcon_core.package_discovery:discover_packages(recursive) using defaults
[1.166s] Level 1:colcon.colcon_core.package_discovery:discover_packages(ignore) discover
[1.166s] Level 1:colcon.colcon_core.package_discovery:discover_packages(ignore) using defaults
[1.166s] Level 1:colcon.colcon_core.package_discovery:discover_packages(path) discover
[1.166s] Level 1:colcon.colcon_core.package_discovery:discover_packages(path) using defaults
[1.268s] Level 1:colcon.colcon_core.package_discovery:discover_packages(prefix_path) check parameters
[1.268s] Level 1:colcon.colcon_core.package_discovery:discover_packages(prefix_path) discover
[1.274s] DEBUG:colcon.colcon_installed_package_information.package_discovery:Found 3 installed packages in /root/ros2_ws/install
[1.281s] DEBUG:colcon.colcon_installed_package_information.package_discovery:Found 359 installed packages in /opt/ros/humble
[1.287s] Level 1:colcon.colcon_core.package_discovery:discover_packages(prefix_path) using defaults
[1.454s] Level 5:colcon.colcon_core.verb:set package 'ign_ros2_demo' build argument 'cmake_args' from command line to 'None'
[1.454s] Level 5:colcon.colcon_core.verb:set package 'ign_ros2_demo' build argument 'cmake_target' from command line to 'None'
[1.454s] Level 5:colcon.colcon_core.verb:set package 'ign_ros2_demo' build argument 'cmake_target_skip_unavailable' from command line to 'False'
[1.454s] Level 5:colcon.colcon_core.verb:set package 'ign_ros2_demo' build argument 'cmake_clean_cache' from command line to 'False'
[1.454s] Level 5:colcon.colcon_core.verb:set package 'ign_ros2_demo' build argument 'cmake_clean_first' from command line to 'False'
[1.454s] Level 5:colcon.colcon_core.verb:set package 'ign_ros2_demo' build argument 'cmake_force_configure' from command line to 'False'
[1.454s] Level 5:colcon.colcon_core.verb:set package 'ign_ros2_demo' build argument 'ament_cmake_args' from command line to 'None'
[1.454s] Level 5:colcon.colcon_core.verb:set package 'ign_ros2_demo' build argument 'catkin_cmake_args' from command line to 'None'
[1.455s] Level 5:colcon.colcon_core.verb:set package 'ign_ros2_demo' build argument 'catkin_skip_building_tests' from command line to 'False'
[1.455s] DEBUG:colcon.colcon_core.verb:Building package 'ign_ros2_demo' with the following arguments: {'ament_cmake_args': None, 'build_base': '/root/ros2_ws/build/ign_ros2_demo', 'catkin_cmake_args': None, 'catkin_skip_building_tests': False, 'cmake_args': None, 'cmake_clean_cache': False, 'cmake_clean_first': False, 'cmake_force_configure': False, 'cmake_target': None, 'cmake_target_skip_unavailable': False, 'install_base': '/root/ros2_ws/install/ign_ros2_demo', 'merge_install': False, 'path': '/root/ros2_ws/src/ign_ros2_demo', 'symlink_install': False, 'test_result_base': None}
[1.456s] Level 5:colcon.colcon_core.verb:set package 'py_hello_word' build argument 'cmake_args' from command line to 'None'
[1.456s] Level 5:colcon.colcon_core.verb:set package 'py_hello_word' build argument 'cmake_target' from command line to 'None'
[1.456s] Level 5:colcon.colcon_core.verb:set package 'py_hello_word' build argument 'cmake_target_skip_unavailable' from command line to 'False'
[1.456s] Level 5:colcon.colcon_core.verb:set package 'py_hello_word' build argument 'cmake_clean_cache' from command line to 'False'
[1.456s] Level 5:colcon.colcon_core.verb:set package 'py_hello_word' build argument 'cmake_clean_first' from command line to 'False'
[1.456s] Level 5:colcon.colcon_core.verb:set package 'py_hello_word' build argument 'cmake_force_configure' from command line to 'False'
[1.456s] Level 5:colcon.colcon_core.verb:set package 'py_hello_word' build argument 'ament_cmake_args' from command line to 'None'
[1.457s] Level 5:colcon.colcon_core.verb:set package 'py_hello_word' build argument 'catkin_cmake_args' from command line to 'None'
[1.457s] Level 5:colcon.colcon_core.verb:set package 'py_hello_word' build argument 'catkin_skip_building_tests' from command line to 'False'
[1.457s] DEBUG:colcon.colcon_core.verb:Building package 'py_hello_word' with the following arguments: {'ament_cmake_args': None, 'build_base': '/root/ros2_ws/build/py_hello_word', 'catkin_cmake_args': None, 'catkin_skip_building_tests': False, 'cmake_args': None, 'cmake_clean_cache': False, 'cmake_clean_first': False, 'cmake_force_configure': False, 'cmake_target': None, 'cmake_target_skip_unavailable': False, 'install_base': '/root/ros2_ws/install/py_hello_word', 'merge_install': False, 'path': '/root/ros2_ws/src/py_hello_word', 'symlink_install': False, 'test_result_base': None}
[1.458s] Level 5:colcon.colcon_core.verb:set package 'two_wheeled_robot' build argument 'cmake_args' from command line to 'None'
[1.458s] Level 5:colcon.colcon_core.verb:set package 'two_wheeled_robot' build argument 'cmake_target' from command line to 'None'
[1.458s] Level 5:colcon.colcon_core.verb:set package 'two_wheeled_robot' build argument 'cmake_target_skip_unavailable' from command line to 'False'
[1.458s] Level 5:colcon.colcon_core.verb:set package 'two_wheeled_robot' build argument 'cmake_clean_cache' from command line to 'False'
[1.458s] Level 5:colcon.colcon_core.verb:set package 'two_wheeled_robot' build argument 'cmake_clean_first' from command line to 'False'
[1.458s] Level 5:colcon.colcon_core.verb:set package 'two_wheeled_robot' build argument 'cmake_force_configure' from command line to 'False'
[1.458s] Level 5:colcon.colcon_core.verb:set package 'two_wheeled_robot' build argument 'ament_cmake_args' from command line to 'None'
[1.459s] Level 5:colcon.colcon_core.verb:set package 'two_wheeled_robot' build argument 'catkin_cmake_args' from command line to 'None'
[1.459s] Level 5:colcon.colcon_core.verb:set package 'two_wheeled_robot' build argument 'catkin_skip_building_tests' from command line to 'False'
[1.459s] DEBUG:colcon.colcon_core.verb:Building package 'two_wheeled_robot' with the following arguments: {'ament_cmake_args': None, 'build_base': '/root/ros2_ws/build/two_wheeled_robot', 'catkin_cmake_args': None, 'catkin_skip_building_tests': False, 'cmake_args': None, 'cmake_clean_cache': False, 'cmake_clean_first': False, 'cmake_force_configure': False, 'cmake_target': None, 'cmake_target_skip_unavailable': False, 'install_base': '/root/ros2_ws/install/two_wheeled_robot', 'merge_install': False, 'path': '/root/ros2_ws/src/two_wheeled_robot', 'symlink_install': False, 'test_result_base': None}
[1.459s] INFO:colcon.colcon_core.executor:Executing jobs using 'parallel' executor
[1.462s] DEBUG:colcon.colcon_parallel_executor.executor.parallel:run_until_complete
[1.462s] INFO:colcon.colcon_ros.task.ament_python.build:Building ROS package in '/root/ros2_ws/src/ign_ros2_demo' with build type 'ament_python'
[1.463s] Level 1:colcon.colcon_core.shell:create_environment_hook('ign_ros2_demo', 'ament_prefix_path')
[1.471s] INFO:colcon.colcon_core.plugin_system:Skipping extension 'colcon_core.shell.bat': Not used on non-Windows systems
[1.471s] INFO:colcon.colcon_core.shell:Creating environment hook '/root/ros2_ws/install/ign_ros2_demo/share/ign_ros2_demo/hook/ament_prefix_path.ps1'
[1.474s] INFO:colcon.colcon_core.shell:Creating environment descriptor '/root/ros2_ws/install/ign_ros2_demo/share/ign_ros2_demo/hook/ament_prefix_path.dsv'
[1.475s] INFO:colcon.colcon_core.shell:Creating environment hook '/root/ros2_ws/install/ign_ros2_demo/share/ign_ros2_demo/hook/ament_prefix_path.sh'
[1.478s] INFO:colcon.colcon_core.shell:Skip shell extension 'powershell' for command environment: Not usable outside of PowerShell
[1.478s] DEBUG:colcon.colcon_core.shell:Skip shell extension 'dsv' for command environment
[1.491s] INFO:colcon.colcon_ros.task.ament_python.build:Building ROS package in '/root/ros2_ws/src/py_hello_word' with build type 'ament_python'
[1.492s] Level 1:colcon.colcon_core.shell:create_environment_hook('py_hello_word', 'ament_prefix_path')
[1.493s] INFO:colcon.colcon_core.shell:Creating environment hook '/root/ros2_ws/install/py_hello_word/share/py_hello_word/hook/ament_prefix_path.ps1'
[1.496s] INFO:colcon.colcon_core.shell:Creating environment descriptor '/root/ros2_ws/install/py_hello_word/share/py_hello_word/hook/ament_prefix_path.dsv'
[1.497s] INFO:colcon.colcon_core.shell:Creating environment hook '/root/ros2_ws/install/py_hello_word/share/py_hello_word/hook/ament_prefix_path.sh'
[1.500s] INFO:colcon.colcon_core.shell:Skip shell extension 'powershell' for command environment: Not usable outside of PowerShell
[1.500s] DEBUG:colcon.colcon_core.shell:Skip shell extension 'dsv' for command environment
[1.512s] INFO:colcon.colcon_ros.task.ament_python.build:Building ROS package in '/root/ros2_ws/src/two_wheeled_robot' with build type 'ament_python'
[1.513s] Level 1:colcon.colcon_core.shell:create_environment_hook('two_wheeled_robot', 'ament_prefix_path')
[1.514s] INFO:colcon.colcon_core.shell:Creating environment hook '/root/ros2_ws/install/two_wheeled_robot/share/two_wheeled_robot/hook/ament_prefix_path.ps1'
[1.517s] INFO:colcon.colcon_core.shell:Creating environment descriptor '/root/ros2_ws/install/two_wheeled_robot/share/two_wheeled_robot/hook/ament_prefix_path.dsv'
[1.518s] INFO:colcon.colcon_core.shell:Creating environment hook '/root/ros2_ws/install/two_wheeled_robot/share/two_wheeled_robot/hook/ament_prefix_path.sh'
[1.520s] INFO:colcon.colcon_core.shell:Skip shell extension 'powershell' for command environment: Not usable outside of PowerShell
[1.521s] DEBUG:colcon.colcon_core.shell:Skip shell extension 'dsv' for command environment
[2.575s] INFO:colcon.colcon_core.task.python.build:Building Python package in '/root/ros2_ws/src/ign_ros2_demo'
[2.576s] INFO:colcon.colcon_core.shell:Skip shell extension 'powershell' for command environment: Not usable outside of PowerShell
[2.577s] DEBUG:colcon.colcon_core.shell:Skip shell extension 'dsv' for command environment
[3.742s] INFO:colcon.colcon_core.task.python.build:Building Python package in '/root/ros2_ws/src/py_hello_word'
[3.743s] INFO:colcon.colcon_core.shell:Skip shell extension 'powershell' for command environment: Not usable outside of PowerShell
[3.743s] DEBUG:colcon.colcon_core.shell:Skip shell extension 'dsv' for command environment
[4.998s] INFO:colcon.colcon_core.task.python.build:Building Python package in '/root/ros2_ws/src/two_wheeled_robot'
[4.999s] INFO:colcon.colcon_core.shell:Skip shell extension 'powershell' for command environment: Not usable outside of PowerShell
[5.000s] DEBUG:colcon.colcon_core.shell:Skip shell extension 'dsv' for command environment
[7.233s] DEBUG:colcon.colcon_core.event_handler.log_command:Invoking command in '/root/ros2_ws/src/py_hello_word': PYTHONPATH=/root/ros2_ws/build/py_hello_word/prefix_override:/usr/lib/python3/dist-packages/colcon_core/task/python/colcon_distutils_commands:/root/ros2_ws/install/py_hello_word/lib/python3.10/site-packages:${PYTHONPATH} /usr/bin/python3 -W ignore:setup.py install is deprecated -W ignore:easy_install command is deprecated setup.py egg_info --egg-base ../../build/py_hello_word build --build-base /root/ros2_ws/build/py_hello_word/build install --record /root/ros2_ws/build/py_hello_word/install.log --single-version-externally-managed install_data
[8.228s] DEBUG:colcon.colcon_core.event_handler.log_command:Invoking command in '/root/ros2_ws/src/ign_ros2_demo': PYTHONPATH=/root/ros2_ws/build/ign_ros2_demo/prefix_override:/usr/lib/python3/dist-packages/colcon_core/task/python/colcon_distutils_commands:/root/ros2_ws/install/ign_ros2_demo/lib/python3.10/site-packages:${PYTHONPATH} /usr/bin/python3 -W ignore:setup.py install is deprecated -W ignore:easy_install command is deprecated setup.py egg_info --egg-base ../../build/ign_ros2_demo build --build-base /root/ros2_ws/build/ign_ros2_demo/build install --record /root/ros2_ws/build/ign_ros2_demo/install.log --single-version-externally-managed install_data
[8.245s] DEBUG:colcon.colcon_core.event_handler.log_command:Invoking command in '/root/ros2_ws/src/two_wheeled_robot': PYTHONPATH=/root/ros2_ws/build/two_wheeled_robot/prefix_override:/usr/lib/python3/dist-packages/colcon_core/task/python/colcon_distutils_commands:/root/ros2_ws/install/two_wheeled_robot/lib/python3.10/site-packages:${PYTHONPATH} /usr/bin/python3 -W ignore:setup.py install is deprecated -W ignore:easy_install command is deprecated setup.py egg_info --egg-base ../../build/two_wheeled_robot build --build-base /root/ros2_ws/build/two_wheeled_robot/build install --record /root/ros2_ws/build/two_wheeled_robot/install.log --single-version-externally-managed install_data
[9.134s] DEBUG:colcon.colcon_core.event_handler.log_command:Invoked command in '/root/ros2_ws/src/py_hello_word' returned '0': PYTHONPATH=/root/ros2_ws/build/py_hello_word/prefix_override:/usr/lib/python3/dist-packages/colcon_core/task/python/colcon_distutils_commands:/root/ros2_ws/install/py_hello_word/lib/python3.10/site-packages:${PYTHONPATH} /usr/bin/python3 -W ignore:setup.py install is deprecated -W ignore:easy_install command is deprecated setup.py egg_info --egg-base ../../build/py_hello_word build --build-base /root/ros2_ws/build/py_hello_word/build install --record /root/ros2_ws/build/py_hello_word/install.log --single-version-externally-managed install_data
[9.150s] Level 1:colcon.colcon_core.environment:checking '/root/ros2_ws/install/py_hello_word' for CMake module files
[9.152s] Level 1:colcon.colcon_core.environment:checking '/root/ros2_ws/install/py_hello_word' for CMake config files
[9.156s] Level 1:colcon.colcon_core.environment:checking '/root/ros2_ws/install/py_hello_word/lib'
[9.157s] Level 1:colcon.colcon_core.environment:checking '/root/ros2_ws/install/py_hello_word/bin'
[9.158s] Level 1:colcon.colcon_core.environment:checking '/root/ros2_ws/install/py_hello_word/lib/pkgconfig/py_hello_word.pc'
[9.160s] Level 1:colcon.colcon_core.environment:checking '/root/ros2_ws/install/py_hello_word/lib/python3.10/site-packages'
[9.160s] Level 1:colcon.colcon_core.shell:create_environment_hook('py_hello_word', 'pythonpath')
[9.162s] INFO:colcon.colcon_core.shell:Creating environment hook '/root/ros2_ws/install/py_hello_word/share/py_hello_word/hook/pythonpath.ps1'
[9.166s] INFO:colcon.colcon_core.shell:Creating environment descriptor '/root/ros2_ws/install/py_hello_word/share/py_hello_word/hook/pythonpath.dsv'
[9.168s] INFO:colcon.colcon_core.shell:Creating environment hook '/root/ros2_ws/install/py_hello_word/share/py_hello_word/hook/pythonpath.sh'
[9.173s] Level 1:colcon.colcon_core.environment:checking '/root/ros2_ws/install/py_hello_word/bin'
[9.174s] Level 1:colcon.colcon_core.environment:create_environment_scripts_only(py_hello_word)
[9.177s] INFO:colcon.colcon_core.shell:Creating package script '/root/ros2_ws/install/py_hello_word/share/py_hello_word/package.ps1'
[9.182s] INFO:colcon.colcon_core.shell:Creating package descriptor '/root/ros2_ws/install/py_hello_word/share/py_hello_word/package.dsv'
[9.186s] INFO:colcon.colcon_core.shell:Creating package script '/root/ros2_ws/install/py_hello_word/share/py_hello_word/package.sh'
[9.191s] INFO:colcon.colcon_core.shell:Creating package script '/root/ros2_ws/install/py_hello_word/share/py_hello_word/package.bash'
[9.198s] INFO:colcon.colcon_core.shell:Creating package script '/root/ros2_ws/install/py_hello_word/share/py_hello_word/package.zsh'
[9.203s] Level 1:colcon.colcon_core.environment:create_file_with_runtime_dependencies(/root/ros2_ws/install/py_hello_word/share/colcon-core/packages/py_hello_word)
[10.630s] Level 1:colcon.colcon_core.environment:checking '/root/ros2_ws/install/ign_ros2_demo' for CMake module files
[10.633s] DEBUG:colcon.colcon_core.event_handler.log_command:Invoked command in '/root/ros2_ws/src/ign_ros2_demo' returned '0': PYTHONPATH=/root/ros2_ws/build/ign_ros2_demo/prefix_override:/usr/lib/python3/dist-packages/colcon_core/task/python/colcon_distutils_commands:/root/ros2_ws/install/ign_ros2_demo/lib/python3.10/site-packages:${PYTHONPATH} /usr/bin/python3 -W ignore:setup.py install is deprecated -W ignore:easy_install command is deprecated setup.py egg_info --egg-base ../../build/ign_ros2_demo build --build-base /root/ros2_ws/build/ign_ros2_demo/build install --record /root/ros2_ws/build/ign_ros2_demo/install.log --single-version-externally-managed install_data
[10.634s] Level 1:colcon.colcon_core.environment:checking '/root/ros2_ws/install/ign_ros2_demo' for CMake config files
[10.638s] Level 1:colcon.colcon_core.environment:checking '/root/ros2_ws/install/ign_ros2_demo/lib'
[10.638s] Level 1:colcon.colcon_core.environment:checking '/root/ros2_ws/install/ign_ros2_demo/bin'
[10.639s] Level 1:colcon.colcon_core.environment:checking '/root/ros2_ws/install/ign_ros2_demo/lib/pkgconfig/ign_ros2_demo.pc'
[10.640s] Level 1:colcon.colcon_core.environment:checking '/root/ros2_ws/install/ign_ros2_demo/lib/python3.10/site-packages'
[10.641s] Level 1:colcon.colcon_core.shell:create_environment_hook('ign_ros2_demo', 'pythonpath')
[10.642s] INFO:colcon.colcon_core.shell:Creating environment hook '/root/ros2_ws/install/ign_ros2_demo/share/ign_ros2_demo/hook/pythonpath.ps1'
[10.644s] INFO:colcon.colcon_core.shell:Creating environment descriptor '/root/ros2_ws/install/ign_ros2_demo/share/ign_ros2_demo/hook/pythonpath.dsv'
[10.646s] INFO:colcon.colcon_core.shell:Creating environment hook '/root/ros2_ws/install/ign_ros2_demo/share/ign_ros2_demo/hook/pythonpath.sh'
[10.649s] Level 1:colcon.colcon_core.environment:checking '/root/ros2_ws/install/ign_ros2_demo/bin'
[10.649s] Level 1:colcon.colcon_core.environment:create_environment_scripts_only(ign_ros2_demo)
[10.651s] INFO:colcon.colcon_core.shell:Creating package script '/root/ros2_ws/install/ign_ros2_demo/share/ign_ros2_demo/package.ps1'
[10.653s] INFO:colcon.colcon_core.shell:Creating package descriptor '/root/ros2_ws/install/ign_ros2_demo/share/ign_ros2_demo/package.dsv'
[10.656s] INFO:colcon.colcon_core.shell:Creating package script '/root/ros2_ws/install/ign_ros2_demo/share/ign_ros2_demo/package.sh'
[10.658s] INFO:colcon.colcon_core.shell:Creating package script '/root/ros2_ws/install/ign_ros2_demo/share/ign_ros2_demo/package.bash'
[10.659s] INFO:colcon.colcon_core.shell:Creating package script '/root/ros2_ws/install/ign_ros2_demo/share/ign_ros2_demo/package.zsh'
[10.661s] Level 1:colcon.colcon_core.environment:create_file_with_runtime_dependencies(/root/ros2_ws/install/ign_ros2_demo/share/colcon-core/packages/ign_ros2_demo)
[10.667s] Level 1:colcon.colcon_core.environment:checking '/root/ros2_ws/install/two_wheeled_robot' for CMake module files
[10.670s] DEBUG:colcon.colcon_core.event_handler.log_command:Invoked command in '/root/ros2_ws/src/two_wheeled_robot' returned '0': PYTHONPATH=/root/ros2_ws/build/two_wheeled_robot/prefix_override:/usr/lib/python3/dist-packages/colcon_core/task/python/colcon_distutils_commands:/root/ros2_ws/install/two_wheeled_robot/lib/python3.10/site-packages:${PYTHONPATH} /usr/bin/python3 -W ignore:setup.py install is deprecated -W ignore:easy_install command is deprecated setup.py egg_info --egg-base ../../build/two_wheeled_robot build --build-base /root/ros2_ws/build/two_wheeled_robot/build install --record /root/ros2_ws/build/two_wheeled_robot/install.log --single-version-externally-managed install_data
[10.672s] Level 1:colcon.colcon_core.environment:checking '/root/ros2_ws/install/two_wheeled_robot' for CMake config files
[10.675s] Level 1:colcon.colcon_core.environment:checking '/root/ros2_ws/install/two_wheeled_robot/lib'
[10.676s] Level 1:colcon.colcon_core.environment:checking '/root/ros2_ws/install/two_wheeled_robot/bin'
[10.676s] Level 1:colcon.colcon_core.environment:checking '/root/ros2_ws/install/two_wheeled_robot/lib/pkgconfig/two_wheeled_robot.pc'
[10.678s] Level 1:colcon.colcon_core.environment:checking '/root/ros2_ws/install/two_wheeled_robot/lib/python3.10/site-packages'
[10.678s] Level 1:colcon.colcon_core.shell:create_environment_hook('two_wheeled_robot', 'pythonpath')
[10.679s] INFO:colcon.colcon_core.shell:Creating environment hook '/root/ros2_ws/install/two_wheeled_robot/share/two_wheeled_robot/hook/pythonpath.ps1'
[10.681s] INFO:colcon.colcon_core.shell:Creating environment descriptor '/root/ros2_ws/install/two_wheeled_robot/share/two_wheeled_robot/hook/pythonpath.dsv'
[10.683s] INFO:colcon.colcon_core.shell:Creating environment hook '/root/ros2_ws/install/two_wheeled_robot/share/two_wheeled_robot/hook/pythonpath.sh'
[10.685s] Level 1:colcon.colcon_core.environment:checking '/root/ros2_ws/install/two_wheeled_robot/bin'
[10.686s] Level 1:colcon.colcon_core.environment:create_environment_scripts_only(two_wheeled_robot)
[10.687s] INFO:colcon.colcon_core.shell:Creating package script '/root/ros2_ws/install/two_wheeled_robot/share/two_wheeled_robot/package.ps1'
[10.689s] INFO:colcon.colcon_core.shell:Creating package descriptor '/root/ros2_ws/install/two_wheeled_robot/share/two_wheeled_robot/package.dsv'
[10.692s] INFO:colcon.colcon_core.shell:Creating package script '/root/ros2_ws/install/two_wheeled_robot/share/two_wheeled_robot/package.sh'
[10.695s] INFO:colcon.colcon_core.shell:Creating package script '/root/ros2_ws/install/two_wheeled_robot/share/two_wheeled_robot/package.bash'
[10.697s] INFO:colcon.colcon_core.shell:Creating package script '/root/ros2_ws/install/two_wheeled_robot/share/two_wheeled_robot/package.zsh'
[10.699s] Level 1:colcon.colcon_core.environment:create_file_with_runtime_dependencies(/root/ros2_ws/install/two_wheeled_robot/share/colcon-core/packages/two_wheeled_robot)
[10.701s] DEBUG:colcon.colcon_parallel_executor.executor.parallel:closing loop
[10.703s] DEBUG:colcon.colcon_parallel_executor.executor.parallel:loop closed
[10.703s] DEBUG:colcon.colcon_parallel_executor.executor.parallel:run_until_complete finished with '0'
[10.703s] DEBUG:colcon.colcon_core.event_reactor:joining thread
[10.730s] INFO:colcon.colcon_core.plugin_system:Skipping extension 'colcon_notification.desktop_notification.terminal_notifier': Not used on non-Darwin systems
[10.730s] INFO:colcon.colcon_core.plugin_system:Skipping extension 'colcon_notification.desktop_notification.win32': Not used on non-Windows systems
[10.731s] INFO:colcon.colcon_notification.desktop_notification:Sending desktop notification using 'notify2'
[10.740s] DEBUG:colcon.colcon_notification.desktop_notification.notify2:Failed to initialize notify2: org.freedesktop.DBus.Error.Spawn.ExecFailed: /usr/bin/dbus-launch terminated abnormally without any error message
[10.742s] DEBUG:colcon.colcon_core.event_reactor:joined thread
[10.745s] INFO:colcon.colcon_core.shell:Creating prefix script '/root/ros2_ws/install/local_setup.ps1'
[10.751s] INFO:colcon.colcon_core.shell:Creating prefix util module '/root/ros2_ws/install/_local_setup_util_ps1.py'
[10.758s] INFO:colcon.colcon_core.shell:Creating prefix chain script '/root/ros2_ws/install/setup.ps1'
[10.763s] INFO:colcon.colcon_core.shell:Creating prefix script '/root/ros2_ws/install/local_setup.sh'
[10.765s] INFO:colcon.colcon_core.shell:Creating prefix util module '/root/ros2_ws/install/_local_setup_util_sh.py'
[10.768s] INFO:colcon.colcon_core.shell:Creating prefix chain script '/root/ros2_ws/install/setup.sh'
[10.772s] INFO:colcon.colcon_core.shell:Creating prefix script '/root/ros2_ws/install/local_setup.bash'
[10.774s] INFO:colcon.colcon_core.shell:Creating prefix chain script '/root/ros2_ws/install/setup.bash'
[10.779s] INFO:colcon.colcon_core.shell:Creating prefix script '/root/ros2_ws/install/local_setup.zsh'
[10.781s] INFO:colcon.colcon_core.shell:Creating prefix chain script '/root/ros2_ws/install/setup.zsh'
