[6.341s] Invoking command in '/root/ros2_ws/src/py_hello_word': PYTHONPATH=/root/ros2_ws/build/py_hello_word/prefix_override:/usr/lib/python3/dist-packages/colcon_core/task/python/colcon_distutils_commands:/root/ros2_ws/install/py_hello_word/lib/python3.10/site-packages:${PYTHONPATH} /usr/bin/python3 -W ignore:setup.py install is deprecated -W ignore:easy_install command is deprecated setup.py egg_info --egg-base ../../build/py_hello_word build --build-base /root/ros2_ws/build/py_hello_word/build install --record /root/ros2_ws/build/py_hello_word/install.log --single-version-externally-managed install_data
[8.162s] running egg_info
[8.168s] writing ../../build/py_hello_word/py_hello_word.egg-info/PKG-INFO
[8.169s] writing dependency_links to ../../build/py_hello_word/py_hello_word.egg-info/dependency_links.txt
[8.171s] writing entry points to ../../build/py_hello_word/py_hello_word.egg-info/entry_points.txt
[8.175s] writing requirements to ../../build/py_hello_word/py_hello_word.egg-info/requires.txt
[8.178s] writing top-level names to ../../build/py_hello_word/py_hello_word.egg-info/top_level.txt
[8.188s] reading manifest file '../../build/py_hello_word/py_hello_word.egg-info/SOURCES.txt'
[8.196s] writing manifest file '../../build/py_hello_word/py_hello_word.egg-info/SOURCES.txt'
[8.197s] running build
[8.198s] running build_py
[8.199s] running install
[8.201s] running install_lib
[8.214s] running install_data
[8.216s] running install_egg_info
[8.229s] removing '/root/ros2_ws/install/py_hello_word/lib/python3.10/site-packages/py_hello_word-0.0.0-py3.10.egg-info' (and everything under it)
[8.231s] Copying ../../build/py_hello_word/py_hello_word.egg-info to /root/ros2_ws/install/py_hello_word/lib/python3.10/site-packages/py_hello_word-0.0.0-py3.10.egg-info
[8.238s] running install_scripts
[8.381s] writing list of installed files to '/root/ros2_ws/build/py_hello_word/install.log'
[8.529s] Invoked command in '/root/ros2_ws/src/py_hello_word' returned '0': PYTHONPATH=/root/ros2_ws/build/py_hello_word/prefix_override:/usr/lib/python3/dist-packages/colcon_core/task/python/colcon_distutils_commands:/root/ros2_ws/install/py_hello_word/lib/python3.10/site-packages:${PYTHONPATH} /usr/bin/python3 -W ignore:setup.py install is deprecated -W ignore:easy_install command is deprecated setup.py egg_info --egg-base ../../build/py_hello_word build --build-base /root/ros2_ws/build/py_hello_word/build install --record /root/ros2_ws/build/py_hello_word/install.log --single-version-externally-managed install_data
