[0.587s] DEBUG:colcon:Command line arguments: ['/usr/bin/colcon', 'build']
[0.588s] DEBUG:colcon:Parsed command line arguments: Namespace(log_base=None, log_level=None, verb_name='build', build_base='build', install_base='install', merge_install=False, symlink_install=False, test_result_base=None, continue_on_error=False, executor='parallel', parallel_workers=4, event_handlers=None, ignore_user_meta=False, metas=['./colcon.meta'], base_paths=['.'], packages_ignore=None, packages_ignore_regex=None, paths=None, packages_up_to=None, packages_up_to_regex=None, packages_above=None, packages_above_and_dependencies=None, packages_above_depth=None, packages_select_by_dep=None, packages_skip_by_dep=None, packages_skip_up_to=None, packages_select_build_failed=False, packages_skip_build_finished=False, packages_select_test_failures=False, packages_skip_test_passed=False, packages_select=None, packages_skip=None, packages_select_regex=None, packages_skip_regex=None, packages_start=None, packages_end=None, allow_overriding=[], cmake_args=None, cmake_target=None, cmake_target_skip_unavailable=False, cmake_clean_cache=False, cmake_clean_first=False, cmake_force_configure=False, ament_cmake_args=None, catkin_cmake_args=None, catkin_skip_building_tests=False, mixin_files=None, mixin=None, verb_parser=<colcon_mixin.mixin.mixin_argument.MixinArgumentDecorator object at 0x7f72e72da5c0>, verb_extension=<colcon_core.verb.build.BuildVerb object at 0x7f72e72da050>, main=<bound method BuildVerb.main of <colcon_core.verb.build.BuildVerb object at 0x7f72e72da050>>, mixin_verb=('build',))
[1.694s] Level 1:colcon.colcon_core.package_discovery:discover_packages(colcon_meta) check parameters
[1.694s] Level 1:colcon.colcon_core.package_discovery:discover_packages(recursive) check parameters
[1.695s] Level 1:colcon.colcon_core.package_discovery:discover_packages(ignore) check parameters
[1.695s] Level 1:colcon.colcon_core.package_discovery:discover_packages(path) check parameters
[1.695s] Level 1:colcon.colcon_core.package_discovery:discover_packages(colcon_meta) discover
[1.695s] Level 1:colcon.colcon_core.package_discovery:discover_packages(recursive) discover
[1.696s] INFO:colcon.colcon_core.package_discovery:Crawling recursively for packages in '/root/ros2_ws'
[1.696s] Level 1:colcon.colcon_core.package_identification:_identify(.) by extensions ['ignore', 'ignore_ament_install']
[1.696s] Level 1:colcon.colcon_core.package_identification:_identify(.) by extension 'ignore'
[1.696s] Level 1:colcon.colcon_core.package_identification:_identify(.) by extension 'ignore_ament_install'
[1.697s] Level 1:colcon.colcon_core.package_identification:_identify(.) by extensions ['colcon_pkg']
[1.697s] Level 1:colcon.colcon_core.package_identification:_identify(.) by extension 'colcon_pkg'
[1.697s] Level 1:colcon.colcon_core.package_identification:_identify(.) by extensions ['colcon_meta']
[1.697s] Level 1:colcon.colcon_core.package_identification:_identify(.) by extension 'colcon_meta'
[1.697s] Level 1:colcon.colcon_core.package_identification:_identify(.) by extensions ['ros']
[1.697s] Level 1:colcon.colcon_core.package_identification:_identify(.) by extension 'ros'
[1.740s] Level 1:colcon.colcon_core.package_identification:_identify(.) by extensions ['cmake', 'python']
[1.740s] Level 1:colcon.colcon_core.package_identification:_identify(.) by extension 'cmake'
[1.741s] Level 1:colcon.colcon_core.package_identification:_identify(.) by extension 'python'
[1.741s] Level 1:colcon.colcon_core.package_identification:_identify(.) by extensions ['python_setup_py']
[1.741s] Level 1:colcon.colcon_core.package_identification:_identify(.) by extension 'python_setup_py'
[1.741s] Level 1:colcon.colcon_core.package_identification:_identify(build) by extensions ['ignore', 'ignore_ament_install']
[1.742s] Level 1:colcon.colcon_core.package_identification:_identify(build) by extension 'ignore'
[1.742s] Level 1:colcon.colcon_core.package_identification:_identify(build) ignored
[1.742s] Level 1:colcon.colcon_core.package_identification:_identify(install) by extensions ['ignore', 'ignore_ament_install']
[1.743s] Level 1:colcon.colcon_core.package_identification:_identify(install) by extension 'ignore'
[1.743s] Level 1:colcon.colcon_core.package_identification:_identify(install) ignored
[1.743s] Level 1:colcon.colcon_core.package_identification:_identify(log) by extensions ['ignore', 'ignore_ament_install']
[1.744s] Level 1:colcon.colcon_core.package_identification:_identify(log) by extension 'ignore'
[1.744s] Level 1:colcon.colcon_core.package_identification:_identify(log) ignored
[1.744s] Level 1:colcon.colcon_core.package_identification:_identify(src) by extensions ['ignore', 'ignore_ament_install']
[1.745s] Level 1:colcon.colcon_core.package_identification:_identify(src) by extension 'ignore'
[1.745s] Level 1:colcon.colcon_core.package_identification:_identify(src) by extension 'ignore_ament_install'
[1.746s] Level 1:colcon.colcon_core.package_identification:_identify(src) by extensions ['colcon_pkg']
[1.746s] Level 1:colcon.colcon_core.package_identification:_identify(src) by extension 'colcon_pkg'
[1.746s] Level 1:colcon.colcon_core.package_identification:_identify(src) by extensions ['colcon_meta']
[1.746s] Level 1:colcon.colcon_core.package_identification:_identify(src) by extension 'colcon_meta'
[1.746s] Level 1:colcon.colcon_core.package_identification:_identify(src) by extensions ['ros']
[1.746s] Level 1:colcon.colcon_core.package_identification:_identify(src) by extension 'ros'
[1.747s] Level 1:colcon.colcon_core.package_identification:_identify(src) by extensions ['cmake', 'python']
[1.747s] Level 1:colcon.colcon_core.package_identification:_identify(src) by extension 'cmake'
[1.747s] Level 1:colcon.colcon_core.package_identification:_identify(src) by extension 'python'
[1.747s] Level 1:colcon.colcon_core.package_identification:_identify(src) by extensions ['python_setup_py']
[1.747s] Level 1:colcon.colcon_core.package_identification:_identify(src) by extension 'python_setup_py'
[1.748s] Level 1:colcon.colcon_core.package_identification:_identify(src/ign_ros2_demo) by extensions ['ignore', 'ignore_ament_install']
[1.748s] Level 1:colcon.colcon_core.package_identification:_identify(src/ign_ros2_demo) by extension 'ignore'
[1.748s] Level 1:colcon.colcon_core.package_identification:_identify(src/ign_ros2_demo) by extension 'ignore_ament_install'
[1.749s] Level 1:colcon.colcon_core.package_identification:_identify(src/ign_ros2_demo) by extensions ['colcon_pkg']
[1.749s] Level 1:colcon.colcon_core.package_identification:_identify(src/ign_ros2_demo) by extension 'colcon_pkg'
[1.749s] Level 1:colcon.colcon_core.package_identification:_identify(src/ign_ros2_demo) by extensions ['colcon_meta']
[1.749s] Level 1:colcon.colcon_core.package_identification:_identify(src/ign_ros2_demo) by extension 'colcon_meta'
[1.749s] Level 1:colcon.colcon_core.package_identification:_identify(src/ign_ros2_demo) by extensions ['ros']
[1.749s] Level 1:colcon.colcon_core.package_identification:_identify(src/ign_ros2_demo) by extension 'ros'
[1.757s] DEBUG:colcon.colcon_core.package_identification:Package 'src/ign_ros2_demo' with type 'ros.ament_python' and name 'ign_ros2_demo'
[1.758s] Level 1:colcon.colcon_core.package_identification:_identify(src/py_hello_word) by extensions ['ignore', 'ignore_ament_install']
[1.758s] Level 1:colcon.colcon_core.package_identification:_identify(src/py_hello_word) by extension 'ignore'
[1.758s] Level 1:colcon.colcon_core.package_identification:_identify(src/py_hello_word) by extension 'ignore_ament_install'
[1.759s] Level 1:colcon.colcon_core.package_identification:_identify(src/py_hello_word) by extensions ['colcon_pkg']
[1.759s] Level 1:colcon.colcon_core.package_identification:_identify(src/py_hello_word) by extension 'colcon_pkg'
[1.759s] Level 1:colcon.colcon_core.package_identification:_identify(src/py_hello_word) by extensions ['colcon_meta']
[1.759s] Level 1:colcon.colcon_core.package_identification:_identify(src/py_hello_word) by extension 'colcon_meta'
[1.759s] Level 1:colcon.colcon_core.package_identification:_identify(src/py_hello_word) by extensions ['ros']
[1.759s] Level 1:colcon.colcon_core.package_identification:_identify(src/py_hello_word) by extension 'ros'
[1.762s] DEBUG:colcon.colcon_core.package_identification:Package 'src/py_hello_word' with type 'ros.ament_python' and name 'py_hello_word'
[1.763s] Level 1:colcon.colcon_core.package_identification:_identify(src/two_wheeled_robot) by extensions ['ignore', 'ignore_ament_install']
[1.763s] Level 1:colcon.colcon_core.package_identification:_identify(src/two_wheeled_robot) by extension 'ignore'
[1.764s] Level 1:colcon.colcon_core.package_identification:_identify(src/two_wheeled_robot) by extension 'ignore_ament_install'
[1.764s] Level 1:colcon.colcon_core.package_identification:_identify(src/two_wheeled_robot) by extensions ['colcon_pkg']
[1.764s] Level 1:colcon.colcon_core.package_identification:_identify(src/two_wheeled_robot) by extension 'colcon_pkg'
[1.764s] Level 1:colcon.colcon_core.package_identification:_identify(src/two_wheeled_robot) by extensions ['colcon_meta']
[1.764s] Level 1:colcon.colcon_core.package_identification:_identify(src/two_wheeled_robot) by extension 'colcon_meta'
[1.764s] Level 1:colcon.colcon_core.package_identification:_identify(src/two_wheeled_robot) by extensions ['ros']
[1.765s] Level 1:colcon.colcon_core.package_identification:_identify(src/two_wheeled_robot) by extension 'ros'
[1.768s] DEBUG:colcon.colcon_core.package_identification:Package 'src/two_wheeled_robot' with type 'ros.ament_python' and name 'two_wheeled_robot'
[1.768s] Level 1:colcon.colcon_core.package_discovery:discover_packages(recursive) using defaults
[1.768s] Level 1:colcon.colcon_core.package_discovery:discover_packages(ignore) discover
[1.768s] Level 1:colcon.colcon_core.package_discovery:discover_packages(ignore) using defaults
[1.769s] Level 1:colcon.colcon_core.package_discovery:discover_packages(path) discover
[1.769s] Level 1:colcon.colcon_core.package_discovery:discover_packages(path) using defaults
[1.881s] Level 1:colcon.colcon_core.package_discovery:discover_packages(prefix_path) check parameters
[1.881s] Level 1:colcon.colcon_core.package_discovery:discover_packages(prefix_path) discover
[1.888s] DEBUG:colcon.colcon_installed_package_information.package_discovery:Found 3 installed packages in /root/ros2_ws/install
[1.895s] DEBUG:colcon.colcon_installed_package_information.package_discovery:Found 359 installed packages in /opt/ros/humble
[1.901s] Level 1:colcon.colcon_core.package_discovery:discover_packages(prefix_path) using defaults
[2.094s] Level 5:colcon.colcon_core.verb:set package 'ign_ros2_demo' build argument 'cmake_args' from command line to 'None'
[2.094s] Level 5:colcon.colcon_core.verb:set package 'ign_ros2_demo' build argument 'cmake_target' from command line to 'None'
[2.094s] Level 5:colcon.colcon_core.verb:set package 'ign_ros2_demo' build argument 'cmake_target_skip_unavailable' from command line to 'False'
[2.094s] Level 5:colcon.colcon_core.verb:set package 'ign_ros2_demo' build argument 'cmake_clean_cache' from command line to 'False'
[2.094s] Level 5:colcon.colcon_core.verb:set package 'ign_ros2_demo' build argument 'cmake_clean_first' from command line to 'False'
[2.094s] Level 5:colcon.colcon_core.verb:set package 'ign_ros2_demo' build argument 'cmake_force_configure' from command line to 'False'
[2.094s] Level 5:colcon.colcon_core.verb:set package 'ign_ros2_demo' build argument 'ament_cmake_args' from command line to 'None'
[2.095s] Level 5:colcon.colcon_core.verb:set package 'ign_ros2_demo' build argument 'catkin_cmake_args' from command line to 'None'
[2.095s] Level 5:colcon.colcon_core.verb:set package 'ign_ros2_demo' build argument 'catkin_skip_building_tests' from command line to 'False'
[2.095s] DEBUG:colcon.colcon_core.verb:Building package 'ign_ros2_demo' with the following arguments: {'ament_cmake_args': None, 'build_base': '/root/ros2_ws/build/ign_ros2_demo', 'catkin_cmake_args': None, 'catkin_skip_building_tests': False, 'cmake_args': None, 'cmake_clean_cache': False, 'cmake_clean_first': False, 'cmake_force_configure': False, 'cmake_target': None, 'cmake_target_skip_unavailable': False, 'install_base': '/root/ros2_ws/install/ign_ros2_demo', 'merge_install': False, 'path': '/root/ros2_ws/src/ign_ros2_demo', 'symlink_install': False, 'test_result_base': None}
[2.097s] Level 5:colcon.colcon_core.verb:set package 'py_hello_word' build argument 'cmake_args' from command line to 'None'
[2.097s] Level 5:colcon.colcon_core.verb:set package 'py_hello_word' build argument 'cmake_target' from command line to 'None'
[2.097s] Level 5:colcon.colcon_core.verb:set package 'py_hello_word' build argument 'cmake_target_skip_unavailable' from command line to 'False'
[2.097s] Level 5:colcon.colcon_core.verb:set package 'py_hello_word' build argument 'cmake_clean_cache' from command line to 'False'
[2.097s] Level 5:colcon.colcon_core.verb:set package 'py_hello_word' build argument 'cmake_clean_first' from command line to 'False'
[2.097s] Level 5:colcon.colcon_core.verb:set package 'py_hello_word' build argument 'cmake_force_configure' from command line to 'False'
[2.098s] Level 5:colcon.colcon_core.verb:set package 'py_hello_word' build argument 'ament_cmake_args' from command line to 'None'
[2.098s] Level 5:colcon.colcon_core.verb:set package 'py_hello_word' build argument 'catkin_cmake_args' from command line to 'None'
[2.098s] Level 5:colcon.colcon_core.verb:set package 'py_hello_word' build argument 'catkin_skip_building_tests' from command line to 'False'
[2.098s] DEBUG:colcon.colcon_core.verb:Building package 'py_hello_word' with the following arguments: {'ament_cmake_args': None, 'build_base': '/root/ros2_ws/build/py_hello_word', 'catkin_cmake_args': None, 'catkin_skip_building_tests': False, 'cmake_args': None, 'cmake_clean_cache': False, 'cmake_clean_first': False, 'cmake_force_configure': False, 'cmake_target': None, 'cmake_target_skip_unavailable': False, 'install_base': '/root/ros2_ws/install/py_hello_word', 'merge_install': False, 'path': '/root/ros2_ws/src/py_hello_word', 'symlink_install': False, 'test_result_base': None}
[2.099s] Level 5:colcon.colcon_core.verb:set package 'two_wheeled_robot' build argument 'cmake_args' from command line to 'None'
[2.099s] Level 5:colcon.colcon_core.verb:set package 'two_wheeled_robot' build argument 'cmake_target' from command line to 'None'
[2.100s] Level 5:colcon.colcon_core.verb:set package 'two_wheeled_robot' build argument 'cmake_target_skip_unavailable' from command line to 'False'
[2.100s] Level 5:colcon.colcon_core.verb:set package 'two_wheeled_robot' build argument 'cmake_clean_cache' from command line to 'False'
[2.100s] Level 5:colcon.colcon_core.verb:set package 'two_wheeled_robot' build argument 'cmake_clean_first' from command line to 'False'
[2.100s] Level 5:colcon.colcon_core.verb:set package 'two_wheeled_robot' build argument 'cmake_force_configure' from command line to 'False'
[2.100s] Level 5:colcon.colcon_core.verb:set package 'two_wheeled_robot' build argument 'ament_cmake_args' from command line to 'None'
[2.100s] Level 5:colcon.colcon_core.verb:set package 'two_wheeled_robot' build argument 'catkin_cmake_args' from command line to 'None'
[2.100s] Level 5:colcon.colcon_core.verb:set package 'two_wheeled_robot' build argument 'catkin_skip_building_tests' from command line to 'False'
[2.100s] DEBUG:colcon.colcon_core.verb:Building package 'two_wheeled_robot' with the following arguments: {'ament_cmake_args': None, 'build_base': '/root/ros2_ws/build/two_wheeled_robot', 'catkin_cmake_args': None, 'catkin_skip_building_tests': False, 'cmake_args': None, 'cmake_clean_cache': False, 'cmake_clean_first': False, 'cmake_force_configure': False, 'cmake_target': None, 'cmake_target_skip_unavailable': False, 'install_base': '/root/ros2_ws/install/two_wheeled_robot', 'merge_install': False, 'path': '/root/ros2_ws/src/two_wheeled_robot', 'symlink_install': False, 'test_result_base': None}
[2.101s] INFO:colcon.colcon_core.executor:Executing jobs using 'parallel' executor
[2.104s] DEBUG:colcon.colcon_parallel_executor.executor.parallel:run_until_complete
[2.104s] INFO:colcon.colcon_ros.task.ament_python.build:Building ROS package in '/root/ros2_ws/src/ign_ros2_demo' with build type 'ament_python'
[2.105s] Level 1:colcon.colcon_core.shell:create_environment_hook('ign_ros2_demo', 'ament_prefix_path')
[2.114s] INFO:colcon.colcon_core.plugin_system:Skipping extension 'colcon_core.shell.bat': Not used on non-Windows systems
[2.114s] INFO:colcon.colcon_core.shell:Creating environment hook '/root/ros2_ws/install/ign_ros2_demo/share/ign_ros2_demo/hook/ament_prefix_path.ps1'
[2.117s] INFO:colcon.colcon_core.shell:Creating environment descriptor '/root/ros2_ws/install/ign_ros2_demo/share/ign_ros2_demo/hook/ament_prefix_path.dsv'
[2.118s] INFO:colcon.colcon_core.shell:Creating environment hook '/root/ros2_ws/install/ign_ros2_demo/share/ign_ros2_demo/hook/ament_prefix_path.sh'
[2.121s] INFO:colcon.colcon_core.shell:Skip shell extension 'powershell' for command environment: Not usable outside of PowerShell
[2.122s] DEBUG:colcon.colcon_core.shell:Skip shell extension 'dsv' for command environment
[2.137s] INFO:colcon.colcon_ros.task.ament_python.build:Building ROS package in '/root/ros2_ws/src/py_hello_word' with build type 'ament_python'
[2.137s] Level 1:colcon.colcon_core.shell:create_environment_hook('py_hello_word', 'ament_prefix_path')
[2.139s] INFO:colcon.colcon_core.shell:Creating environment hook '/root/ros2_ws/install/py_hello_word/share/py_hello_word/hook/ament_prefix_path.ps1'
[2.141s] INFO:colcon.colcon_core.shell:Creating environment descriptor '/root/ros2_ws/install/py_hello_word/share/py_hello_word/hook/ament_prefix_path.dsv'
[2.144s] INFO:colcon.colcon_core.shell:Creating environment hook '/root/ros2_ws/install/py_hello_word/share/py_hello_word/hook/ament_prefix_path.sh'
[2.147s] INFO:colcon.colcon_core.shell:Skip shell extension 'powershell' for command environment: Not usable outside of PowerShell
[2.147s] DEBUG:colcon.colcon_core.shell:Skip shell extension 'dsv' for command environment
[2.159s] INFO:colcon.colcon_ros.task.ament_python.build:Building ROS package in '/root/ros2_ws/src/two_wheeled_robot' with build type 'ament_python'
[2.160s] Level 1:colcon.colcon_core.shell:create_environment_hook('two_wheeled_robot', 'ament_prefix_path')
[2.161s] INFO:colcon.colcon_core.shell:Creating environment hook '/root/ros2_ws/install/two_wheeled_robot/share/two_wheeled_robot/hook/ament_prefix_path.ps1'
[2.164s] INFO:colcon.colcon_core.shell:Creating environment descriptor '/root/ros2_ws/install/two_wheeled_robot/share/two_wheeled_robot/hook/ament_prefix_path.dsv'
[2.167s] INFO:colcon.colcon_core.shell:Creating environment hook '/root/ros2_ws/install/two_wheeled_robot/share/two_wheeled_robot/hook/ament_prefix_path.sh'
[2.170s] INFO:colcon.colcon_core.shell:Skip shell extension 'powershell' for command environment: Not usable outside of PowerShell
[2.171s] DEBUG:colcon.colcon_core.shell:Skip shell extension 'dsv' for command environment
[3.378s] INFO:colcon.colcon_core.task.python.build:Building Python package in '/root/ros2_ws/src/ign_ros2_demo'
[3.379s] INFO:colcon.colcon_core.shell:Skip shell extension 'powershell' for command environment: Not usable outside of PowerShell
[3.380s] DEBUG:colcon.colcon_core.shell:Skip shell extension 'dsv' for command environment
[4.631s] INFO:colcon.colcon_core.task.python.build:Building Python package in '/root/ros2_ws/src/py_hello_word'
[4.632s] INFO:colcon.colcon_core.shell:Skip shell extension 'powershell' for command environment: Not usable outside of PowerShell
[4.632s] DEBUG:colcon.colcon_core.shell:Skip shell extension 'dsv' for command environment
[5.933s] INFO:colcon.colcon_core.task.python.build:Building Python package in '/root/ros2_ws/src/two_wheeled_robot'
[5.935s] INFO:colcon.colcon_core.shell:Skip shell extension 'powershell' for command environment: Not usable outside of PowerShell
[5.936s] DEBUG:colcon.colcon_core.shell:Skip shell extension 'dsv' for command environment
[8.883s] DEBUG:colcon.colcon_core.event_handler.log_command:Invoking command in '/root/ros2_ws/src/py_hello_word': PYTHONPATH=/root/ros2_ws/build/py_hello_word/prefix_override:/usr/lib/python3/dist-packages/colcon_core/task/python/colcon_distutils_commands:/root/ros2_ws/install/py_hello_word/lib/python3.10/site-packages:${PYTHONPATH} /usr/bin/python3 -W ignore:setup.py install is deprecated -W ignore:easy_install command is deprecated setup.py egg_info --egg-base ../../build/py_hello_word build --build-base /root/ros2_ws/build/py_hello_word/build install --record /root/ros2_ws/build/py_hello_word/install.log --single-version-externally-managed install_data
[8.939s] DEBUG:colcon.colcon_core.event_handler.log_command:Invoking command in '/root/ros2_ws/src/two_wheeled_robot': PYTHONPATH=/root/ros2_ws/build/two_wheeled_robot/prefix_override:/usr/lib/python3/dist-packages/colcon_core/task/python/colcon_distutils_commands:/root/ros2_ws/install/two_wheeled_robot/lib/python3.10/site-packages:${PYTHONPATH} /usr/bin/python3 -W ignore:setup.py install is deprecated -W ignore:easy_install command is deprecated setup.py egg_info --egg-base ../../build/two_wheeled_robot build --build-base /root/ros2_ws/build/two_wheeled_robot/build install --record /root/ros2_ws/build/two_wheeled_robot/install.log --single-version-externally-managed install_data
[9.706s] DEBUG:colcon.colcon_core.event_handler.log_command:Invoking command in '/root/ros2_ws/src/ign_ros2_demo': PYTHONPATH=/root/ros2_ws/build/ign_ros2_demo/prefix_override:/usr/lib/python3/dist-packages/colcon_core/task/python/colcon_distutils_commands:/root/ros2_ws/install/ign_ros2_demo/lib/python3.10/site-packages:${PYTHONPATH} /usr/bin/python3 -W ignore:setup.py install is deprecated -W ignore:easy_install command is deprecated setup.py egg_info --egg-base ../../build/ign_ros2_demo build --build-base /root/ros2_ws/build/ign_ros2_demo/build install --record /root/ros2_ws/build/ign_ros2_demo/install.log --single-version-externally-managed install_data
[11.365s] DEBUG:colcon.colcon_core.event_handler.log_command:Invoked command in '/root/ros2_ws/src/py_hello_word' returned '0': PYTHONPATH=/root/ros2_ws/build/py_hello_word/prefix_override:/usr/lib/python3/dist-packages/colcon_core/task/python/colcon_distutils_commands:/root/ros2_ws/install/py_hello_word/lib/python3.10/site-packages:${PYTHONPATH} /usr/bin/python3 -W ignore:setup.py install is deprecated -W ignore:easy_install command is deprecated setup.py egg_info --egg-base ../../build/py_hello_word build --build-base /root/ros2_ws/build/py_hello_word/build install --record /root/ros2_ws/build/py_hello_word/install.log --single-version-externally-managed install_data
[11.382s] Level 1:colcon.colcon_core.environment:checking '/root/ros2_ws/install/py_hello_word' for CMake module files
[11.387s] Level 1:colcon.colcon_core.environment:checking '/root/ros2_ws/install/py_hello_word' for CMake config files
[11.393s] Level 1:colcon.colcon_core.environment:checking '/root/ros2_ws/install/py_hello_word/lib'
[11.396s] Level 1:colcon.colcon_core.environment:checking '/root/ros2_ws/install/py_hello_word/bin'
[11.401s] Level 1:colcon.colcon_core.environment:checking '/root/ros2_ws/install/py_hello_word/lib/pkgconfig/py_hello_word.pc'
[11.405s] Level 1:colcon.colcon_core.environment:checking '/root/ros2_ws/install/py_hello_word/lib/python3.10/site-packages'
[11.405s] Level 1:colcon.colcon_core.shell:create_environment_hook('py_hello_word', 'pythonpath')
[11.408s] INFO:colcon.colcon_core.shell:Creating environment hook '/root/ros2_ws/install/py_hello_word/share/py_hello_word/hook/pythonpath.ps1'
[11.412s] INFO:colcon.colcon_core.shell:Creating environment descriptor '/root/ros2_ws/install/py_hello_word/share/py_hello_word/hook/pythonpath.dsv'
[11.420s] INFO:colcon.colcon_core.shell:Creating environment hook '/root/ros2_ws/install/py_hello_word/share/py_hello_word/hook/pythonpath.sh'
[11.426s] Level 1:colcon.colcon_core.environment:checking '/root/ros2_ws/install/py_hello_word/bin'
[11.426s] Level 1:colcon.colcon_core.environment:create_environment_scripts_only(py_hello_word)
[11.431s] INFO:colcon.colcon_core.shell:Creating package script '/root/ros2_ws/install/py_hello_word/share/py_hello_word/package.ps1'
[11.442s] INFO:colcon.colcon_core.shell:Creating package descriptor '/root/ros2_ws/install/py_hello_word/share/py_hello_word/package.dsv'
[11.448s] INFO:colcon.colcon_core.shell:Creating package script '/root/ros2_ws/install/py_hello_word/share/py_hello_word/package.sh'
[11.456s] INFO:colcon.colcon_core.shell:Creating package script '/root/ros2_ws/install/py_hello_word/share/py_hello_word/package.bash'
[11.462s] INFO:colcon.colcon_core.shell:Creating package script '/root/ros2_ws/install/py_hello_word/share/py_hello_word/package.zsh'
[11.472s] Level 1:colcon.colcon_core.environment:create_file_with_runtime_dependencies(/root/ros2_ws/install/py_hello_word/share/colcon-core/packages/py_hello_word)
[11.565s] Level 1:colcon.colcon_core.environment:checking '/root/ros2_ws/install/two_wheeled_robot' for CMake module files
[11.568s] DEBUG:colcon.colcon_core.event_handler.log_command:Invoked command in '/root/ros2_ws/src/two_wheeled_robot' returned '0': PYTHONPATH=/root/ros2_ws/build/two_wheeled_robot/prefix_override:/usr/lib/python3/dist-packages/colcon_core/task/python/colcon_distutils_commands:/root/ros2_ws/install/two_wheeled_robot/lib/python3.10/site-packages:${PYTHONPATH} /usr/bin/python3 -W ignore:setup.py install is deprecated -W ignore:easy_install command is deprecated setup.py egg_info --egg-base ../../build/two_wheeled_robot build --build-base /root/ros2_ws/build/two_wheeled_robot/build install --record /root/ros2_ws/build/two_wheeled_robot/install.log --single-version-externally-managed install_data
[11.571s] Level 1:colcon.colcon_core.environment:checking '/root/ros2_ws/install/two_wheeled_robot' for CMake config files
[11.576s] Level 1:colcon.colcon_core.environment:checking '/root/ros2_ws/install/two_wheeled_robot/lib'
[11.577s] Level 1:colcon.colcon_core.environment:checking '/root/ros2_ws/install/two_wheeled_robot/bin'
[11.577s] Level 1:colcon.colcon_core.environment:checking '/root/ros2_ws/install/two_wheeled_robot/lib/pkgconfig/two_wheeled_robot.pc'
[11.579s] Level 1:colcon.colcon_core.environment:checking '/root/ros2_ws/install/two_wheeled_robot/lib/python3.10/site-packages'
[11.579s] Level 1:colcon.colcon_core.shell:create_environment_hook('two_wheeled_robot', 'pythonpath')
[11.580s] INFO:colcon.colcon_core.shell:Creating environment hook '/root/ros2_ws/install/two_wheeled_robot/share/two_wheeled_robot/hook/pythonpath.ps1'
[11.583s] INFO:colcon.colcon_core.shell:Creating environment descriptor '/root/ros2_ws/install/two_wheeled_robot/share/two_wheeled_robot/hook/pythonpath.dsv'
[11.589s] INFO:colcon.colcon_core.shell:Creating environment hook '/root/ros2_ws/install/two_wheeled_robot/share/two_wheeled_robot/hook/pythonpath.sh'
[11.594s] Level 1:colcon.colcon_core.environment:checking '/root/ros2_ws/install/two_wheeled_robot/bin'
[11.595s] Level 1:colcon.colcon_core.environment:create_environment_scripts_only(two_wheeled_robot)
[11.597s] INFO:colcon.colcon_core.shell:Creating package script '/root/ros2_ws/install/two_wheeled_robot/share/two_wheeled_robot/package.ps1'
[11.604s] INFO:colcon.colcon_core.shell:Creating package descriptor '/root/ros2_ws/install/two_wheeled_robot/share/two_wheeled_robot/package.dsv'
[11.610s] INFO:colcon.colcon_core.shell:Creating package script '/root/ros2_ws/install/two_wheeled_robot/share/two_wheeled_robot/package.sh'
[11.614s] INFO:colcon.colcon_core.shell:Creating package script '/root/ros2_ws/install/two_wheeled_robot/share/two_wheeled_robot/package.bash'
[11.618s] INFO:colcon.colcon_core.shell:Creating package script '/root/ros2_ws/install/two_wheeled_robot/share/two_wheeled_robot/package.zsh'
[11.622s] Level 1:colcon.colcon_core.environment:create_file_with_runtime_dependencies(/root/ros2_ws/install/two_wheeled_robot/share/colcon-core/packages/two_wheeled_robot)
[12.395s] Level 1:colcon.colcon_core.environment:checking '/root/ros2_ws/install/ign_ros2_demo' for CMake module files
[12.399s] DEBUG:colcon.colcon_core.event_handler.log_command:Invoked command in '/root/ros2_ws/src/ign_ros2_demo' returned '0': PYTHONPATH=/root/ros2_ws/build/ign_ros2_demo/prefix_override:/usr/lib/python3/dist-packages/colcon_core/task/python/colcon_distutils_commands:/root/ros2_ws/install/ign_ros2_demo/lib/python3.10/site-packages:${PYTHONPATH} /usr/bin/python3 -W ignore:setup.py install is deprecated -W ignore:easy_install command is deprecated setup.py egg_info --egg-base ../../build/ign_ros2_demo build --build-base /root/ros2_ws/build/ign_ros2_demo/build install --record /root/ros2_ws/build/ign_ros2_demo/install.log --single-version-externally-managed install_data
[12.401s] Level 1:colcon.colcon_core.environment:checking '/root/ros2_ws/install/ign_ros2_demo' for CMake config files
[12.405s] Level 1:colcon.colcon_core.environment:checking '/root/ros2_ws/install/ign_ros2_demo/lib'
[12.405s] Level 1:colcon.colcon_core.environment:checking '/root/ros2_ws/install/ign_ros2_demo/bin'
[12.406s] Level 1:colcon.colcon_core.environment:checking '/root/ros2_ws/install/ign_ros2_demo/lib/pkgconfig/ign_ros2_demo.pc'
[12.408s] Level 1:colcon.colcon_core.environment:checking '/root/ros2_ws/install/ign_ros2_demo/lib/python3.10/site-packages'
[12.409s] Level 1:colcon.colcon_core.shell:create_environment_hook('ign_ros2_demo', 'pythonpath')
[12.411s] INFO:colcon.colcon_core.shell:Creating environment hook '/root/ros2_ws/install/ign_ros2_demo/share/ign_ros2_demo/hook/pythonpath.ps1'
[12.413s] INFO:colcon.colcon_core.shell:Creating environment descriptor '/root/ros2_ws/install/ign_ros2_demo/share/ign_ros2_demo/hook/pythonpath.dsv'
[12.416s] INFO:colcon.colcon_core.shell:Creating environment hook '/root/ros2_ws/install/ign_ros2_demo/share/ign_ros2_demo/hook/pythonpath.sh'
[12.422s] Level 1:colcon.colcon_core.environment:checking '/root/ros2_ws/install/ign_ros2_demo/bin'
[12.422s] Level 1:colcon.colcon_core.environment:create_environment_scripts_only(ign_ros2_demo)
[12.424s] INFO:colcon.colcon_core.shell:Creating package script '/root/ros2_ws/install/ign_ros2_demo/share/ign_ros2_demo/package.ps1'
[12.428s] INFO:colcon.colcon_core.shell:Creating package descriptor '/root/ros2_ws/install/ign_ros2_demo/share/ign_ros2_demo/package.dsv'
[12.431s] INFO:colcon.colcon_core.shell:Creating package script '/root/ros2_ws/install/ign_ros2_demo/share/ign_ros2_demo/package.sh'
[12.435s] INFO:colcon.colcon_core.shell:Creating package script '/root/ros2_ws/install/ign_ros2_demo/share/ign_ros2_demo/package.bash'
[12.439s] INFO:colcon.colcon_core.shell:Creating package script '/root/ros2_ws/install/ign_ros2_demo/share/ign_ros2_demo/package.zsh'
[12.442s] Level 1:colcon.colcon_core.environment:create_file_with_runtime_dependencies(/root/ros2_ws/install/ign_ros2_demo/share/colcon-core/packages/ign_ros2_demo)
[12.444s] DEBUG:colcon.colcon_parallel_executor.executor.parallel:closing loop
[12.446s] DEBUG:colcon.colcon_parallel_executor.executor.parallel:loop closed
[12.447s] DEBUG:colcon.colcon_parallel_executor.executor.parallel:run_until_complete finished with '0'
[12.447s] DEBUG:colcon.colcon_core.event_reactor:joining thread
[12.487s] INFO:colcon.colcon_core.plugin_system:Skipping extension 'colcon_notification.desktop_notification.terminal_notifier': Not used on non-Darwin systems
[12.487s] INFO:colcon.colcon_core.plugin_system:Skipping extension 'colcon_notification.desktop_notification.win32': Not used on non-Windows systems
[12.488s] INFO:colcon.colcon_notification.desktop_notification:Sending desktop notification using 'notify2'
[12.501s] DEBUG:colcon.colcon_notification.desktop_notification.notify2:Failed to initialize notify2: org.freedesktop.DBus.Error.Spawn.ExecFailed: /usr/bin/dbus-launch terminated abnormally without any error message
[12.504s] DEBUG:colcon.colcon_core.event_reactor:joined thread
[12.508s] INFO:colcon.colcon_core.shell:Creating prefix script '/root/ros2_ws/install/local_setup.ps1'
[12.518s] INFO:colcon.colcon_core.shell:Creating prefix util module '/root/ros2_ws/install/_local_setup_util_ps1.py'
[12.527s] INFO:colcon.colcon_core.shell:Creating prefix chain script '/root/ros2_ws/install/setup.ps1'
[12.536s] INFO:colcon.colcon_core.shell:Creating prefix script '/root/ros2_ws/install/local_setup.sh'
[12.540s] INFO:colcon.colcon_core.shell:Creating prefix util module '/root/ros2_ws/install/_local_setup_util_sh.py'
[12.544s] INFO:colcon.colcon_core.shell:Creating prefix chain script '/root/ros2_ws/install/setup.sh'
[12.553s] INFO:colcon.colcon_core.shell:Creating prefix script '/root/ros2_ws/install/local_setup.bash'
[12.556s] INFO:colcon.colcon_core.shell:Creating prefix chain script '/root/ros2_ws/install/setup.bash'
[12.564s] INFO:colcon.colcon_core.shell:Creating prefix script '/root/ros2_ws/install/local_setup.zsh'
[12.569s] INFO:colcon.colcon_core.shell:Creating prefix chain script '/root/ros2_ws/install/setup.zsh'
