[6.493s] Invoking command in '/root/ros2_ws/src/py_hello_word': PYTHONPATH=/root/ros2_ws/build/py_hello_word/prefix_override:/usr/lib/python3/dist-packages/colcon_core/task/python/colcon_distutils_commands:/root/ros2_ws/install/py_hello_word/lib/python3.10/site-packages:${PYTHONPATH} /usr/bin/python3 -W ignore:setup.py install is deprecated -W ignore:easy_install command is deprecated setup.py egg_info --egg-base ../../build/py_hello_word build --build-base /root/ros2_ws/build/py_hello_word/build install --record /root/ros2_ws/build/py_hello_word/install.log --single-version-externally-managed install_data
[8.014s] running egg_info
[8.017s] writing ../../build/py_hello_word/py_hello_word.egg-info/PKG-INFO
[8.018s] writing dependency_links to ../../build/py_hello_word/py_hello_word.egg-info/dependency_links.txt
[8.019s] writing entry points to ../../build/py_hello_word/py_hello_word.egg-info/entry_points.txt
[8.019s] writing requirements to ../../build/py_hello_word/py_hello_word.egg-info/requires.txt
[8.020s] writing top-level names to ../../build/py_hello_word/py_hello_word.egg-info/top_level.txt
[8.027s] reading manifest file '../../build/py_hello_word/py_hello_word.egg-info/SOURCES.txt'
[8.031s] writing manifest file '../../build/py_hello_word/py_hello_word.egg-info/SOURCES.txt'
[8.032s] running build
[8.032s] running build_py
[8.033s] running install
[8.034s] running install_lib
[8.042s] running install_data
[8.043s] running install_egg_info
[8.050s] removing '/root/ros2_ws/install/py_hello_word/lib/python3.10/site-packages/py_hello_word-0.0.0-py3.10.egg-info' (and everything under it)
[8.051s] Copying ../../build/py_hello_word/py_hello_word.egg-info to /root/ros2_ws/install/py_hello_word/lib/python3.10/site-packages/py_hello_word-0.0.0-py3.10.egg-info
[8.055s] running install_scripts
[8.137s] writing list of installed files to '/root/ros2_ws/build/py_hello_word/install.log'
[8.238s] Invoked command in '/root/ros2_ws/src/py_hello_word' returned '0': PYTHONPATH=/root/ros2_ws/build/py_hello_word/prefix_override:/usr/lib/python3/dist-packages/colcon_core/task/python/colcon_distutils_commands:/root/ros2_ws/install/py_hello_word/lib/python3.10/site-packages:${PYTHONPATH} /usr/bin/python3 -W ignore:setup.py install is deprecated -W ignore:easy_install command is deprecated setup.py egg_info --egg-base ../../build/py_hello_word build --build-base /root/ros2_ws/build/py_hello_word/build install --record /root/ros2_ws/build/py_hello_word/install.log --single-version-externally-managed install_data
