running egg_info
writing ../../build/two_wheeled_robot/two_wheeled_robot.egg-info/PKG-INFO
writing dependency_links to ../../build/two_wheeled_robot/two_wheeled_robot.egg-info/dependency_links.txt
writing entry points to ../../build/two_wheeled_robot/two_wheeled_robot.egg-info/entry_points.txt
writing requirements to ../../build/two_wheeled_robot/two_wheeled_robot.egg-info/requires.txt
writing top-level names to ../../build/two_wheeled_robot/two_wheeled_robot.egg-info/top_level.txt
reading manifest file '../../build/two_wheeled_robot/two_wheeled_robot.egg-info/SOURCES.txt'
writing manifest file '../../build/two_wheeled_robot/two_wheeled_robot.egg-info/SOURCES.txt'
running build
running build_py
running install
running install_lib
running install_data
copying launch/launch_robot.py -> /root/ros2_ws/install/two_wheeled_robot/share/two_wheeled_robot/launch
running install_egg_info
removing '/root/ros2_ws/install/two_wheeled_robot/lib/python3.10/site-packages/two_wheeled_robot-0.0.1-py3.10.egg-info' (and everything under it)
Copying ../../build/two_wheeled_robot/two_wheeled_robot.egg-info to /root/ros2_ws/install/two_wheeled_robot/lib/python3.10/site-packages/two_wheeled_robot-0.0.1-py3.10.egg-info
running install_scripts
Installing balance_controller script to /root/ros2_ws/install/two_wheeled_robot/lib/two_wheeled_robot
writing list of installed files to '/root/ros2_ws/build/two_wheeled_robot/install.log'
