[7.180s] Invoking command in '/root/ros2_ws/src/py_hello_word': PYTHONPATH=/root/ros2_ws/build/py_hello_word/prefix_override:/usr/lib/python3/dist-packages/colcon_core/task/python/colcon_distutils_commands:/root/ros2_ws/install/py_hello_word/lib/python3.10/site-packages:${PYTHONPATH} /usr/bin/python3 -W ignore:setup.py install is deprecated -W ignore:easy_install command is deprecated setup.py egg_info --egg-base ../../build/py_hello_word build --build-base /root/ros2_ws/build/py_hello_word/build install --record /root/ros2_ws/build/py_hello_word/install.log --single-version-externally-managed install_data
[9.240s] running egg_info
[9.245s] writing ../../build/py_hello_word/py_hello_word.egg-info/PKG-INFO
[9.249s] writing dependency_links to ../../build/py_hello_word/py_hello_word.egg-info/dependency_links.txt
[9.250s] writing entry points to ../../build/py_hello_word/py_hello_word.egg-info/entry_points.txt
[9.250s] writing requirements to ../../build/py_hello_word/py_hello_word.egg-info/requires.txt
[9.251s] writing top-level names to ../../build/py_hello_word/py_hello_word.egg-info/top_level.txt
[9.260s] reading manifest file '../../build/py_hello_word/py_hello_word.egg-info/SOURCES.txt'
[9.265s] writing manifest file '../../build/py_hello_word/py_hello_word.egg-info/SOURCES.txt'
[9.266s] running build
[9.267s] running build_py
[9.268s] running install
[9.269s] running install_lib
[9.282s] running install_data
[9.286s] running install_egg_info
[9.294s] removing '/root/ros2_ws/install/py_hello_word/lib/python3.10/site-packages/py_hello_word-0.0.0-py3.10.egg-info' (and everything under it)
[9.297s] Copying ../../build/py_hello_word/py_hello_word.egg-info to /root/ros2_ws/install/py_hello_word/lib/python3.10/site-packages/py_hello_word-0.0.0-py3.10.egg-info
[9.312s] running install_scripts
[9.486s] writing list of installed files to '/root/ros2_ws/build/py_hello_word/install.log'
[9.657s] Invoked command in '/root/ros2_ws/src/py_hello_word' returned '0': PYTHONPATH=/root/ros2_ws/build/py_hello_word/prefix_override:/usr/lib/python3/dist-packages/colcon_core/task/python/colcon_distutils_commands:/root/ros2_ws/install/py_hello_word/lib/python3.10/site-packages:${PYTHONPATH} /usr/bin/python3 -W ignore:setup.py install is deprecated -W ignore:easy_install command is deprecated setup.py egg_info --egg-base ../../build/py_hello_word build --build-base /root/ros2_ws/build/py_hello_word/build install --record /root/ros2_ws/build/py_hello_word/install.log --single-version-externally-managed install_data
