[6.358s] Invoking command in '/root/ros2_ws/src/two_wheeled_robot': PYTHONPATH=/root/ros2_ws/build/two_wheeled_robot/prefix_override:/usr/lib/python3/dist-packages/colcon_core/task/python/colcon_distutils_commands:/root/ros2_ws/install/two_wheeled_robot/lib/python3.10/site-packages:${PYTHONPATH} /usr/bin/python3 -W ignore:setup.py install is deprecated -W ignore:easy_install command is deprecated setup.py egg_info --egg-base ../../build/two_wheeled_robot build --build-base /root/ros2_ws/build/two_wheeled_robot/build install --record /root/ros2_ws/build/two_wheeled_robot/install.log --single-version-externally-managed install_data
[7.730s] running egg_info
[7.732s] writing ../../build/two_wheeled_robot/two_wheeled_robot.egg-info/PKG-INFO
[7.734s] writing dependency_links to ../../build/two_wheeled_robot/two_wheeled_robot.egg-info/dependency_links.txt
[7.735s] writing entry points to ../../build/two_wheeled_robot/two_wheeled_robot.egg-info/entry_points.txt
[7.736s] writing requirements to ../../build/two_wheeled_robot/two_wheeled_robot.egg-info/requires.txt
[7.737s] writing top-level names to ../../build/two_wheeled_robot/two_wheeled_robot.egg-info/top_level.txt
[7.744s] reading manifest file '../../build/two_wheeled_robot/two_wheeled_robot.egg-info/SOURCES.txt'
[7.751s] writing manifest file '../../build/two_wheeled_robot/two_wheeled_robot.egg-info/SOURCES.txt'
[7.752s] running build
[7.752s] running build_py
[7.754s] copying two_wheeled_robot/obstacle_avoidance.py -> /root/ros2_ws/build/two_wheeled_robot/build/lib/two_wheeled_robot
[7.761s] running install
[7.762s] running install_lib
[7.767s] copying /root/ros2_ws/build/two_wheeled_robot/build/lib/two_wheeled_robot/obstacle_avoidance.py -> /root/ros2_ws/install/two_wheeled_robot/lib/python3.10/site-packages/two_wheeled_robot
[7.769s] byte-compiling /root/ros2_ws/install/two_wheeled_robot/lib/python3.10/site-packages/two_wheeled_robot/obstacle_avoidance.py to obstacle_avoidance.cpython-310.pyc
[7.779s] running install_data
[7.780s] running install_egg_info
[7.787s] removing '/root/ros2_ws/install/two_wheeled_robot/lib/python3.10/site-packages/two_wheeled_robot-0.0.1-py3.10.egg-info' (and everything under it)
[7.788s] Copying ../../build/two_wheeled_robot/two_wheeled_robot.egg-info to /root/ros2_ws/install/two_wheeled_robot/lib/python3.10/site-packages/two_wheeled_robot-0.0.1-py3.10.egg-info
[7.793s] running install_scripts
[7.885s] Installing balance_controller script to /root/ros2_ws/install/two_wheeled_robot/lib/two_wheeled_robot
[7.887s] Installing keyboard_control script to /root/ros2_ws/install/two_wheeled_robot/lib/two_wheeled_robot
[7.887s] Installing obstacle_avoidance script to /root/ros2_ws/install/two_wheeled_robot/lib/two_wheeled_robot
[7.889s] writing list of installed files to '/root/ros2_ws/build/two_wheeled_robot/install.log'
[8.031s] Invoked command in '/root/ros2_ws/src/two_wheeled_robot' returned '0': PYTHONPATH=/root/ros2_ws/build/two_wheeled_robot/prefix_override:/usr/lib/python3/dist-packages/colcon_core/task/python/colcon_distutils_commands:/root/ros2_ws/install/two_wheeled_robot/lib/python3.10/site-packages:${PYTHONPATH} /usr/bin/python3 -W ignore:setup.py install is deprecated -W ignore:easy_install command is deprecated setup.py egg_info --egg-base ../../build/two_wheeled_robot build --build-base /root/ros2_ws/build/two_wheeled_robot/build install --record /root/ros2_ws/build/two_wheeled_robot/install.log --single-version-externally-managed install_data
