[2.386s] Invoking command in '/root/ros2_ws/src/py_hello_word': PYTHONPATH=/root/ros2_ws/build/py_hello_word/prefix_override:/usr/lib/python3/dist-packages/colcon_core/task/python/colcon_distutils_commands:/root/ros2_ws/install/py_hello_word/lib/python3.10/site-packages:${PYTHONPATH} /usr/bin/python3 -W ignore:setup.py install is deprecated -W ignore:easy_install command is deprecated setup.py egg_info --egg-base ../../build/py_hello_word build --build-base /root/ros2_ws/build/py_hello_word/build install --record /root/ros2_ws/build/py_hello_word/install.log --single-version-externally-managed install_data
[2.952s] running egg_info
[2.953s] writing ../../build/py_hello_word/py_hello_word.egg-info/PKG-INFO
[2.954s] writing dependency_links to ../../build/py_hello_word/py_hello_word.egg-info/dependency_links.txt
[2.954s] writing entry points to ../../build/py_hello_word/py_hello_word.egg-info/entry_points.txt
[2.954s] writing requirements to ../../build/py_hello_word/py_hello_word.egg-info/requires.txt
[2.955s] writing top-level names to ../../build/py_hello_word/py_hello_word.egg-info/top_level.txt
[2.958s] reading manifest file '../../build/py_hello_word/py_hello_word.egg-info/SOURCES.txt'
[2.960s] writing manifest file '../../build/py_hello_word/py_hello_word.egg-info/SOURCES.txt'
[2.960s] running build
[2.960s] running build_py
[2.961s] running install
[2.962s] running install_lib
[2.965s] running install_data
[2.965s] running install_egg_info
[2.968s] removing '/root/ros2_ws/install/py_hello_word/lib/python3.10/site-packages/py_hello_word-0.0.0-py3.10.egg-info' (and everything under it)
[2.969s] Copying ../../build/py_hello_word/py_hello_word.egg-info to /root/ros2_ws/install/py_hello_word/lib/python3.10/site-packages/py_hello_word-0.0.0-py3.10.egg-info
[2.971s] running install_scripts
[3.006s] writing list of installed files to '/root/ros2_ws/build/py_hello_word/install.log'
[3.050s] Invoked command in '/root/ros2_ws/src/py_hello_word' returned '0': PYTHONPATH=/root/ros2_ws/build/py_hello_word/prefix_override:/usr/lib/python3/dist-packages/colcon_core/task/python/colcon_distutils_commands:/root/ros2_ws/install/py_hello_word/lib/python3.10/site-packages:${PYTHONPATH} /usr/bin/python3 -W ignore:setup.py install is deprecated -W ignore:easy_install command is deprecated setup.py egg_info --egg-base ../../build/py_hello_word build --build-base /root/ros2_ws/build/py_hello_word/build install --record /root/ros2_ws/build/py_hello_word/install.log --single-version-externally-managed install_data
