[2.639s] Invoking command in '/root/ros2_ws/src/py_hello_word': PYTHONPATH=/root/ros2_ws/build/py_hello_word/prefix_override:/usr/lib/python3/dist-packages/colcon_core/task/python/colcon_distutils_commands:/root/ros2_ws/install/py_hello_word/lib/python3.10/site-packages:${PYTHONPATH} /usr/bin/python3 -W ignore:setup.py install is deprecated -W ignore:easy_install command is deprecated setup.py egg_info --egg-base ../../build/py_hello_word build --build-base /root/ros2_ws/build/py_hello_word/build install --record /root/ros2_ws/build/py_hello_word/install.log --single-version-externally-managed install_data
[3.263s] running egg_info
[3.267s] writing ../../build/py_hello_word/py_hello_word.egg-info/PKG-INFO
[3.267s] writing dependency_links to ../../build/py_hello_word/py_hello_word.egg-info/dependency_links.txt
[3.267s] writing entry points to ../../build/py_hello_word/py_hello_word.egg-info/entry_points.txt
[3.268s] writing requirements to ../../build/py_hello_word/py_hello_word.egg-info/requires.txt
[3.268s] writing top-level names to ../../build/py_hello_word/py_hello_word.egg-info/top_level.txt
[3.270s] reading manifest file '../../build/py_hello_word/py_hello_word.egg-info/SOURCES.txt'
[3.272s] writing manifest file '../../build/py_hello_word/py_hello_word.egg-info/SOURCES.txt'
[3.272s] running build
[3.273s] running build_py
[3.273s] running install
[3.273s] running install_lib
[3.276s] running install_data
[3.277s] running install_egg_info
[3.284s] removing '/root/ros2_ws/install/py_hello_word/lib/python3.10/site-packages/py_hello_word-0.0.0-py3.10.egg-info' (and everything under it)
[3.284s] Copying ../../build/py_hello_word/py_hello_word.egg-info to /root/ros2_ws/install/py_hello_word/lib/python3.10/site-packages/py_hello_word-0.0.0-py3.10.egg-info
[3.284s] running install_scripts
[3.323s] writing list of installed files to '/root/ros2_ws/build/py_hello_word/install.log'
[3.377s] Invoked command in '/root/ros2_ws/src/py_hello_word' returned '0': PYTHONPATH=/root/ros2_ws/build/py_hello_word/prefix_override:/usr/lib/python3/dist-packages/colcon_core/task/python/colcon_distutils_commands:/root/ros2_ws/install/py_hello_word/lib/python3.10/site-packages:${PYTHONPATH} /usr/bin/python3 -W ignore:setup.py install is deprecated -W ignore:easy_install command is deprecated setup.py egg_info --egg-base ../../build/py_hello_word build --build-base /root/ros2_ws/build/py_hello_word/build install --record /root/ros2_ws/build/py_hello_word/install.log --single-version-externally-managed install_data
