[7.032s] Invoking command in '/root/ros2_ws/src/py_hello_word': PYTHONPATH=/root/ros2_ws/build/py_hello_word/prefix_override:/usr/lib/python3/dist-packages/colcon_core/task/python/colcon_distutils_commands:/root/ros2_ws/install/py_hello_word/lib/python3.10/site-packages:${PYTHONPATH} /usr/bin/python3 -W ignore:setup.py install is deprecated -W ignore:easy_install command is deprecated setup.py egg_info --egg-base ../../build/py_hello_word build --build-base /root/ros2_ws/build/py_hello_word/build install --record /root/ros2_ws/build/py_hello_word/install.log --single-version-externally-managed install_data
[9.166s] running egg_info
[9.171s] writing ../../build/py_hello_word/py_hello_word.egg-info/PKG-INFO
[9.173s] writing dependency_links to ../../build/py_hello_word/py_hello_word.egg-info/dependency_links.txt
[9.174s] writing entry points to ../../build/py_hello_word/py_hello_word.egg-info/entry_points.txt
[9.175s] writing requirements to ../../build/py_hello_word/py_hello_word.egg-info/requires.txt
[9.176s] writing top-level names to ../../build/py_hello_word/py_hello_word.egg-info/top_level.txt
[9.190s] reading manifest file '../../build/py_hello_word/py_hello_word.egg-info/SOURCES.txt'
[9.199s] writing manifest file '../../build/py_hello_word/py_hello_word.egg-info/SOURCES.txt'
[9.200s] running build
[9.201s] running build_py
[9.202s] running install
[9.205s] running install_lib
[9.221s] running install_data
[9.222s] running install_egg_info
[9.239s] removing '/root/ros2_ws/install/py_hello_word/lib/python3.10/site-packages/py_hello_word-0.0.0-py3.10.egg-info' (and everything under it)
[9.243s] Copying ../../build/py_hello_word/py_hello_word.egg-info to /root/ros2_ws/install/py_hello_word/lib/python3.10/site-packages/py_hello_word-0.0.0-py3.10.egg-info
[9.250s] running install_scripts
[9.461s] writing list of installed files to '/root/ros2_ws/build/py_hello_word/install.log'
[9.645s] Invoked command in '/root/ros2_ws/src/py_hello_word' returned '0': PYTHONPATH=/root/ros2_ws/build/py_hello_word/prefix_override:/usr/lib/python3/dist-packages/colcon_core/task/python/colcon_distutils_commands:/root/ros2_ws/install/py_hello_word/lib/python3.10/site-packages:${PYTHONPATH} /usr/bin/python3 -W ignore:setup.py install is deprecated -W ignore:easy_install command is deprecated setup.py egg_info --egg-base ../../build/py_hello_word build --build-base /root/ros2_ws/build/py_hello_word/build install --record /root/ros2_ws/build/py_hello_word/install.log --single-version-externally-managed install_data
