[6.866s] Invoking command in '/root/ros2_ws/src/two_wheeled_robot': PYTHONPATH=/root/ros2_ws/build/two_wheeled_robot/prefix_override:/usr/lib/python3/dist-packages/colcon_core/task/python/colcon_distutils_commands:/root/ros2_ws/install/two_wheeled_robot/lib/python3.10/site-packages:${PYTHONPATH} /usr/bin/python3 -W ignore:setup.py install is deprecated -W ignore:easy_install command is deprecated setup.py egg_info --egg-base ../../build/two_wheeled_robot build --build-base /root/ros2_ws/build/two_wheeled_robot/build install --record /root/ros2_ws/build/two_wheeled_robot/install.log --single-version-externally-managed install_data
[8.283s] running egg_info
[8.286s] writing ../../build/two_wheeled_robot/two_wheeled_robot.egg-info/PKG-INFO
[8.287s] writing dependency_links to ../../build/two_wheeled_robot/two_wheeled_robot.egg-info/dependency_links.txt
[8.289s] writing entry points to ../../build/two_wheeled_robot/two_wheeled_robot.egg-info/entry_points.txt
[8.290s] writing requirements to ../../build/two_wheeled_robot/two_wheeled_robot.egg-info/requires.txt
[8.290s] writing top-level names to ../../build/two_wheeled_robot/two_wheeled_robot.egg-info/top_level.txt
[8.298s] reading manifest file '../../build/two_wheeled_robot/two_wheeled_robot.egg-info/SOURCES.txt'
[8.302s] writing manifest file '../../build/two_wheeled_robot/two_wheeled_robot.egg-info/SOURCES.txt'
[8.303s] running build
[8.304s] running build_py
[8.305s] copying two_wheeled_robot/balance_controller.py -> /root/ros2_ws/build/two_wheeled_robot/build/lib/two_wheeled_robot
[8.306s] copying two_wheeled_robot/obstacle_avoidance.py -> /root/ros2_ws/build/two_wheeled_robot/build/lib/two_wheeled_robot
[8.306s] running install
[8.308s] running install_lib
[8.317s] copying /root/ros2_ws/build/two_wheeled_robot/build/lib/two_wheeled_robot/balance_controller.py -> /root/ros2_ws/install/two_wheeled_robot/lib/python3.10/site-packages/two_wheeled_robot
[8.318s] copying /root/ros2_ws/build/two_wheeled_robot/build/lib/two_wheeled_robot/obstacle_avoidance.py -> /root/ros2_ws/install/two_wheeled_robot/lib/python3.10/site-packages/two_wheeled_robot
[8.320s] byte-compiling /root/ros2_ws/install/two_wheeled_robot/lib/python3.10/site-packages/two_wheeled_robot/balance_controller.py to balance_controller.cpython-310.pyc
[8.329s] byte-compiling /root/ros2_ws/install/two_wheeled_robot/lib/python3.10/site-packages/two_wheeled_robot/obstacle_avoidance.py to obstacle_avoidance.cpython-310.pyc
[8.335s] running install_data
[8.336s] copying urdf/robot.urdf -> /root/ros2_ws/install/two_wheeled_robot/share/two_wheeled_robot/urdf
[8.337s] running install_egg_info
[8.345s] removing '/root/ros2_ws/install/two_wheeled_robot/lib/python3.10/site-packages/two_wheeled_robot-0.0.1-py3.10.egg-info' (and everything under it)
[8.346s] Copying ../../build/two_wheeled_robot/two_wheeled_robot.egg-info to /root/ros2_ws/install/two_wheeled_robot/lib/python3.10/site-packages/two_wheeled_robot-0.0.1-py3.10.egg-info
[8.350s] running install_scripts
[8.451s] Installing balance_controller script to /root/ros2_ws/install/two_wheeled_robot/lib/two_wheeled_robot
[8.452s] Installing keyboard_control script to /root/ros2_ws/install/two_wheeled_robot/lib/two_wheeled_robot
[8.453s] Installing obstacle_avoidance script to /root/ros2_ws/install/two_wheeled_robot/lib/two_wheeled_robot
[8.455s] writing list of installed files to '/root/ros2_ws/build/two_wheeled_robot/install.log'
[8.572s] Invoked command in '/root/ros2_ws/src/two_wheeled_robot' returned '0': PYTHONPATH=/root/ros2_ws/build/two_wheeled_robot/prefix_override:/usr/lib/python3/dist-packages/colcon_core/task/python/colcon_distutils_commands:/root/ros2_ws/install/two_wheeled_robot/lib/python3.10/site-packages:${PYTHONPATH} /usr/bin/python3 -W ignore:setup.py install is deprecated -W ignore:easy_install command is deprecated setup.py egg_info --egg-base ../../build/two_wheeled_robot build --build-base /root/ros2_ws/build/two_wheeled_robot/build install --record /root/ros2_ws/build/two_wheeled_robot/install.log --single-version-externally-managed install_data
