[7.277s] Invoking command in '/root/ros2_ws/src/py_hello_word': PYTHONPATH=/root/ros2_ws/build/py_hello_word/prefix_override:/usr/lib/python3/dist-packages/colcon_core/task/python/colcon_distutils_commands:/root/ros2_ws/install/py_hello_word/lib/python3.10/site-packages:${PYTHONPATH} /usr/bin/python3 -W ignore:setup.py install is deprecated -W ignore:easy_install command is deprecated setup.py egg_info --egg-base ../../build/py_hello_word build --build-base /root/ros2_ws/build/py_hello_word/build install --record /root/ros2_ws/build/py_hello_word/install.log --single-version-externally-managed install_data
[10.633s] running egg_info
[10.640s] writing ../../build/py_hello_word/py_hello_word.egg-info/PKG-INFO
[10.650s] writing dependency_links to ../../build/py_hello_word/py_hello_word.egg-info/dependency_links.txt
[10.651s] writing entry points to ../../build/py_hello_word/py_hello_word.egg-info/entry_points.txt
[10.651s] writing requirements to ../../build/py_hello_word/py_hello_word.egg-info/requires.txt
[10.652s] writing top-level names to ../../build/py_hello_word/py_hello_word.egg-info/top_level.txt
[10.666s] reading manifest file '../../build/py_hello_word/py_hello_word.egg-info/SOURCES.txt'
[10.677s] writing manifest file '../../build/py_hello_word/py_hello_word.egg-info/SOURCES.txt'
[10.678s] running build
[10.681s] running build_py
[10.682s] running install
[10.690s] running install_lib
[10.701s] running install_data
[10.703s] running install_egg_info
[10.729s] removing '/root/ros2_ws/install/py_hello_word/lib/python3.10/site-packages/py_hello_word-0.0.0-py3.10.egg-info' (and everything under it)
[10.731s] Copying ../../build/py_hello_word/py_hello_word.egg-info to /root/ros2_ws/install/py_hello_word/lib/python3.10/site-packages/py_hello_word-0.0.0-py3.10.egg-info
[10.748s] running install_scripts
[10.994s] writing list of installed files to '/root/ros2_ws/build/py_hello_word/install.log'
[11.127s] Invoked command in '/root/ros2_ws/src/py_hello_word' returned '0': PYTHONPATH=/root/ros2_ws/build/py_hello_word/prefix_override:/usr/lib/python3/dist-packages/colcon_core/task/python/colcon_distutils_commands:/root/ros2_ws/install/py_hello_word/lib/python3.10/site-packages:${PYTHONPATH} /usr/bin/python3 -W ignore:setup.py install is deprecated -W ignore:easy_install command is deprecated setup.py egg_info --egg-base ../../build/py_hello_word build --build-base /root/ros2_ws/build/py_hello_word/build install --record /root/ros2_ws/build/py_hello_word/install.log --single-version-externally-managed install_data
