[6.812s] Invoking command in '/root/ros2_ws/src/two_wheeled_robot': PYTHONPATH=/root/ros2_ws/build/two_wheeled_robot/prefix_override:/usr/lib/python3/dist-packages/colcon_core/task/python/colcon_distutils_commands:/root/ros2_ws/install/two_wheeled_robot/lib/python3.10/site-packages:${PYTHONPATH} /usr/bin/python3 -W ignore:setup.py install is deprecated -W ignore:easy_install command is deprecated setup.py egg_info --egg-base ../../build/two_wheeled_robot build --build-base /root/ros2_ws/build/two_wheeled_robot/build install --record /root/ros2_ws/build/two_wheeled_robot/install.log --single-version-externally-managed install_data
[8.801s] running egg_info
[8.804s] writing ../../build/two_wheeled_robot/two_wheeled_robot.egg-info/PKG-INFO
[8.805s] writing dependency_links to ../../build/two_wheeled_robot/two_wheeled_robot.egg-info/dependency_links.txt
[8.805s] writing entry points to ../../build/two_wheeled_robot/two_wheeled_robot.egg-info/entry_points.txt
[8.806s] writing requirements to ../../build/two_wheeled_robot/two_wheeled_robot.egg-info/requires.txt
[8.806s] writing top-level names to ../../build/two_wheeled_robot/two_wheeled_robot.egg-info/top_level.txt
[8.813s] reading manifest file '../../build/two_wheeled_robot/two_wheeled_robot.egg-info/SOURCES.txt'
[8.817s] writing manifest file '../../build/two_wheeled_robot/two_wheeled_robot.egg-info/SOURCES.txt'
[8.818s] running build
[8.818s] running build_py
[8.818s] copying two_wheeled_robot/balance_controller.py -> /root/ros2_ws/build/two_wheeled_robot/build/lib/two_wheeled_robot
[8.819s] copying two_wheeled_robot/obstacle_avoidance.py -> /root/ros2_ws/build/two_wheeled_robot/build/lib/two_wheeled_robot
[8.820s] running install
[8.821s] running install_lib
[8.827s] copying /root/ros2_ws/build/two_wheeled_robot/build/lib/two_wheeled_robot/balance_controller.py -> /root/ros2_ws/install/two_wheeled_robot/lib/python3.10/site-packages/two_wheeled_robot
[8.828s] copying /root/ros2_ws/build/two_wheeled_robot/build/lib/two_wheeled_robot/obstacle_avoidance.py -> /root/ros2_ws/install/two_wheeled_robot/lib/python3.10/site-packages/two_wheeled_robot
[8.830s] byte-compiling /root/ros2_ws/install/two_wheeled_robot/lib/python3.10/site-packages/two_wheeled_robot/balance_controller.py to balance_controller.cpython-310.pyc
[8.837s] byte-compiling /root/ros2_ws/install/two_wheeled_robot/lib/python3.10/site-packages/two_wheeled_robot/obstacle_avoidance.py to obstacle_avoidance.cpython-310.pyc
[8.842s] running install_data
[8.843s] running install_egg_info
[8.850s] removing '/root/ros2_ws/install/two_wheeled_robot/lib/python3.10/site-packages/two_wheeled_robot-0.0.1-py3.10.egg-info' (and everything under it)
[8.851s] Copying ../../build/two_wheeled_robot/two_wheeled_robot.egg-info to /root/ros2_ws/install/two_wheeled_robot/lib/python3.10/site-packages/two_wheeled_robot-0.0.1-py3.10.egg-info
[8.854s] running install_scripts
[8.938s] Installing balance_controller script to /root/ros2_ws/install/two_wheeled_robot/lib/two_wheeled_robot
[8.939s] Installing keyboard_control script to /root/ros2_ws/install/two_wheeled_robot/lib/two_wheeled_robot
[8.939s] Installing obstacle_avoidance script to /root/ros2_ws/install/two_wheeled_robot/lib/two_wheeled_robot
[8.941s] writing list of installed files to '/root/ros2_ws/build/two_wheeled_robot/install.log'
[9.044s] Invoked command in '/root/ros2_ws/src/two_wheeled_robot' returned '0': PYTHONPATH=/root/ros2_ws/build/two_wheeled_robot/prefix_override:/usr/lib/python3/dist-packages/colcon_core/task/python/colcon_distutils_commands:/root/ros2_ws/install/two_wheeled_robot/lib/python3.10/site-packages:${PYTHONPATH} /usr/bin/python3 -W ignore:setup.py install is deprecated -W ignore:easy_install command is deprecated setup.py egg_info --egg-base ../../build/two_wheeled_robot build --build-base /root/ros2_ws/build/two_wheeled_robot/build install --record /root/ros2_ws/build/two_wheeled_robot/install.log --single-version-externally-managed install_data
