[2.272s] Invoking command in '/root/ros2_ws/src/ign_ros2_demo': PYTHONPATH=/root/ros2_ws/build/ign_ros2_demo/prefix_override:/usr/lib/python3/dist-packages/colcon_core/task/python/colcon_distutils_commands:/root/ros2_ws/install/ign_ros2_demo/lib/python3.10/site-packages:${PYTHONPATH} /usr/bin/python3 -W ignore:setup.py install is deprecated -W ignore:easy_install command is deprecated setup.py egg_info --egg-base ../../build/ign_ros2_demo build --build-base /root/ros2_ws/build/ign_ros2_demo/build install --record /root/ros2_ws/build/ign_ros2_demo/install.log --single-version-externally-managed install_data
[2.958s] running egg_info
[2.959s] creating ../../build/ign_ros2_demo/ign_ros2_demo.egg-info
[2.960s] writing ../../build/ign_ros2_demo/ign_ros2_demo.egg-info/PKG-INFO
[2.961s] writing dependency_links to ../../build/ign_ros2_demo/ign_ros2_demo.egg-info/dependency_links.txt
[2.961s] writing entry points to ../../build/ign_ros2_demo/ign_ros2_demo.egg-info/entry_points.txt
[2.962s] writing requirements to ../../build/ign_ros2_demo/ign_ros2_demo.egg-info/requires.txt
[2.962s] writing top-level names to ../../build/ign_ros2_demo/ign_ros2_demo.egg-info/top_level.txt
[2.963s] writing manifest file '../../build/ign_ros2_demo/ign_ros2_demo.egg-info/SOURCES.txt'
[2.967s] reading manifest file '../../build/ign_ros2_demo/ign_ros2_demo.egg-info/SOURCES.txt'
[2.968s] writing manifest file '../../build/ign_ros2_demo/ign_ros2_demo.egg-info/SOURCES.txt'
[2.969s] running build
[2.969s] running build_py
[2.969s] creating /root/ros2_ws/build/ign_ros2_demo/build
[2.970s] creating /root/ros2_ws/build/ign_ros2_demo/build/lib
[2.970s] creating /root/ros2_ws/build/ign_ros2_demo/build/lib/ign_ros2_demo
[2.971s] copying ign_ros2_demo/__init__.py -> /root/ros2_ws/build/ign_ros2_demo/build/lib/ign_ros2_demo
[2.971s] running install
[2.972s] running install_lib
[2.976s] creating /root/ros2_ws/install/ign_ros2_demo/lib/python3.10/site-packages/ign_ros2_demo
[2.977s] copying /root/ros2_ws/build/ign_ros2_demo/build/lib/ign_ros2_demo/__init__.py -> /root/ros2_ws/install/ign_ros2_demo/lib/python3.10/site-packages/ign_ros2_demo
[2.978s] byte-compiling /root/ros2_ws/install/ign_ros2_demo/lib/python3.10/site-packages/ign_ros2_demo/__init__.py to __init__.cpython-310.pyc
[2.978s] running install_data
[2.979s] creating /root/ros2_ws/install/ign_ros2_demo/share/ament_index
[2.979s] creating /root/ros2_ws/install/ign_ros2_demo/share/ament_index/resource_index
[2.980s] creating /root/ros2_ws/install/ign_ros2_demo/share/ament_index/resource_index/packages
[2.980s] copying resource/ign_ros2_demo -> /root/ros2_ws/install/ign_ros2_demo/share/ament_index/resource_index/packages
[2.981s] copying package.xml -> /root/ros2_ws/install/ign_ros2_demo/share/ign_ros2_demo
[2.981s] running install_egg_info
[2.985s] Copying ../../build/ign_ros2_demo/ign_ros2_demo.egg-info to /root/ros2_ws/install/ign_ros2_demo/lib/python3.10/site-packages/ign_ros2_demo-0.0.0-py3.10.egg-info
[2.987s] running install_scripts
[3.040s] writing list of installed files to '/root/ros2_ws/build/ign_ros2_demo/install.log'
[3.116s] Invoked command in '/root/ros2_ws/src/ign_ros2_demo' returned '0': PYTHONPATH=/root/ros2_ws/build/ign_ros2_demo/prefix_override:/usr/lib/python3/dist-packages/colcon_core/task/python/colcon_distutils_commands:/root/ros2_ws/install/ign_ros2_demo/lib/python3.10/site-packages:${PYTHONPATH} /usr/bin/python3 -W ignore:setup.py install is deprecated -W ignore:easy_install command is deprecated setup.py egg_info --egg-base ../../build/ign_ros2_demo build --build-base /root/ros2_ws/build/ign_ros2_demo/build install --record /root/ros2_ws/build/ign_ros2_demo/install.log --single-version-externally-managed install_data
