[0.425s] DEBUG:colcon:Command line arguments: ['/usr/bin/colcon', 'build']
[0.425s] DEBUG:colcon:Parsed command line arguments: Namespace(log_base=None, log_level=None, verb_name='build', build_base='build', install_base='install', merge_install=False, symlink_install=False, test_result_base=None, continue_on_error=False, executor='parallel', parallel_workers=4, event_handlers=None, ignore_user_meta=False, metas=['./colcon.meta'], base_paths=['.'], packages_ignore=None, packages_ignore_regex=None, paths=None, packages_up_to=None, packages_up_to_regex=None, packages_above=None, packages_above_and_dependencies=None, packages_above_depth=None, packages_select_by_dep=None, packages_skip_by_dep=None, packages_skip_up_to=None, packages_select_build_failed=False, packages_skip_build_finished=False, packages_select_test_failures=False, packages_skip_test_passed=False, packages_select=None, packages_skip=None, packages_select_regex=None, packages_skip_regex=None, packages_start=None, packages_end=None, allow_overriding=[], cmake_args=None, cmake_target=None, cmake_target_skip_unavailable=False, cmake_clean_cache=False, cmake_clean_first=False, cmake_force_configure=False, ament_cmake_args=None, catkin_cmake_args=None, catkin_skip_building_tests=False, mixin_files=None, mixin=None, verb_parser=<colcon_mixin.mixin.mixin_argument.MixinArgumentDecorator object at 0x7f434da6e560>, verb_extension=<colcon_core.verb.build.BuildVerb object at 0x7f434da6dff0>, main=<bound method BuildVerb.main of <colcon_core.verb.build.BuildVerb object at 0x7f434da6dff0>>, mixin_verb=('build',))
[1.101s] Level 1:colcon.colcon_core.package_discovery:discover_packages(colcon_meta) check parameters
[1.102s] Level 1:colcon.colcon_core.package_discovery:discover_packages(recursive) check parameters
[1.102s] Level 1:colcon.colcon_core.package_discovery:discover_packages(ignore) check parameters
[1.102s] Level 1:colcon.colcon_core.package_discovery:discover_packages(path) check parameters
[1.102s] Level 1:colcon.colcon_core.package_discovery:discover_packages(colcon_meta) discover
[1.102s] Level 1:colcon.colcon_core.package_discovery:discover_packages(recursive) discover
[1.103s] INFO:colcon.colcon_core.package_discovery:Crawling recursively for packages in '/root/ros2_ws'
[1.103s] Level 1:colcon.colcon_core.package_identification:_identify(.) by extensions ['ignore', 'ignore_ament_install']
[1.103s] Level 1:colcon.colcon_core.package_identification:_identify(.) by extension 'ignore'
[1.103s] Level 1:colcon.colcon_core.package_identification:_identify(.) by extension 'ignore_ament_install'
[1.104s] Level 1:colcon.colcon_core.package_identification:_identify(.) by extensions ['colcon_pkg']
[1.104s] Level 1:colcon.colcon_core.package_identification:_identify(.) by extension 'colcon_pkg'
[1.104s] Level 1:colcon.colcon_core.package_identification:_identify(.) by extensions ['colcon_meta']
[1.104s] Level 1:colcon.colcon_core.package_identification:_identify(.) by extension 'colcon_meta'
[1.104s] Level 1:colcon.colcon_core.package_identification:_identify(.) by extensions ['ros']
[1.104s] Level 1:colcon.colcon_core.package_identification:_identify(.) by extension 'ros'
[1.144s] Level 1:colcon.colcon_core.package_identification:_identify(.) by extensions ['cmake', 'python']
[1.145s] Level 1:colcon.colcon_core.package_identification:_identify(.) by extension 'cmake'
[1.145s] Level 1:colcon.colcon_core.package_identification:_identify(.) by extension 'python'
[1.145s] Level 1:colcon.colcon_core.package_identification:_identify(.) by extensions ['python_setup_py']
[1.145s] Level 1:colcon.colcon_core.package_identification:_identify(.) by extension 'python_setup_py'
[1.146s] Level 1:colcon.colcon_core.package_identification:_identify(build) by extensions ['ignore', 'ignore_ament_install']
[1.146s] Level 1:colcon.colcon_core.package_identification:_identify(build) by extension 'ignore'
[1.146s] Level 1:colcon.colcon_core.package_identification:_identify(build) ignored
[1.147s] Level 1:colcon.colcon_core.package_identification:_identify(install) by extensions ['ignore', 'ignore_ament_install']
[1.147s] Level 1:colcon.colcon_core.package_identification:_identify(install) by extension 'ignore'
[1.147s] Level 1:colcon.colcon_core.package_identification:_identify(install) ignored
[1.147s] Level 1:colcon.colcon_core.package_identification:_identify(log) by extensions ['ignore', 'ignore_ament_install']
[1.148s] Level 1:colcon.colcon_core.package_identification:_identify(log) by extension 'ignore'
[1.148s] Level 1:colcon.colcon_core.package_identification:_identify(log) ignored
[1.148s] Level 1:colcon.colcon_core.package_identification:_identify(src) by extensions ['ignore', 'ignore_ament_install']
[1.148s] Level 1:colcon.colcon_core.package_identification:_identify(src) by extension 'ignore'
[1.149s] Level 1:colcon.colcon_core.package_identification:_identify(src) by extension 'ignore_ament_install'
[1.149s] Level 1:colcon.colcon_core.package_identification:_identify(src) by extensions ['colcon_pkg']
[1.149s] Level 1:colcon.colcon_core.package_identification:_identify(src) by extension 'colcon_pkg'
[1.149s] Level 1:colcon.colcon_core.package_identification:_identify(src) by extensions ['colcon_meta']
[1.149s] Level 1:colcon.colcon_core.package_identification:_identify(src) by extension 'colcon_meta'
[1.150s] Level 1:colcon.colcon_core.package_identification:_identify(src) by extensions ['ros']
[1.150s] Level 1:colcon.colcon_core.package_identification:_identify(src) by extension 'ros'
[1.150s] Level 1:colcon.colcon_core.package_identification:_identify(src) by extensions ['cmake', 'python']
[1.150s] Level 1:colcon.colcon_core.package_identification:_identify(src) by extension 'cmake'
[1.150s] Level 1:colcon.colcon_core.package_identification:_identify(src) by extension 'python'
[1.150s] Level 1:colcon.colcon_core.package_identification:_identify(src) by extensions ['python_setup_py']
[1.150s] Level 1:colcon.colcon_core.package_identification:_identify(src) by extension 'python_setup_py'
[1.151s] Level 1:colcon.colcon_core.package_identification:_identify(src/ign_ros2_demo) by extensions ['ignore', 'ignore_ament_install']
[1.151s] Level 1:colcon.colcon_core.package_identification:_identify(src/ign_ros2_demo) by extension 'ignore'
[1.151s] Level 1:colcon.colcon_core.package_identification:_identify(src/ign_ros2_demo) by extension 'ignore_ament_install'
[1.152s] Level 1:colcon.colcon_core.package_identification:_identify(src/ign_ros2_demo) by extensions ['colcon_pkg']
[1.152s] Level 1:colcon.colcon_core.package_identification:_identify(src/ign_ros2_demo) by extension 'colcon_pkg'
[1.152s] Level 1:colcon.colcon_core.package_identification:_identify(src/ign_ros2_demo) by extensions ['colcon_meta']
[1.152s] Level 1:colcon.colcon_core.package_identification:_identify(src/ign_ros2_demo) by extension 'colcon_meta'
[1.152s] Level 1:colcon.colcon_core.package_identification:_identify(src/ign_ros2_demo) by extensions ['ros']
[1.152s] Level 1:colcon.colcon_core.package_identification:_identify(src/ign_ros2_demo) by extension 'ros'
[1.160s] DEBUG:colcon.colcon_core.package_identification:Package 'src/ign_ros2_demo' with type 'ros.ament_python' and name 'ign_ros2_demo'
[1.161s] Level 1:colcon.colcon_core.package_identification:_identify(src/py_hello_word) by extensions ['ignore', 'ignore_ament_install']
[1.161s] Level 1:colcon.colcon_core.package_identification:_identify(src/py_hello_word) by extension 'ignore'
[1.161s] Level 1:colcon.colcon_core.package_identification:_identify(src/py_hello_word) by extension 'ignore_ament_install'
[1.161s] Level 1:colcon.colcon_core.package_identification:_identify(src/py_hello_word) by extensions ['colcon_pkg']
[1.162s] Level 1:colcon.colcon_core.package_identification:_identify(src/py_hello_word) by extension 'colcon_pkg'
[1.162s] Level 1:colcon.colcon_core.package_identification:_identify(src/py_hello_word) by extensions ['colcon_meta']
[1.162s] Level 1:colcon.colcon_core.package_identification:_identify(src/py_hello_word) by extension 'colcon_meta'
[1.162s] Level 1:colcon.colcon_core.package_identification:_identify(src/py_hello_word) by extensions ['ros']
[1.162s] Level 1:colcon.colcon_core.package_identification:_identify(src/py_hello_word) by extension 'ros'
[1.164s] DEBUG:colcon.colcon_core.package_identification:Package 'src/py_hello_word' with type 'ros.ament_python' and name 'py_hello_word'
[1.165s] Level 1:colcon.colcon_core.package_identification:_identify(src/two_wheeled_robot) by extensions ['ignore', 'ignore_ament_install']
[1.165s] Level 1:colcon.colcon_core.package_identification:_identify(src/two_wheeled_robot) by extension 'ignore'
[1.165s] Level 1:colcon.colcon_core.package_identification:_identify(src/two_wheeled_robot) by extension 'ignore_ament_install'
[1.166s] Level 1:colcon.colcon_core.package_identification:_identify(src/two_wheeled_robot) by extensions ['colcon_pkg']
[1.166s] Level 1:colcon.colcon_core.package_identification:_identify(src/two_wheeled_robot) by extension 'colcon_pkg'
[1.166s] Level 1:colcon.colcon_core.package_identification:_identify(src/two_wheeled_robot) by extensions ['colcon_meta']
[1.166s] Level 1:colcon.colcon_core.package_identification:_identify(src/two_wheeled_robot) by extension 'colcon_meta'
[1.166s] Level 1:colcon.colcon_core.package_identification:_identify(src/two_wheeled_robot) by extensions ['ros']
[1.166s] Level 1:colcon.colcon_core.package_identification:_identify(src/two_wheeled_robot) by extension 'ros'
[1.170s] DEBUG:colcon.colcon_core.package_identification:Package 'src/two_wheeled_robot' with type 'ros.ament_python' and name 'two_wheeled_robot'
[1.170s] Level 1:colcon.colcon_core.package_discovery:discover_packages(recursive) using defaults
[1.170s] Level 1:colcon.colcon_core.package_discovery:discover_packages(ignore) discover
[1.170s] Level 1:colcon.colcon_core.package_discovery:discover_packages(ignore) using defaults
[1.170s] Level 1:colcon.colcon_core.package_discovery:discover_packages(path) discover
[1.170s] Level 1:colcon.colcon_core.package_discovery:discover_packages(path) using defaults
[1.271s] Level 1:colcon.colcon_core.package_discovery:discover_packages(prefix_path) check parameters
[1.271s] Level 1:colcon.colcon_core.package_discovery:discover_packages(prefix_path) discover
[1.278s] DEBUG:colcon.colcon_installed_package_information.package_discovery:Found 3 installed packages in /root/ros2_ws/install
[1.284s] DEBUG:colcon.colcon_installed_package_information.package_discovery:Found 359 installed packages in /opt/ros/humble
[1.290s] Level 1:colcon.colcon_core.package_discovery:discover_packages(prefix_path) using defaults
[1.466s] Level 5:colcon.colcon_core.verb:set package 'ign_ros2_demo' build argument 'cmake_args' from command line to 'None'
[1.466s] Level 5:colcon.colcon_core.verb:set package 'ign_ros2_demo' build argument 'cmake_target' from command line to 'None'
[1.466s] Level 5:colcon.colcon_core.verb:set package 'ign_ros2_demo' build argument 'cmake_target_skip_unavailable' from command line to 'False'
[1.466s] Level 5:colcon.colcon_core.verb:set package 'ign_ros2_demo' build argument 'cmake_clean_cache' from command line to 'False'
[1.466s] Level 5:colcon.colcon_core.verb:set package 'ign_ros2_demo' build argument 'cmake_clean_first' from command line to 'False'
[1.466s] Level 5:colcon.colcon_core.verb:set package 'ign_ros2_demo' build argument 'cmake_force_configure' from command line to 'False'
[1.466s] Level 5:colcon.colcon_core.verb:set package 'ign_ros2_demo' build argument 'ament_cmake_args' from command line to 'None'
[1.466s] Level 5:colcon.colcon_core.verb:set package 'ign_ros2_demo' build argument 'catkin_cmake_args' from command line to 'None'
[1.466s] Level 5:colcon.colcon_core.verb:set package 'ign_ros2_demo' build argument 'catkin_skip_building_tests' from command line to 'False'
[1.467s] DEBUG:colcon.colcon_core.verb:Building package 'ign_ros2_demo' with the following arguments: {'ament_cmake_args': None, 'build_base': '/root/ros2_ws/build/ign_ros2_demo', 'catkin_cmake_args': None, 'catkin_skip_building_tests': False, 'cmake_args': None, 'cmake_clean_cache': False, 'cmake_clean_first': False, 'cmake_force_configure': False, 'cmake_target': None, 'cmake_target_skip_unavailable': False, 'install_base': '/root/ros2_ws/install/ign_ros2_demo', 'merge_install': False, 'path': '/root/ros2_ws/src/ign_ros2_demo', 'symlink_install': False, 'test_result_base': None}
[1.468s] Level 5:colcon.colcon_core.verb:set package 'py_hello_word' build argument 'cmake_args' from command line to 'None'
[1.468s] Level 5:colcon.colcon_core.verb:set package 'py_hello_word' build argument 'cmake_target' from command line to 'None'
[1.468s] Level 5:colcon.colcon_core.verb:set package 'py_hello_word' build argument 'cmake_target_skip_unavailable' from command line to 'False'
[1.468s] Level 5:colcon.colcon_core.verb:set package 'py_hello_word' build argument 'cmake_clean_cache' from command line to 'False'
[1.468s] Level 5:colcon.colcon_core.verb:set package 'py_hello_word' build argument 'cmake_clean_first' from command line to 'False'
[1.469s] Level 5:colcon.colcon_core.verb:set package 'py_hello_word' build argument 'cmake_force_configure' from command line to 'False'
[1.469s] Level 5:colcon.colcon_core.verb:set package 'py_hello_word' build argument 'ament_cmake_args' from command line to 'None'
[1.469s] Level 5:colcon.colcon_core.verb:set package 'py_hello_word' build argument 'catkin_cmake_args' from command line to 'None'
[1.469s] Level 5:colcon.colcon_core.verb:set package 'py_hello_word' build argument 'catkin_skip_building_tests' from command line to 'False'
[1.469s] DEBUG:colcon.colcon_core.verb:Building package 'py_hello_word' with the following arguments: {'ament_cmake_args': None, 'build_base': '/root/ros2_ws/build/py_hello_word', 'catkin_cmake_args': None, 'catkin_skip_building_tests': False, 'cmake_args': None, 'cmake_clean_cache': False, 'cmake_clean_first': False, 'cmake_force_configure': False, 'cmake_target': None, 'cmake_target_skip_unavailable': False, 'install_base': '/root/ros2_ws/install/py_hello_word', 'merge_install': False, 'path': '/root/ros2_ws/src/py_hello_word', 'symlink_install': False, 'test_result_base': None}
[1.470s] Level 5:colcon.colcon_core.verb:set package 'two_wheeled_robot' build argument 'cmake_args' from command line to 'None'
[1.470s] Level 5:colcon.colcon_core.verb:set package 'two_wheeled_robot' build argument 'cmake_target' from command line to 'None'
[1.470s] Level 5:colcon.colcon_core.verb:set package 'two_wheeled_robot' build argument 'cmake_target_skip_unavailable' from command line to 'False'
[1.471s] Level 5:colcon.colcon_core.verb:set package 'two_wheeled_robot' build argument 'cmake_clean_cache' from command line to 'False'
[1.471s] Level 5:colcon.colcon_core.verb:set package 'two_wheeled_robot' build argument 'cmake_clean_first' from command line to 'False'
[1.471s] Level 5:colcon.colcon_core.verb:set package 'two_wheeled_robot' build argument 'cmake_force_configure' from command line to 'False'
[1.471s] Level 5:colcon.colcon_core.verb:set package 'two_wheeled_robot' build argument 'ament_cmake_args' from command line to 'None'
[1.471s] Level 5:colcon.colcon_core.verb:set package 'two_wheeled_robot' build argument 'catkin_cmake_args' from command line to 'None'
[1.471s] Level 5:colcon.colcon_core.verb:set package 'two_wheeled_robot' build argument 'catkin_skip_building_tests' from command line to 'False'
[1.471s] DEBUG:colcon.colcon_core.verb:Building package 'two_wheeled_robot' with the following arguments: {'ament_cmake_args': None, 'build_base': '/root/ros2_ws/build/two_wheeled_robot', 'catkin_cmake_args': None, 'catkin_skip_building_tests': False, 'cmake_args': None, 'cmake_clean_cache': False, 'cmake_clean_first': False, 'cmake_force_configure': False, 'cmake_target': None, 'cmake_target_skip_unavailable': False, 'install_base': '/root/ros2_ws/install/two_wheeled_robot', 'merge_install': False, 'path': '/root/ros2_ws/src/two_wheeled_robot', 'symlink_install': False, 'test_result_base': None}
[1.472s] INFO:colcon.colcon_core.executor:Executing jobs using 'parallel' executor
[1.474s] DEBUG:colcon.colcon_parallel_executor.executor.parallel:run_until_complete
[1.475s] INFO:colcon.colcon_ros.task.ament_python.build:Building ROS package in '/root/ros2_ws/src/ign_ros2_demo' with build type 'ament_python'
[1.475s] Level 1:colcon.colcon_core.shell:create_environment_hook('ign_ros2_demo', 'ament_prefix_path')
[1.484s] INFO:colcon.colcon_core.plugin_system:Skipping extension 'colcon_core.shell.bat': Not used on non-Windows systems
[1.485s] INFO:colcon.colcon_core.shell:Creating environment hook '/root/ros2_ws/install/ign_ros2_demo/share/ign_ros2_demo/hook/ament_prefix_path.ps1'
[1.487s] INFO:colcon.colcon_core.shell:Creating environment descriptor '/root/ros2_ws/install/ign_ros2_demo/share/ign_ros2_demo/hook/ament_prefix_path.dsv'
[1.489s] INFO:colcon.colcon_core.shell:Creating environment hook '/root/ros2_ws/install/ign_ros2_demo/share/ign_ros2_demo/hook/ament_prefix_path.sh'
[1.492s] INFO:colcon.colcon_core.shell:Skip shell extension 'powershell' for command environment: Not usable outside of PowerShell
[1.492s] DEBUG:colcon.colcon_core.shell:Skip shell extension 'dsv' for command environment
[1.506s] INFO:colcon.colcon_ros.task.ament_python.build:Building ROS package in '/root/ros2_ws/src/py_hello_word' with build type 'ament_python'
[1.507s] Level 1:colcon.colcon_core.shell:create_environment_hook('py_hello_word', 'ament_prefix_path')
[1.509s] INFO:colcon.colcon_core.shell:Creating environment hook '/root/ros2_ws/install/py_hello_word/share/py_hello_word/hook/ament_prefix_path.ps1'
[1.511s] INFO:colcon.colcon_core.shell:Creating environment descriptor '/root/ros2_ws/install/py_hello_word/share/py_hello_word/hook/ament_prefix_path.dsv'
[1.513s] INFO:colcon.colcon_core.shell:Creating environment hook '/root/ros2_ws/install/py_hello_word/share/py_hello_word/hook/ament_prefix_path.sh'
[1.515s] INFO:colcon.colcon_core.shell:Skip shell extension 'powershell' for command environment: Not usable outside of PowerShell
[1.515s] DEBUG:colcon.colcon_core.shell:Skip shell extension 'dsv' for command environment
[1.527s] INFO:colcon.colcon_ros.task.ament_python.build:Building ROS package in '/root/ros2_ws/src/two_wheeled_robot' with build type 'ament_python'
[1.528s] Level 1:colcon.colcon_core.shell:create_environment_hook('two_wheeled_robot', 'ament_prefix_path')
[1.529s] INFO:colcon.colcon_core.shell:Creating environment hook '/root/ros2_ws/install/two_wheeled_robot/share/two_wheeled_robot/hook/ament_prefix_path.ps1'
[1.530s] INFO:colcon.colcon_core.shell:Creating environment descriptor '/root/ros2_ws/install/two_wheeled_robot/share/two_wheeled_robot/hook/ament_prefix_path.dsv'
[1.532s] INFO:colcon.colcon_core.shell:Creating environment hook '/root/ros2_ws/install/two_wheeled_robot/share/two_wheeled_robot/hook/ament_prefix_path.sh'
[1.534s] INFO:colcon.colcon_core.shell:Skip shell extension 'powershell' for command environment: Not usable outside of PowerShell
[1.534s] DEBUG:colcon.colcon_core.shell:Skip shell extension 'dsv' for command environment
[2.584s] INFO:colcon.colcon_core.task.python.build:Building Python package in '/root/ros2_ws/src/ign_ros2_demo'
[2.585s] INFO:colcon.colcon_core.shell:Skip shell extension 'powershell' for command environment: Not usable outside of PowerShell
[2.585s] DEBUG:colcon.colcon_core.shell:Skip shell extension 'dsv' for command environment
[3.736s] INFO:colcon.colcon_core.task.python.build:Building Python package in '/root/ros2_ws/src/py_hello_word'
[3.738s] INFO:colcon.colcon_core.shell:Skip shell extension 'powershell' for command environment: Not usable outside of PowerShell
[3.738s] DEBUG:colcon.colcon_core.shell:Skip shell extension 'dsv' for command environment
[5.052s] INFO:colcon.colcon_core.task.python.build:Building Python package in '/root/ros2_ws/src/two_wheeled_robot'
[5.053s] INFO:colcon.colcon_core.shell:Skip shell extension 'powershell' for command environment: Not usable outside of PowerShell
[5.054s] DEBUG:colcon.colcon_core.shell:Skip shell extension 'dsv' for command environment
[7.645s] DEBUG:colcon.colcon_core.event_handler.log_command:Invoking command in '/root/ros2_ws/src/two_wheeled_robot': PYTHONPATH=/root/ros2_ws/build/two_wheeled_robot/prefix_override:/usr/lib/python3/dist-packages/colcon_core/task/python/colcon_distutils_commands:/root/ros2_ws/install/two_wheeled_robot/lib/python3.10/site-packages:${PYTHONPATH} /usr/bin/python3 -W ignore:setup.py install is deprecated -W ignore:easy_install command is deprecated setup.py egg_info --egg-base ../../build/two_wheeled_robot build --build-base /root/ros2_ws/build/two_wheeled_robot/build install --record /root/ros2_ws/build/two_wheeled_robot/install.log --single-version-externally-managed install_data
[8.278s] DEBUG:colcon.colcon_core.event_handler.log_command:Invoking command in '/root/ros2_ws/src/py_hello_word': PYTHONPATH=/root/ros2_ws/build/py_hello_word/prefix_override:/usr/lib/python3/dist-packages/colcon_core/task/python/colcon_distutils_commands:/root/ros2_ws/install/py_hello_word/lib/python3.10/site-packages:${PYTHONPATH} /usr/bin/python3 -W ignore:setup.py install is deprecated -W ignore:easy_install command is deprecated setup.py egg_info --egg-base ../../build/py_hello_word build --build-base /root/ros2_ws/build/py_hello_word/build install --record /root/ros2_ws/build/py_hello_word/install.log --single-version-externally-managed install_data
[8.587s] DEBUG:colcon.colcon_core.event_handler.log_command:Invoking command in '/root/ros2_ws/src/ign_ros2_demo': PYTHONPATH=/root/ros2_ws/build/ign_ros2_demo/prefix_override:/usr/lib/python3/dist-packages/colcon_core/task/python/colcon_distutils_commands:/root/ros2_ws/install/ign_ros2_demo/lib/python3.10/site-packages:${PYTHONPATH} /usr/bin/python3 -W ignore:setup.py install is deprecated -W ignore:easy_install command is deprecated setup.py egg_info --egg-base ../../build/ign_ros2_demo build --build-base /root/ros2_ws/build/ign_ros2_demo/build install --record /root/ros2_ws/build/ign_ros2_demo/install.log --single-version-externally-managed install_data
[9.358s] DEBUG:colcon.colcon_core.event_handler.log_command:Invoked command in '/root/ros2_ws/src/two_wheeled_robot' returned '0': PYTHONPATH=/root/ros2_ws/build/two_wheeled_robot/prefix_override:/usr/lib/python3/dist-packages/colcon_core/task/python/colcon_distutils_commands:/root/ros2_ws/install/two_wheeled_robot/lib/python3.10/site-packages:${PYTHONPATH} /usr/bin/python3 -W ignore:setup.py install is deprecated -W ignore:easy_install command is deprecated setup.py egg_info --egg-base ../../build/two_wheeled_robot build --build-base /root/ros2_ws/build/two_wheeled_robot/build install --record /root/ros2_ws/build/two_wheeled_robot/install.log --single-version-externally-managed install_data
[9.364s] Level 1:colcon.colcon_core.environment:checking '/root/ros2_ws/install/two_wheeled_robot' for CMake module files
[9.366s] Level 1:colcon.colcon_core.environment:checking '/root/ros2_ws/install/two_wheeled_robot' for CMake config files
[9.369s] Level 1:colcon.colcon_core.environment:checking '/root/ros2_ws/install/two_wheeled_robot/lib'
[9.370s] Level 1:colcon.colcon_core.environment:checking '/root/ros2_ws/install/two_wheeled_robot/bin'
[9.371s] Level 1:colcon.colcon_core.environment:checking '/root/ros2_ws/install/two_wheeled_robot/lib/pkgconfig/two_wheeled_robot.pc'
[9.372s] Level 1:colcon.colcon_core.environment:checking '/root/ros2_ws/install/two_wheeled_robot/lib/python3.10/site-packages'
[9.372s] Level 1:colcon.colcon_core.shell:create_environment_hook('two_wheeled_robot', 'pythonpath')
[9.373s] INFO:colcon.colcon_core.shell:Creating environment hook '/root/ros2_ws/install/two_wheeled_robot/share/two_wheeled_robot/hook/pythonpath.ps1'
[9.375s] INFO:colcon.colcon_core.shell:Creating environment descriptor '/root/ros2_ws/install/two_wheeled_robot/share/two_wheeled_robot/hook/pythonpath.dsv'
[9.376s] INFO:colcon.colcon_core.shell:Creating environment hook '/root/ros2_ws/install/two_wheeled_robot/share/two_wheeled_robot/hook/pythonpath.sh'
[9.379s] Level 1:colcon.colcon_core.environment:checking '/root/ros2_ws/install/two_wheeled_robot/bin'
[9.380s] Level 1:colcon.colcon_core.environment:create_environment_scripts_only(two_wheeled_robot)
[9.381s] INFO:colcon.colcon_core.shell:Creating package script '/root/ros2_ws/install/two_wheeled_robot/share/two_wheeled_robot/package.ps1'
[9.385s] INFO:colcon.colcon_core.shell:Creating package descriptor '/root/ros2_ws/install/two_wheeled_robot/share/two_wheeled_robot/package.dsv'
[9.387s] INFO:colcon.colcon_core.shell:Creating package script '/root/ros2_ws/install/two_wheeled_robot/share/two_wheeled_robot/package.sh'
[9.390s] INFO:colcon.colcon_core.shell:Creating package script '/root/ros2_ws/install/two_wheeled_robot/share/two_wheeled_robot/package.bash'
[9.393s] INFO:colcon.colcon_core.shell:Creating package script '/root/ros2_ws/install/two_wheeled_robot/share/two_wheeled_robot/package.zsh'
[9.396s] Level 1:colcon.colcon_core.environment:create_file_with_runtime_dependencies(/root/ros2_ws/install/two_wheeled_robot/share/colcon-core/packages/two_wheeled_robot)
[10.352s] Level 1:colcon.colcon_core.environment:checking '/root/ros2_ws/install/py_hello_word' for CMake module files
[10.355s] DEBUG:colcon.colcon_core.event_handler.log_command:Invoked command in '/root/ros2_ws/src/py_hello_word' returned '0': PYTHONPATH=/root/ros2_ws/build/py_hello_word/prefix_override:/usr/lib/python3/dist-packages/colcon_core/task/python/colcon_distutils_commands:/root/ros2_ws/install/py_hello_word/lib/python3.10/site-packages:${PYTHONPATH} /usr/bin/python3 -W ignore:setup.py install is deprecated -W ignore:easy_install command is deprecated setup.py egg_info --egg-base ../../build/py_hello_word build --build-base /root/ros2_ws/build/py_hello_word/build install --record /root/ros2_ws/build/py_hello_word/install.log --single-version-externally-managed install_data
[10.356s] Level 1:colcon.colcon_core.environment:checking '/root/ros2_ws/install/py_hello_word' for CMake config files
[10.359s] Level 1:colcon.colcon_core.environment:checking '/root/ros2_ws/install/py_hello_word/lib'
[10.360s] Level 1:colcon.colcon_core.environment:checking '/root/ros2_ws/install/py_hello_word/bin'
[10.360s] Level 1:colcon.colcon_core.environment:checking '/root/ros2_ws/install/py_hello_word/lib/pkgconfig/py_hello_word.pc'
[10.362s] Level 1:colcon.colcon_core.environment:checking '/root/ros2_ws/install/py_hello_word/lib/python3.10/site-packages'
[10.362s] Level 1:colcon.colcon_core.shell:create_environment_hook('py_hello_word', 'pythonpath')
[10.364s] INFO:colcon.colcon_core.shell:Creating environment hook '/root/ros2_ws/install/py_hello_word/share/py_hello_word/hook/pythonpath.ps1'
[10.366s] INFO:colcon.colcon_core.shell:Creating environment descriptor '/root/ros2_ws/install/py_hello_word/share/py_hello_word/hook/pythonpath.dsv'
[10.368s] INFO:colcon.colcon_core.shell:Creating environment hook '/root/ros2_ws/install/py_hello_word/share/py_hello_word/hook/pythonpath.sh'
[10.371s] Level 1:colcon.colcon_core.environment:checking '/root/ros2_ws/install/py_hello_word/bin'
[10.371s] Level 1:colcon.colcon_core.environment:create_environment_scripts_only(py_hello_word)
[10.372s] INFO:colcon.colcon_core.shell:Creating package script '/root/ros2_ws/install/py_hello_word/share/py_hello_word/package.ps1'
[10.376s] INFO:colcon.colcon_core.shell:Creating package descriptor '/root/ros2_ws/install/py_hello_word/share/py_hello_word/package.dsv'
[10.378s] INFO:colcon.colcon_core.shell:Creating package script '/root/ros2_ws/install/py_hello_word/share/py_hello_word/package.sh'
[10.380s] INFO:colcon.colcon_core.shell:Creating package script '/root/ros2_ws/install/py_hello_word/share/py_hello_word/package.bash'
[10.382s] INFO:colcon.colcon_core.shell:Creating package script '/root/ros2_ws/install/py_hello_word/share/py_hello_word/package.zsh'
[10.383s] Level 1:colcon.colcon_core.environment:create_file_with_runtime_dependencies(/root/ros2_ws/install/py_hello_word/share/colcon-core/packages/py_hello_word)
[10.510s] Level 1:colcon.colcon_core.environment:checking '/root/ros2_ws/install/ign_ros2_demo' for CMake module files
[10.512s] DEBUG:colcon.colcon_core.event_handler.log_command:Invoked command in '/root/ros2_ws/src/ign_ros2_demo' returned '0': PYTHONPATH=/root/ros2_ws/build/ign_ros2_demo/prefix_override:/usr/lib/python3/dist-packages/colcon_core/task/python/colcon_distutils_commands:/root/ros2_ws/install/ign_ros2_demo/lib/python3.10/site-packages:${PYTHONPATH} /usr/bin/python3 -W ignore:setup.py install is deprecated -W ignore:easy_install command is deprecated setup.py egg_info --egg-base ../../build/ign_ros2_demo build --build-base /root/ros2_ws/build/ign_ros2_demo/build install --record /root/ros2_ws/build/ign_ros2_demo/install.log --single-version-externally-managed install_data
[10.513s] Level 1:colcon.colcon_core.environment:checking '/root/ros2_ws/install/ign_ros2_demo' for CMake config files
[10.516s] Level 1:colcon.colcon_core.environment:checking '/root/ros2_ws/install/ign_ros2_demo/lib'
[10.516s] Level 1:colcon.colcon_core.environment:checking '/root/ros2_ws/install/ign_ros2_demo/bin'
[10.516s] Level 1:colcon.colcon_core.environment:checking '/root/ros2_ws/install/ign_ros2_demo/lib/pkgconfig/ign_ros2_demo.pc'
[10.517s] Level 1:colcon.colcon_core.environment:checking '/root/ros2_ws/install/ign_ros2_demo/lib/python3.10/site-packages'
[10.517s] Level 1:colcon.colcon_core.shell:create_environment_hook('ign_ros2_demo', 'pythonpath')
[10.518s] INFO:colcon.colcon_core.shell:Creating environment hook '/root/ros2_ws/install/ign_ros2_demo/share/ign_ros2_demo/hook/pythonpath.ps1'
[10.520s] INFO:colcon.colcon_core.shell:Creating environment descriptor '/root/ros2_ws/install/ign_ros2_demo/share/ign_ros2_demo/hook/pythonpath.dsv'
[10.521s] INFO:colcon.colcon_core.shell:Creating environment hook '/root/ros2_ws/install/ign_ros2_demo/share/ign_ros2_demo/hook/pythonpath.sh'
[10.524s] Level 1:colcon.colcon_core.environment:checking '/root/ros2_ws/install/ign_ros2_demo/bin'
[10.524s] Level 1:colcon.colcon_core.environment:create_environment_scripts_only(ign_ros2_demo)
[10.525s] INFO:colcon.colcon_core.shell:Creating package script '/root/ros2_ws/install/ign_ros2_demo/share/ign_ros2_demo/package.ps1'
[10.527s] INFO:colcon.colcon_core.shell:Creating package descriptor '/root/ros2_ws/install/ign_ros2_demo/share/ign_ros2_demo/package.dsv'
[10.529s] INFO:colcon.colcon_core.shell:Creating package script '/root/ros2_ws/install/ign_ros2_demo/share/ign_ros2_demo/package.sh'
[10.530s] INFO:colcon.colcon_core.shell:Creating package script '/root/ros2_ws/install/ign_ros2_demo/share/ign_ros2_demo/package.bash'
[10.532s] INFO:colcon.colcon_core.shell:Creating package script '/root/ros2_ws/install/ign_ros2_demo/share/ign_ros2_demo/package.zsh'
[10.533s] Level 1:colcon.colcon_core.environment:create_file_with_runtime_dependencies(/root/ros2_ws/install/ign_ros2_demo/share/colcon-core/packages/ign_ros2_demo)
[10.534s] DEBUG:colcon.colcon_parallel_executor.executor.parallel:closing loop
[10.536s] DEBUG:colcon.colcon_parallel_executor.executor.parallel:loop closed
[10.536s] DEBUG:colcon.colcon_parallel_executor.executor.parallel:run_until_complete finished with '0'
[10.536s] DEBUG:colcon.colcon_core.event_reactor:joining thread
[10.560s] INFO:colcon.colcon_core.plugin_system:Skipping extension 'colcon_notification.desktop_notification.terminal_notifier': Not used on non-Darwin systems
[10.560s] INFO:colcon.colcon_core.plugin_system:Skipping extension 'colcon_notification.desktop_notification.win32': Not used on non-Windows systems
[10.561s] INFO:colcon.colcon_notification.desktop_notification:Sending desktop notification using 'notify2'
[10.568s] DEBUG:colcon.colcon_notification.desktop_notification.notify2:Failed to initialize notify2: org.freedesktop.DBus.Error.Spawn.ExecFailed: /usr/bin/dbus-launch terminated abnormally without any error message
[10.570s] DEBUG:colcon.colcon_core.event_reactor:joined thread
[10.573s] INFO:colcon.colcon_core.shell:Creating prefix script '/root/ros2_ws/install/local_setup.ps1'
[10.578s] INFO:colcon.colcon_core.shell:Creating prefix util module '/root/ros2_ws/install/_local_setup_util_ps1.py'
[10.584s] INFO:colcon.colcon_core.shell:Creating prefix chain script '/root/ros2_ws/install/setup.ps1'
[10.589s] INFO:colcon.colcon_core.shell:Creating prefix script '/root/ros2_ws/install/local_setup.sh'
[10.591s] INFO:colcon.colcon_core.shell:Creating prefix util module '/root/ros2_ws/install/_local_setup_util_sh.py'
[10.594s] INFO:colcon.colcon_core.shell:Creating prefix chain script '/root/ros2_ws/install/setup.sh'
[10.599s] INFO:colcon.colcon_core.shell:Creating prefix script '/root/ros2_ws/install/local_setup.bash'
[10.601s] INFO:colcon.colcon_core.shell:Creating prefix chain script '/root/ros2_ws/install/setup.bash'
[10.606s] INFO:colcon.colcon_core.shell:Creating prefix script '/root/ros2_ws/install/local_setup.zsh'
[10.608s] INFO:colcon.colcon_core.shell:Creating prefix chain script '/root/ros2_ws/install/setup.zsh'
