[0.468s] DEBUG:colcon:Command line arguments: ['/usr/bin/colcon', 'build']
[0.468s] DEBUG:colcon:Parsed command line arguments: Namespace(log_base=None, log_level=None, verb_name='build', build_base='build', install_base='install', merge_install=False, symlink_install=False, test_result_base=None, continue_on_error=False, executor='parallel', parallel_workers=4, event_handlers=None, ignore_user_meta=False, metas=['./colcon.meta'], base_paths=['.'], packages_ignore=None, packages_ignore_regex=None, paths=None, packages_up_to=None, packages_up_to_regex=None, packages_above=None, packages_above_and_dependencies=None, packages_above_depth=None, packages_select_by_dep=None, packages_skip_by_dep=None, packages_skip_up_to=None, packages_select_build_failed=False, packages_skip_build_finished=False, packages_select_test_failures=False, packages_skip_test_passed=False, packages_select=None, packages_skip=None, packages_select_regex=None, packages_skip_regex=None, packages_start=None, packages_end=None, allow_overriding=[], cmake_args=None, cmake_target=None, cmake_target_skip_unavailable=False, cmake_clean_cache=False, cmake_clean_first=False, cmake_force_configure=False, ament_cmake_args=None, catkin_cmake_args=None, catkin_skip_building_tests=False, mixin_files=None, mixin=None, verb_parser=<colcon_mixin.mixin.mixin_argument.MixinArgumentDecorator object at 0x7f612ea8e5c0>, verb_extension=<colcon_core.verb.build.BuildVerb object at 0x7f612ea8e050>, main=<bound method BuildVerb.main of <colcon_core.verb.build.BuildVerb object at 0x7f612ea8e050>>, mixin_verb=('build',))
[1.174s] Level 1:colcon.colcon_core.package_discovery:discover_packages(colcon_meta) check parameters
[1.175s] Level 1:colcon.colcon_core.package_discovery:discover_packages(recursive) check parameters
[1.175s] Level 1:colcon.colcon_core.package_discovery:discover_packages(ignore) check parameters
[1.175s] Level 1:colcon.colcon_core.package_discovery:discover_packages(path) check parameters
[1.175s] Level 1:colcon.colcon_core.package_discovery:discover_packages(colcon_meta) discover
[1.175s] Level 1:colcon.colcon_core.package_discovery:discover_packages(recursive) discover
[1.175s] INFO:colcon.colcon_core.package_discovery:Crawling recursively for packages in '/root/ros2_ws'
[1.176s] Level 1:colcon.colcon_core.package_identification:_identify(.) by extensions ['ignore', 'ignore_ament_install']
[1.176s] Level 1:colcon.colcon_core.package_identification:_identify(.) by extension 'ignore'
[1.176s] Level 1:colcon.colcon_core.package_identification:_identify(.) by extension 'ignore_ament_install'
[1.177s] Level 1:colcon.colcon_core.package_identification:_identify(.) by extensions ['colcon_pkg']
[1.177s] Level 1:colcon.colcon_core.package_identification:_identify(.) by extension 'colcon_pkg'
[1.177s] Level 1:colcon.colcon_core.package_identification:_identify(.) by extensions ['colcon_meta']
[1.177s] Level 1:colcon.colcon_core.package_identification:_identify(.) by extension 'colcon_meta'
[1.177s] Level 1:colcon.colcon_core.package_identification:_identify(.) by extensions ['ros']
[1.177s] Level 1:colcon.colcon_core.package_identification:_identify(.) by extension 'ros'
[1.219s] Level 1:colcon.colcon_core.package_identification:_identify(.) by extensions ['cmake', 'python']
[1.219s] Level 1:colcon.colcon_core.package_identification:_identify(.) by extension 'cmake'
[1.220s] Level 1:colcon.colcon_core.package_identification:_identify(.) by extension 'python'
[1.220s] Level 1:colcon.colcon_core.package_identification:_identify(.) by extensions ['python_setup_py']
[1.220s] Level 1:colcon.colcon_core.package_identification:_identify(.) by extension 'python_setup_py'
[1.220s] Level 1:colcon.colcon_core.package_identification:_identify(build) by extensions ['ignore', 'ignore_ament_install']
[1.221s] Level 1:colcon.colcon_core.package_identification:_identify(build) by extension 'ignore'
[1.221s] Level 1:colcon.colcon_core.package_identification:_identify(build) ignored
[1.221s] Level 1:colcon.colcon_core.package_identification:_identify(install) by extensions ['ignore', 'ignore_ament_install']
[1.222s] Level 1:colcon.colcon_core.package_identification:_identify(install) by extension 'ignore'
[1.222s] Level 1:colcon.colcon_core.package_identification:_identify(install) ignored
[1.222s] Level 1:colcon.colcon_core.package_identification:_identify(log) by extensions ['ignore', 'ignore_ament_install']
[1.223s] Level 1:colcon.colcon_core.package_identification:_identify(log) by extension 'ignore'
[1.223s] Level 1:colcon.colcon_core.package_identification:_identify(log) ignored
[1.223s] Level 1:colcon.colcon_core.package_identification:_identify(src) by extensions ['ignore', 'ignore_ament_install']
[1.223s] Level 1:colcon.colcon_core.package_identification:_identify(src) by extension 'ignore'
[1.224s] Level 1:colcon.colcon_core.package_identification:_identify(src) by extension 'ignore_ament_install'
[1.224s] Level 1:colcon.colcon_core.package_identification:_identify(src) by extensions ['colcon_pkg']
[1.224s] Level 1:colcon.colcon_core.package_identification:_identify(src) by extension 'colcon_pkg'
[1.224s] Level 1:colcon.colcon_core.package_identification:_identify(src) by extensions ['colcon_meta']
[1.224s] Level 1:colcon.colcon_core.package_identification:_identify(src) by extension 'colcon_meta'
[1.224s] Level 1:colcon.colcon_core.package_identification:_identify(src) by extensions ['ros']
[1.225s] Level 1:colcon.colcon_core.package_identification:_identify(src) by extension 'ros'
[1.225s] Level 1:colcon.colcon_core.package_identification:_identify(src) by extensions ['cmake', 'python']
[1.225s] Level 1:colcon.colcon_core.package_identification:_identify(src) by extension 'cmake'
[1.225s] Level 1:colcon.colcon_core.package_identification:_identify(src) by extension 'python'
[1.225s] Level 1:colcon.colcon_core.package_identification:_identify(src) by extensions ['python_setup_py']
[1.225s] Level 1:colcon.colcon_core.package_identification:_identify(src) by extension 'python_setup_py'
[1.226s] Level 1:colcon.colcon_core.package_identification:_identify(src/ign_ros2_demo) by extensions ['ignore', 'ignore_ament_install']
[1.226s] Level 1:colcon.colcon_core.package_identification:_identify(src/ign_ros2_demo) by extension 'ignore'
[1.226s] Level 1:colcon.colcon_core.package_identification:_identify(src/ign_ros2_demo) by extension 'ignore_ament_install'
[1.226s] Level 1:colcon.colcon_core.package_identification:_identify(src/ign_ros2_demo) by extensions ['colcon_pkg']
[1.227s] Level 1:colcon.colcon_core.package_identification:_identify(src/ign_ros2_demo) by extension 'colcon_pkg'
[1.227s] Level 1:colcon.colcon_core.package_identification:_identify(src/ign_ros2_demo) by extensions ['colcon_meta']
[1.227s] Level 1:colcon.colcon_core.package_identification:_identify(src/ign_ros2_demo) by extension 'colcon_meta'
[1.227s] Level 1:colcon.colcon_core.package_identification:_identify(src/ign_ros2_demo) by extensions ['ros']
[1.227s] Level 1:colcon.colcon_core.package_identification:_identify(src/ign_ros2_demo) by extension 'ros'
[1.236s] DEBUG:colcon.colcon_core.package_identification:Package 'src/ign_ros2_demo' with type 'ros.ament_python' and name 'ign_ros2_demo'
[1.236s] Level 1:colcon.colcon_core.package_identification:_identify(src/py_hello_word) by extensions ['ignore', 'ignore_ament_install']
[1.236s] Level 1:colcon.colcon_core.package_identification:_identify(src/py_hello_word) by extension 'ignore'
[1.237s] Level 1:colcon.colcon_core.package_identification:_identify(src/py_hello_word) by extension 'ignore_ament_install'
[1.237s] Level 1:colcon.colcon_core.package_identification:_identify(src/py_hello_word) by extensions ['colcon_pkg']
[1.237s] Level 1:colcon.colcon_core.package_identification:_identify(src/py_hello_word) by extension 'colcon_pkg'
[1.237s] Level 1:colcon.colcon_core.package_identification:_identify(src/py_hello_word) by extensions ['colcon_meta']
[1.237s] Level 1:colcon.colcon_core.package_identification:_identify(src/py_hello_word) by extension 'colcon_meta'
[1.238s] Level 1:colcon.colcon_core.package_identification:_identify(src/py_hello_word) by extensions ['ros']
[1.238s] Level 1:colcon.colcon_core.package_identification:_identify(src/py_hello_word) by extension 'ros'
[1.240s] DEBUG:colcon.colcon_core.package_identification:Package 'src/py_hello_word' with type 'ros.ament_python' and name 'py_hello_word'
[1.240s] Level 1:colcon.colcon_core.package_identification:_identify(src/two_wheeled_robot) by extensions ['ignore', 'ignore_ament_install']
[1.241s] Level 1:colcon.colcon_core.package_identification:_identify(src/two_wheeled_robot) by extension 'ignore'
[1.241s] Level 1:colcon.colcon_core.package_identification:_identify(src/two_wheeled_robot) by extension 'ignore_ament_install'
[1.241s] Level 1:colcon.colcon_core.package_identification:_identify(src/two_wheeled_robot) by extensions ['colcon_pkg']
[1.241s] Level 1:colcon.colcon_core.package_identification:_identify(src/two_wheeled_robot) by extension 'colcon_pkg'
[1.242s] Level 1:colcon.colcon_core.package_identification:_identify(src/two_wheeled_robot) by extensions ['colcon_meta']
[1.242s] Level 1:colcon.colcon_core.package_identification:_identify(src/two_wheeled_robot) by extension 'colcon_meta'
[1.242s] Level 1:colcon.colcon_core.package_identification:_identify(src/two_wheeled_robot) by extensions ['ros']
[1.242s] Level 1:colcon.colcon_core.package_identification:_identify(src/two_wheeled_robot) by extension 'ros'
[1.245s] DEBUG:colcon.colcon_core.package_identification:Package 'src/two_wheeled_robot' with type 'ros.ament_python' and name 'two_wheeled_robot'
[1.245s] Level 1:colcon.colcon_core.package_discovery:discover_packages(recursive) using defaults
[1.246s] Level 1:colcon.colcon_core.package_discovery:discover_packages(ignore) discover
[1.246s] Level 1:colcon.colcon_core.package_discovery:discover_packages(ignore) using defaults
[1.246s] Level 1:colcon.colcon_core.package_discovery:discover_packages(path) discover
[1.246s] Level 1:colcon.colcon_core.package_discovery:discover_packages(path) using defaults
[1.352s] Level 1:colcon.colcon_core.package_discovery:discover_packages(prefix_path) check parameters
[1.352s] Level 1:colcon.colcon_core.package_discovery:discover_packages(prefix_path) discover
[1.358s] DEBUG:colcon.colcon_installed_package_information.package_discovery:Found 3 installed packages in /root/ros2_ws/install
[1.365s] DEBUG:colcon.colcon_installed_package_information.package_discovery:Found 359 installed packages in /opt/ros/humble
[1.372s] Level 1:colcon.colcon_core.package_discovery:discover_packages(prefix_path) using defaults
[1.553s] Level 5:colcon.colcon_core.verb:set package 'ign_ros2_demo' build argument 'cmake_args' from command line to 'None'
[1.554s] Level 5:colcon.colcon_core.verb:set package 'ign_ros2_demo' build argument 'cmake_target' from command line to 'None'
[1.554s] Level 5:colcon.colcon_core.verb:set package 'ign_ros2_demo' build argument 'cmake_target_skip_unavailable' from command line to 'False'
[1.554s] Level 5:colcon.colcon_core.verb:set package 'ign_ros2_demo' build argument 'cmake_clean_cache' from command line to 'False'
[1.554s] Level 5:colcon.colcon_core.verb:set package 'ign_ros2_demo' build argument 'cmake_clean_first' from command line to 'False'
[1.554s] Level 5:colcon.colcon_core.verb:set package 'ign_ros2_demo' build argument 'cmake_force_configure' from command line to 'False'
[1.554s] Level 5:colcon.colcon_core.verb:set package 'ign_ros2_demo' build argument 'ament_cmake_args' from command line to 'None'
[1.554s] Level 5:colcon.colcon_core.verb:set package 'ign_ros2_demo' build argument 'catkin_cmake_args' from command line to 'None'
[1.554s] Level 5:colcon.colcon_core.verb:set package 'ign_ros2_demo' build argument 'catkin_skip_building_tests' from command line to 'False'
[1.555s] DEBUG:colcon.colcon_core.verb:Building package 'ign_ros2_demo' with the following arguments: {'ament_cmake_args': None, 'build_base': '/root/ros2_ws/build/ign_ros2_demo', 'catkin_cmake_args': None, 'catkin_skip_building_tests': False, 'cmake_args': None, 'cmake_clean_cache': False, 'cmake_clean_first': False, 'cmake_force_configure': False, 'cmake_target': None, 'cmake_target_skip_unavailable': False, 'install_base': '/root/ros2_ws/install/ign_ros2_demo', 'merge_install': False, 'path': '/root/ros2_ws/src/ign_ros2_demo', 'symlink_install': False, 'test_result_base': None}
[1.556s] Level 5:colcon.colcon_core.verb:set package 'py_hello_word' build argument 'cmake_args' from command line to 'None'
[1.556s] Level 5:colcon.colcon_core.verb:set package 'py_hello_word' build argument 'cmake_target' from command line to 'None'
[1.556s] Level 5:colcon.colcon_core.verb:set package 'py_hello_word' build argument 'cmake_target_skip_unavailable' from command line to 'False'
[1.556s] Level 5:colcon.colcon_core.verb:set package 'py_hello_word' build argument 'cmake_clean_cache' from command line to 'False'
[1.556s] Level 5:colcon.colcon_core.verb:set package 'py_hello_word' build argument 'cmake_clean_first' from command line to 'False'
[1.557s] Level 5:colcon.colcon_core.verb:set package 'py_hello_word' build argument 'cmake_force_configure' from command line to 'False'
[1.557s] Level 5:colcon.colcon_core.verb:set package 'py_hello_word' build argument 'ament_cmake_args' from command line to 'None'
[1.557s] Level 5:colcon.colcon_core.verb:set package 'py_hello_word' build argument 'catkin_cmake_args' from command line to 'None'
[1.557s] Level 5:colcon.colcon_core.verb:set package 'py_hello_word' build argument 'catkin_skip_building_tests' from command line to 'False'
[1.557s] DEBUG:colcon.colcon_core.verb:Building package 'py_hello_word' with the following arguments: {'ament_cmake_args': None, 'build_base': '/root/ros2_ws/build/py_hello_word', 'catkin_cmake_args': None, 'catkin_skip_building_tests': False, 'cmake_args': None, 'cmake_clean_cache': False, 'cmake_clean_first': False, 'cmake_force_configure': False, 'cmake_target': None, 'cmake_target_skip_unavailable': False, 'install_base': '/root/ros2_ws/install/py_hello_word', 'merge_install': False, 'path': '/root/ros2_ws/src/py_hello_word', 'symlink_install': False, 'test_result_base': None}
[1.558s] Level 5:colcon.colcon_core.verb:set package 'two_wheeled_robot' build argument 'cmake_args' from command line to 'None'
[1.558s] Level 5:colcon.colcon_core.verb:set package 'two_wheeled_robot' build argument 'cmake_target' from command line to 'None'
[1.558s] Level 5:colcon.colcon_core.verb:set package 'two_wheeled_robot' build argument 'cmake_target_skip_unavailable' from command line to 'False'
[1.559s] Level 5:colcon.colcon_core.verb:set package 'two_wheeled_robot' build argument 'cmake_clean_cache' from command line to 'False'
[1.559s] Level 5:colcon.colcon_core.verb:set package 'two_wheeled_robot' build argument 'cmake_clean_first' from command line to 'False'
[1.559s] Level 5:colcon.colcon_core.verb:set package 'two_wheeled_robot' build argument 'cmake_force_configure' from command line to 'False'
[1.559s] Level 5:colcon.colcon_core.verb:set package 'two_wheeled_robot' build argument 'ament_cmake_args' from command line to 'None'
[1.559s] Level 5:colcon.colcon_core.verb:set package 'two_wheeled_robot' build argument 'catkin_cmake_args' from command line to 'None'
[1.559s] Level 5:colcon.colcon_core.verb:set package 'two_wheeled_robot' build argument 'catkin_skip_building_tests' from command line to 'False'
[1.559s] DEBUG:colcon.colcon_core.verb:Building package 'two_wheeled_robot' with the following arguments: {'ament_cmake_args': None, 'build_base': '/root/ros2_ws/build/two_wheeled_robot', 'catkin_cmake_args': None, 'catkin_skip_building_tests': False, 'cmake_args': None, 'cmake_clean_cache': False, 'cmake_clean_first': False, 'cmake_force_configure': False, 'cmake_target': None, 'cmake_target_skip_unavailable': False, 'install_base': '/root/ros2_ws/install/two_wheeled_robot', 'merge_install': False, 'path': '/root/ros2_ws/src/two_wheeled_robot', 'symlink_install': False, 'test_result_base': None}
[1.560s] INFO:colcon.colcon_core.executor:Executing jobs using 'parallel' executor
[1.562s] DEBUG:colcon.colcon_parallel_executor.executor.parallel:run_until_complete
[1.563s] INFO:colcon.colcon_ros.task.ament_python.build:Building ROS package in '/root/ros2_ws/src/ign_ros2_demo' with build type 'ament_python'
[1.564s] Level 1:colcon.colcon_core.shell:create_environment_hook('ign_ros2_demo', 'ament_prefix_path')
[1.573s] INFO:colcon.colcon_core.plugin_system:Skipping extension 'colcon_core.shell.bat': Not used on non-Windows systems
[1.574s] INFO:colcon.colcon_core.shell:Creating environment hook '/root/ros2_ws/install/ign_ros2_demo/share/ign_ros2_demo/hook/ament_prefix_path.ps1'
[1.576s] INFO:colcon.colcon_core.shell:Creating environment descriptor '/root/ros2_ws/install/ign_ros2_demo/share/ign_ros2_demo/hook/ament_prefix_path.dsv'
[1.578s] INFO:colcon.colcon_core.shell:Creating environment hook '/root/ros2_ws/install/ign_ros2_demo/share/ign_ros2_demo/hook/ament_prefix_path.sh'
[1.581s] INFO:colcon.colcon_core.shell:Skip shell extension 'powershell' for command environment: Not usable outside of PowerShell
[1.581s] DEBUG:colcon.colcon_core.shell:Skip shell extension 'dsv' for command environment
[1.594s] INFO:colcon.colcon_ros.task.ament_python.build:Building ROS package in '/root/ros2_ws/src/py_hello_word' with build type 'ament_python'
[1.595s] Level 1:colcon.colcon_core.shell:create_environment_hook('py_hello_word', 'ament_prefix_path')
[1.597s] INFO:colcon.colcon_core.shell:Creating environment hook '/root/ros2_ws/install/py_hello_word/share/py_hello_word/hook/ament_prefix_path.ps1'
[1.598s] INFO:colcon.colcon_core.shell:Creating environment descriptor '/root/ros2_ws/install/py_hello_word/share/py_hello_word/hook/ament_prefix_path.dsv'
[1.600s] INFO:colcon.colcon_core.shell:Creating environment hook '/root/ros2_ws/install/py_hello_word/share/py_hello_word/hook/ament_prefix_path.sh'
[1.602s] INFO:colcon.colcon_core.shell:Skip shell extension 'powershell' for command environment: Not usable outside of PowerShell
[1.603s] DEBUG:colcon.colcon_core.shell:Skip shell extension 'dsv' for command environment
[1.615s] INFO:colcon.colcon_ros.task.ament_python.build:Building ROS package in '/root/ros2_ws/src/two_wheeled_robot' with build type 'ament_python'
[1.616s] Level 1:colcon.colcon_core.shell:create_environment_hook('two_wheeled_robot', 'ament_prefix_path')
[1.617s] INFO:colcon.colcon_core.shell:Creating environment hook '/root/ros2_ws/install/two_wheeled_robot/share/two_wheeled_robot/hook/ament_prefix_path.ps1'
[1.621s] INFO:colcon.colcon_core.shell:Creating environment descriptor '/root/ros2_ws/install/two_wheeled_robot/share/two_wheeled_robot/hook/ament_prefix_path.dsv'
[1.622s] INFO:colcon.colcon_core.shell:Creating environment hook '/root/ros2_ws/install/two_wheeled_robot/share/two_wheeled_robot/hook/ament_prefix_path.sh'
[1.624s] INFO:colcon.colcon_core.shell:Skip shell extension 'powershell' for command environment: Not usable outside of PowerShell
[1.624s] DEBUG:colcon.colcon_core.shell:Skip shell extension 'dsv' for command environment
[2.779s] INFO:colcon.colcon_core.task.python.build:Building Python package in '/root/ros2_ws/src/ign_ros2_demo'
[2.780s] INFO:colcon.colcon_core.shell:Skip shell extension 'powershell' for command environment: Not usable outside of PowerShell
[2.780s] DEBUG:colcon.colcon_core.shell:Skip shell extension 'dsv' for command environment
[4.010s] INFO:colcon.colcon_core.task.python.build:Building Python package in '/root/ros2_ws/src/py_hello_word'
[4.012s] INFO:colcon.colcon_core.shell:Skip shell extension 'powershell' for command environment: Not usable outside of PowerShell
[4.012s] DEBUG:colcon.colcon_core.shell:Skip shell extension 'dsv' for command environment
[5.666s] INFO:colcon.colcon_core.task.python.build:Building Python package in '/root/ros2_ws/src/two_wheeled_robot'
[5.668s] INFO:colcon.colcon_core.shell:Skip shell extension 'powershell' for command environment: Not usable outside of PowerShell
[5.669s] DEBUG:colcon.colcon_core.shell:Skip shell extension 'dsv' for command environment
[8.235s] DEBUG:colcon.colcon_core.event_handler.log_command:Invoking command in '/root/ros2_ws/src/py_hello_word': PYTHONPATH=/root/ros2_ws/build/py_hello_word/prefix_override:/usr/lib/python3/dist-packages/colcon_core/task/python/colcon_distutils_commands:/root/ros2_ws/install/py_hello_word/lib/python3.10/site-packages:${PYTHONPATH} /usr/bin/python3 -W ignore:setup.py install is deprecated -W ignore:easy_install command is deprecated setup.py egg_info --egg-base ../../build/py_hello_word build --build-base /root/ros2_ws/build/py_hello_word/build install --record /root/ros2_ws/build/py_hello_word/install.log --single-version-externally-managed install_data
[8.864s] DEBUG:colcon.colcon_core.event_handler.log_command:Invoking command in '/root/ros2_ws/src/two_wheeled_robot': PYTHONPATH=/root/ros2_ws/build/two_wheeled_robot/prefix_override:/usr/lib/python3/dist-packages/colcon_core/task/python/colcon_distutils_commands:/root/ros2_ws/install/two_wheeled_robot/lib/python3.10/site-packages:${PYTHONPATH} /usr/bin/python3 -W ignore:setup.py install is deprecated -W ignore:easy_install command is deprecated setup.py egg_info --egg-base ../../build/two_wheeled_robot build --build-base /root/ros2_ws/build/two_wheeled_robot/build install --record /root/ros2_ws/build/two_wheeled_robot/install.log --single-version-externally-managed install_data
[8.992s] DEBUG:colcon.colcon_core.event_handler.log_command:Invoking command in '/root/ros2_ws/src/ign_ros2_demo': PYTHONPATH=/root/ros2_ws/build/ign_ros2_demo/prefix_override:/usr/lib/python3/dist-packages/colcon_core/task/python/colcon_distutils_commands:/root/ros2_ws/install/ign_ros2_demo/lib/python3.10/site-packages:${PYTHONPATH} /usr/bin/python3 -W ignore:setup.py install is deprecated -W ignore:easy_install command is deprecated setup.py egg_info --egg-base ../../build/ign_ros2_demo build --build-base /root/ros2_ws/build/ign_ros2_demo/build install --record /root/ros2_ws/build/ign_ros2_demo/install.log --single-version-externally-managed install_data
[10.276s] DEBUG:colcon.colcon_core.event_handler.log_command:Invoked command in '/root/ros2_ws/src/py_hello_word' returned '0': PYTHONPATH=/root/ros2_ws/build/py_hello_word/prefix_override:/usr/lib/python3/dist-packages/colcon_core/task/python/colcon_distutils_commands:/root/ros2_ws/install/py_hello_word/lib/python3.10/site-packages:${PYTHONPATH} /usr/bin/python3 -W ignore:setup.py install is deprecated -W ignore:easy_install command is deprecated setup.py egg_info --egg-base ../../build/py_hello_word build --build-base /root/ros2_ws/build/py_hello_word/build install --record /root/ros2_ws/build/py_hello_word/install.log --single-version-externally-managed install_data
[10.293s] Level 1:colcon.colcon_core.environment:checking '/root/ros2_ws/install/py_hello_word' for CMake module files
[10.296s] Level 1:colcon.colcon_core.environment:checking '/root/ros2_ws/install/py_hello_word' for CMake config files
[10.299s] Level 1:colcon.colcon_core.environment:checking '/root/ros2_ws/install/py_hello_word/lib'
[10.300s] Level 1:colcon.colcon_core.environment:checking '/root/ros2_ws/install/py_hello_word/bin'
[10.301s] Level 1:colcon.colcon_core.environment:checking '/root/ros2_ws/install/py_hello_word/lib/pkgconfig/py_hello_word.pc'
[10.302s] Level 1:colcon.colcon_core.environment:checking '/root/ros2_ws/install/py_hello_word/lib/python3.10/site-packages'
[10.303s] Level 1:colcon.colcon_core.shell:create_environment_hook('py_hello_word', 'pythonpath')
[10.308s] INFO:colcon.colcon_core.shell:Creating environment hook '/root/ros2_ws/install/py_hello_word/share/py_hello_word/hook/pythonpath.ps1'
[10.311s] INFO:colcon.colcon_core.shell:Creating environment descriptor '/root/ros2_ws/install/py_hello_word/share/py_hello_word/hook/pythonpath.dsv'
[10.314s] INFO:colcon.colcon_core.shell:Creating environment hook '/root/ros2_ws/install/py_hello_word/share/py_hello_word/hook/pythonpath.sh'
[10.322s] Level 1:colcon.colcon_core.environment:checking '/root/ros2_ws/install/py_hello_word/bin'
[10.323s] Level 1:colcon.colcon_core.environment:create_environment_scripts_only(py_hello_word)
[10.327s] INFO:colcon.colcon_core.shell:Creating package script '/root/ros2_ws/install/py_hello_word/share/py_hello_word/package.ps1'
[10.334s] INFO:colcon.colcon_core.shell:Creating package descriptor '/root/ros2_ws/install/py_hello_word/share/py_hello_word/package.dsv'
[10.340s] INFO:colcon.colcon_core.shell:Creating package script '/root/ros2_ws/install/py_hello_word/share/py_hello_word/package.sh'
[10.345s] INFO:colcon.colcon_core.shell:Creating package script '/root/ros2_ws/install/py_hello_word/share/py_hello_word/package.bash'
[10.350s] INFO:colcon.colcon_core.shell:Creating package script '/root/ros2_ws/install/py_hello_word/share/py_hello_word/package.zsh'
[10.356s] Level 1:colcon.colcon_core.environment:create_file_with_runtime_dependencies(/root/ros2_ws/install/py_hello_word/share/colcon-core/packages/py_hello_word)
[11.501s] Level 1:colcon.colcon_core.environment:checking '/root/ros2_ws/install/two_wheeled_robot' for CMake module files
[11.506s] DEBUG:colcon.colcon_core.event_handler.log_command:Invoked command in '/root/ros2_ws/src/two_wheeled_robot' returned '0': PYTHONPATH=/root/ros2_ws/build/two_wheeled_robot/prefix_override:/usr/lib/python3/dist-packages/colcon_core/task/python/colcon_distutils_commands:/root/ros2_ws/install/two_wheeled_robot/lib/python3.10/site-packages:${PYTHONPATH} /usr/bin/python3 -W ignore:setup.py install is deprecated -W ignore:easy_install command is deprecated setup.py egg_info --egg-base ../../build/two_wheeled_robot build --build-base /root/ros2_ws/build/two_wheeled_robot/build install --record /root/ros2_ws/build/two_wheeled_robot/install.log --single-version-externally-managed install_data
[11.508s] Level 1:colcon.colcon_core.environment:checking '/root/ros2_ws/install/two_wheeled_robot' for CMake config files
[11.514s] Level 1:colcon.colcon_core.environment:checking '/root/ros2_ws/install/two_wheeled_robot/lib'
[11.515s] Level 1:colcon.colcon_core.environment:checking '/root/ros2_ws/install/two_wheeled_robot/bin'
[11.515s] Level 1:colcon.colcon_core.environment:checking '/root/ros2_ws/install/two_wheeled_robot/lib/pkgconfig/two_wheeled_robot.pc'
[11.517s] Level 1:colcon.colcon_core.environment:checking '/root/ros2_ws/install/two_wheeled_robot/lib/python3.10/site-packages'
[11.517s] Level 1:colcon.colcon_core.shell:create_environment_hook('two_wheeled_robot', 'pythonpath')
[11.519s] INFO:colcon.colcon_core.shell:Creating environment hook '/root/ros2_ws/install/two_wheeled_robot/share/two_wheeled_robot/hook/pythonpath.ps1'
[11.523s] INFO:colcon.colcon_core.shell:Creating environment descriptor '/root/ros2_ws/install/two_wheeled_robot/share/two_wheeled_robot/hook/pythonpath.dsv'
[11.527s] INFO:colcon.colcon_core.shell:Creating environment hook '/root/ros2_ws/install/two_wheeled_robot/share/two_wheeled_robot/hook/pythonpath.sh'
[11.531s] Level 1:colcon.colcon_core.environment:checking '/root/ros2_ws/install/two_wheeled_robot/bin'
[11.531s] Level 1:colcon.colcon_core.environment:create_environment_scripts_only(two_wheeled_robot)
[11.533s] INFO:colcon.colcon_core.shell:Creating package script '/root/ros2_ws/install/two_wheeled_robot/share/two_wheeled_robot/package.ps1'
[11.537s] INFO:colcon.colcon_core.shell:Creating package descriptor '/root/ros2_ws/install/two_wheeled_robot/share/two_wheeled_robot/package.dsv'
[11.542s] INFO:colcon.colcon_core.shell:Creating package script '/root/ros2_ws/install/two_wheeled_robot/share/two_wheeled_robot/package.sh'
[11.546s] INFO:colcon.colcon_core.shell:Creating package script '/root/ros2_ws/install/two_wheeled_robot/share/two_wheeled_robot/package.bash'
[11.548s] INFO:colcon.colcon_core.shell:Creating package script '/root/ros2_ws/install/two_wheeled_robot/share/two_wheeled_robot/package.zsh'
[11.551s] Level 1:colcon.colcon_core.environment:create_file_with_runtime_dependencies(/root/ros2_ws/install/two_wheeled_robot/share/colcon-core/packages/two_wheeled_robot)
[11.647s] Level 1:colcon.colcon_core.environment:checking '/root/ros2_ws/install/ign_ros2_demo' for CMake module files
[11.650s] DEBUG:colcon.colcon_core.event_handler.log_command:Invoked command in '/root/ros2_ws/src/ign_ros2_demo' returned '0': PYTHONPATH=/root/ros2_ws/build/ign_ros2_demo/prefix_override:/usr/lib/python3/dist-packages/colcon_core/task/python/colcon_distutils_commands:/root/ros2_ws/install/ign_ros2_demo/lib/python3.10/site-packages:${PYTHONPATH} /usr/bin/python3 -W ignore:setup.py install is deprecated -W ignore:easy_install command is deprecated setup.py egg_info --egg-base ../../build/ign_ros2_demo build --build-base /root/ros2_ws/build/ign_ros2_demo/build install --record /root/ros2_ws/build/ign_ros2_demo/install.log --single-version-externally-managed install_data
[11.652s] Level 1:colcon.colcon_core.environment:checking '/root/ros2_ws/install/ign_ros2_demo' for CMake config files
[11.656s] Level 1:colcon.colcon_core.environment:checking '/root/ros2_ws/install/ign_ros2_demo/lib'
[11.657s] Level 1:colcon.colcon_core.environment:checking '/root/ros2_ws/install/ign_ros2_demo/bin'
[11.657s] Level 1:colcon.colcon_core.environment:checking '/root/ros2_ws/install/ign_ros2_demo/lib/pkgconfig/ign_ros2_demo.pc'
[11.658s] Level 1:colcon.colcon_core.environment:checking '/root/ros2_ws/install/ign_ros2_demo/lib/python3.10/site-packages'
[11.659s] Level 1:colcon.colcon_core.shell:create_environment_hook('ign_ros2_demo', 'pythonpath')
[11.660s] INFO:colcon.colcon_core.shell:Creating environment hook '/root/ros2_ws/install/ign_ros2_demo/share/ign_ros2_demo/hook/pythonpath.ps1'
[11.663s] INFO:colcon.colcon_core.shell:Creating environment descriptor '/root/ros2_ws/install/ign_ros2_demo/share/ign_ros2_demo/hook/pythonpath.dsv'
[11.665s] INFO:colcon.colcon_core.shell:Creating environment hook '/root/ros2_ws/install/ign_ros2_demo/share/ign_ros2_demo/hook/pythonpath.sh'
[11.669s] Level 1:colcon.colcon_core.environment:checking '/root/ros2_ws/install/ign_ros2_demo/bin'
[11.669s] Level 1:colcon.colcon_core.environment:create_environment_scripts_only(ign_ros2_demo)
[11.672s] INFO:colcon.colcon_core.shell:Creating package script '/root/ros2_ws/install/ign_ros2_demo/share/ign_ros2_demo/package.ps1'
[11.675s] INFO:colcon.colcon_core.shell:Creating package descriptor '/root/ros2_ws/install/ign_ros2_demo/share/ign_ros2_demo/package.dsv'
[11.678s] INFO:colcon.colcon_core.shell:Creating package script '/root/ros2_ws/install/ign_ros2_demo/share/ign_ros2_demo/package.sh'
[11.681s] INFO:colcon.colcon_core.shell:Creating package script '/root/ros2_ws/install/ign_ros2_demo/share/ign_ros2_demo/package.bash'
[11.683s] INFO:colcon.colcon_core.shell:Creating package script '/root/ros2_ws/install/ign_ros2_demo/share/ign_ros2_demo/package.zsh'
[11.685s] Level 1:colcon.colcon_core.environment:create_file_with_runtime_dependencies(/root/ros2_ws/install/ign_ros2_demo/share/colcon-core/packages/ign_ros2_demo)
[11.687s] DEBUG:colcon.colcon_parallel_executor.executor.parallel:closing loop
[11.690s] DEBUG:colcon.colcon_parallel_executor.executor.parallel:loop closed
[11.691s] DEBUG:colcon.colcon_parallel_executor.executor.parallel:run_until_complete finished with '0'
[11.691s] DEBUG:colcon.colcon_core.event_reactor:joining thread
[11.732s] INFO:colcon.colcon_core.plugin_system:Skipping extension 'colcon_notification.desktop_notification.terminal_notifier': Not used on non-Darwin systems
[11.733s] INFO:colcon.colcon_core.plugin_system:Skipping extension 'colcon_notification.desktop_notification.win32': Not used on non-Windows systems
[11.734s] INFO:colcon.colcon_notification.desktop_notification:Sending desktop notification using 'notify2'
[11.745s] DEBUG:colcon.colcon_notification.desktop_notification.notify2:Failed to initialize notify2: org.freedesktop.DBus.Error.Spawn.ExecFailed: /usr/bin/dbus-launch terminated abnormally without any error message
[11.748s] DEBUG:colcon.colcon_core.event_reactor:joined thread
[11.753s] INFO:colcon.colcon_core.shell:Creating prefix script '/root/ros2_ws/install/local_setup.ps1'
[11.762s] INFO:colcon.colcon_core.shell:Creating prefix util module '/root/ros2_ws/install/_local_setup_util_ps1.py'
[11.773s] INFO:colcon.colcon_core.shell:Creating prefix chain script '/root/ros2_ws/install/setup.ps1'
[11.780s] INFO:colcon.colcon_core.shell:Creating prefix script '/root/ros2_ws/install/local_setup.sh'
[11.784s] INFO:colcon.colcon_core.shell:Creating prefix util module '/root/ros2_ws/install/_local_setup_util_sh.py'
[11.789s] INFO:colcon.colcon_core.shell:Creating prefix chain script '/root/ros2_ws/install/setup.sh'
[11.797s] INFO:colcon.colcon_core.shell:Creating prefix script '/root/ros2_ws/install/local_setup.bash'
[11.800s] INFO:colcon.colcon_core.shell:Creating prefix chain script '/root/ros2_ws/install/setup.bash'
[11.809s] INFO:colcon.colcon_core.shell:Creating prefix script '/root/ros2_ws/install/local_setup.zsh'
[11.812s] INFO:colcon.colcon_core.shell:Creating prefix chain script '/root/ros2_ws/install/setup.zsh'
