[7.628s] Invoking command in '/root/ros2_ws/src/ign_ros2_demo': PYTHONPATH=/root/ros2_ws/build/ign_ros2_demo/prefix_override:/usr/lib/python3/dist-packages/colcon_core/task/python/colcon_distutils_commands:/root/ros2_ws/install/ign_ros2_demo/lib/python3.10/site-packages:${PYTHONPATH} /usr/bin/python3 -W ignore:setup.py install is deprecated -W ignore:easy_install command is deprecated setup.py egg_info --egg-base ../../build/ign_ros2_demo build --build-base /root/ros2_ws/build/ign_ros2_demo/build install --record /root/ros2_ws/build/ign_ros2_demo/install.log --single-version-externally-managed install_data
[9.982s] running egg_info
[9.989s] writing ../../build/ign_ros2_demo/ign_ros2_demo.egg-info/PKG-INFO
[9.990s] writing dependency_links to ../../build/ign_ros2_demo/ign_ros2_demo.egg-info/dependency_links.txt
[10.011s] writing entry points to ../../build/ign_ros2_demo/ign_ros2_demo.egg-info/entry_points.txt
[10.014s] writing requirements to ../../build/ign_ros2_demo/ign_ros2_demo.egg-info/requires.txt
[10.015s] writing top-level names to ../../build/ign_ros2_demo/ign_ros2_demo.egg-info/top_level.txt
[10.016s] reading manifest file '../../build/ign_ros2_demo/ign_ros2_demo.egg-info/SOURCES.txt'
[10.023s] writing manifest file '../../build/ign_ros2_demo/ign_ros2_demo.egg-info/SOURCES.txt'
[10.024s] running build
[10.025s] running build_py
[10.026s] running install
[10.028s] running install_lib
[10.041s] running install_data
[10.043s] running install_egg_info
[10.056s] removing '/root/ros2_ws/install/ign_ros2_demo/lib/python3.10/site-packages/ign_ros2_demo-0.0.0-py3.10.egg-info' (and everything under it)
[10.058s] Copying ../../build/ign_ros2_demo/ign_ros2_demo.egg-info to /root/ros2_ws/install/ign_ros2_demo/lib/python3.10/site-packages/ign_ros2_demo-0.0.0-py3.10.egg-info
[10.065s] running install_scripts
[10.245s] writing list of installed files to '/root/ros2_ws/build/ign_ros2_demo/install.log'
[10.392s] Invoked command in '/root/ros2_ws/src/ign_ros2_demo' returned '0': PYTHONPATH=/root/ros2_ws/build/ign_ros2_demo/prefix_override:/usr/lib/python3/dist-packages/colcon_core/task/python/colcon_distutils_commands:/root/ros2_ws/install/ign_ros2_demo/lib/python3.10/site-packages:${PYTHONPATH} /usr/bin/python3 -W ignore:setup.py install is deprecated -W ignore:easy_install command is deprecated setup.py egg_info --egg-base ../../build/ign_ros2_demo build --build-base /root/ros2_ws/build/ign_ros2_demo/build install --record /root/ros2_ws/build/ign_ros2_demo/install.log --single-version-externally-managed install_data
