[7.948s] Invoking command in '/root/ros2_ws/src/two_wheeled_robot': PYTHONPATH=/root/ros2_ws/build/two_wheeled_robot/prefix_override:/usr/lib/python3/dist-packages/colcon_core/task/python/colcon_distutils_commands:/root/ros2_ws/install/two_wheeled_robot/lib/python3.10/site-packages:${PYTHONPATH} /usr/bin/python3 -W ignore:setup.py install is deprecated -W ignore:easy_install command is deprecated setup.py egg_info --egg-base ../../build/two_wheeled_robot build --build-base /root/ros2_ws/build/two_wheeled_robot/build install --record /root/ros2_ws/build/two_wheeled_robot/install.log --single-version-externally-managed install_data
[10.328s] running egg_info
[10.335s] writing ../../build/two_wheeled_robot/two_wheeled_robot.egg-info/PKG-INFO
[10.337s] writing dependency_links to ../../build/two_wheeled_robot/two_wheeled_robot.egg-info/dependency_links.txt
[10.340s] writing entry points to ../../build/two_wheeled_robot/two_wheeled_robot.egg-info/entry_points.txt
[10.340s] writing requirements to ../../build/two_wheeled_robot/two_wheeled_robot.egg-info/requires.txt
[10.341s] writing top-level names to ../../build/two_wheeled_robot/two_wheeled_robot.egg-info/top_level.txt
[10.359s] reading manifest file '../../build/two_wheeled_robot/two_wheeled_robot.egg-info/SOURCES.txt'
[10.369s] writing manifest file '../../build/two_wheeled_robot/two_wheeled_robot.egg-info/SOURCES.txt'
[10.370s] running build
[10.372s] running build_py
[10.373s] running install
[10.377s] running install_lib
[10.393s] running install_data
[10.395s] copying urdf/robot.urdf -> /root/ros2_ws/install/two_wheeled_robot/share/two_wheeled_robot/urdf
[10.396s] running install_egg_info
[10.413s] removing '/root/ros2_ws/install/two_wheeled_robot/lib/python3.10/site-packages/two_wheeled_robot-0.0.1-py3.10.egg-info' (and everything under it)
[10.415s] Copying ../../build/two_wheeled_robot/two_wheeled_robot.egg-info to /root/ros2_ws/install/two_wheeled_robot/lib/python3.10/site-packages/two_wheeled_robot-0.0.1-py3.10.egg-info
[10.423s] running install_scripts
[10.634s] Installing balance_controller script to /root/ros2_ws/install/two_wheeled_robot/lib/two_wheeled_robot
[10.638s] writing list of installed files to '/root/ros2_ws/build/two_wheeled_robot/install.log'
[10.871s] Invoked command in '/root/ros2_ws/src/two_wheeled_robot' returned '0': PYTHONPATH=/root/ros2_ws/build/two_wheeled_robot/prefix_override:/usr/lib/python3/dist-packages/colcon_core/task/python/colcon_distutils_commands:/root/ros2_ws/install/two_wheeled_robot/lib/python3.10/site-packages:${PYTHONPATH} /usr/bin/python3 -W ignore:setup.py install is deprecated -W ignore:easy_install command is deprecated setup.py egg_info --egg-base ../../build/two_wheeled_robot build --build-base /root/ros2_ws/build/two_wheeled_robot/build install --record /root/ros2_ws/build/two_wheeled_robot/install.log --single-version-externally-managed install_data
