[8.425s] Invoking command in '/root/ros2_ws/src/py_hello_word': PYTHONPATH=/root/ros2_ws/build/py_hello_word/prefix_override:/usr/lib/python3/dist-packages/colcon_core/task/python/colcon_distutils_commands:/root/ros2_ws/install/py_hello_word/lib/python3.10/site-packages:${PYTHONPATH} /usr/bin/python3 -W ignore:setup.py install is deprecated -W ignore:easy_install command is deprecated setup.py egg_info --egg-base ../../build/py_hello_word build --build-base /root/ros2_ws/build/py_hello_word/build install --record /root/ros2_ws/build/py_hello_word/install.log --single-version-externally-managed install_data
[11.235s] running egg_info
[11.241s] writing ../../build/py_hello_word/py_hello_word.egg-info/PKG-INFO
[11.242s] writing dependency_links to ../../build/py_hello_word/py_hello_word.egg-info/dependency_links.txt
[11.244s] writing entry points to ../../build/py_hello_word/py_hello_word.egg-info/entry_points.txt
[11.245s] writing requirements to ../../build/py_hello_word/py_hello_word.egg-info/requires.txt
[11.246s] writing top-level names to ../../build/py_hello_word/py_hello_word.egg-info/top_level.txt
[11.258s] reading manifest file '../../build/py_hello_word/py_hello_word.egg-info/SOURCES.txt'
[11.264s] writing manifest file '../../build/py_hello_word/py_hello_word.egg-info/SOURCES.txt'
[11.265s] running build
[11.266s] running build_py
[11.267s] running install
[11.269s] running install_lib
[11.281s] running install_data
[11.282s] running install_egg_info
[11.295s] removing '/root/ros2_ws/install/py_hello_word/lib/python3.10/site-packages/py_hello_word-0.0.0-py3.10.egg-info' (and everything under it)
[11.298s] Copying ../../build/py_hello_word/py_hello_word.egg-info to /root/ros2_ws/install/py_hello_word/lib/python3.10/site-packages/py_hello_word-0.0.0-py3.10.egg-info
[11.303s] running install_scripts
[11.444s] writing list of installed files to '/root/ros2_ws/build/py_hello_word/install.log'
[11.594s] Invoked command in '/root/ros2_ws/src/py_hello_word' returned '0': PYTHONPATH=/root/ros2_ws/build/py_hello_word/prefix_override:/usr/lib/python3/dist-packages/colcon_core/task/python/colcon_distutils_commands:/root/ros2_ws/install/py_hello_word/lib/python3.10/site-packages:${PYTHONPATH} /usr/bin/python3 -W ignore:setup.py install is deprecated -W ignore:easy_install command is deprecated setup.py egg_info --egg-base ../../build/py_hello_word build --build-base /root/ros2_ws/build/py_hello_word/build install --record /root/ros2_ws/build/py_hello_word/install.log --single-version-externally-managed install_data
