[0.496s] DEBUG:colcon:Command line arguments: ['/usr/bin/colcon', 'build']
[0.496s] DEBUG:colcon:Parsed command line arguments: Namespace(log_base=None, log_level=None, verb_name='build', build_base='build', install_base='install', merge_install=False, symlink_install=False, test_result_base=None, continue_on_error=False, executor='parallel', parallel_workers=4, event_handlers=None, ignore_user_meta=False, metas=['./colcon.meta'], base_paths=['.'], packages_ignore=None, packages_ignore_regex=None, paths=None, packages_up_to=None, packages_up_to_regex=None, packages_above=None, packages_above_and_dependencies=None, packages_above_depth=None, packages_select_by_dep=None, packages_skip_by_dep=None, packages_skip_up_to=None, packages_select_build_failed=False, packages_skip_build_finished=False, packages_select_test_failures=False, packages_skip_test_passed=False, packages_select=None, packages_skip=None, packages_select_regex=None, packages_skip_regex=None, packages_start=None, packages_end=None, allow_overriding=[], cmake_args=None, cmake_target=None, cmake_target_skip_unavailable=False, cmake_clean_cache=False, cmake_clean_first=False, cmake_force_configure=False, ament_cmake_args=None, catkin_cmake_args=None, catkin_skip_building_tests=False, mixin_files=None, mixin=None, verb_parser=<colcon_mixin.mixin.mixin_argument.MixinArgumentDecorator object at 0x7f979c0be5c0>, verb_extension=<colcon_core.verb.build.BuildVerb object at 0x7f979c0be050>, main=<bound method BuildVerb.main of <colcon_core.verb.build.BuildVerb object at 0x7f979c0be050>>, mixin_verb=('build',))
[1.554s] Level 1:colcon.colcon_core.package_discovery:discover_packages(colcon_meta) check parameters
[1.554s] Level 1:colcon.colcon_core.package_discovery:discover_packages(recursive) check parameters
[1.554s] Level 1:colcon.colcon_core.package_discovery:discover_packages(ignore) check parameters
[1.555s] Level 1:colcon.colcon_core.package_discovery:discover_packages(path) check parameters
[1.555s] Level 1:colcon.colcon_core.package_discovery:discover_packages(colcon_meta) discover
[1.555s] Level 1:colcon.colcon_core.package_discovery:discover_packages(recursive) discover
[1.555s] INFO:colcon.colcon_core.package_discovery:Crawling recursively for packages in '/root/ros2_ws'
[1.555s] Level 1:colcon.colcon_core.package_identification:_identify(.) by extensions ['ignore', 'ignore_ament_install']
[1.556s] Level 1:colcon.colcon_core.package_identification:_identify(.) by extension 'ignore'
[1.556s] Level 1:colcon.colcon_core.package_identification:_identify(.) by extension 'ignore_ament_install'
[1.556s] Level 1:colcon.colcon_core.package_identification:_identify(.) by extensions ['colcon_pkg']
[1.556s] Level 1:colcon.colcon_core.package_identification:_identify(.) by extension 'colcon_pkg'
[1.556s] Level 1:colcon.colcon_core.package_identification:_identify(.) by extensions ['colcon_meta']
[1.557s] Level 1:colcon.colcon_core.package_identification:_identify(.) by extension 'colcon_meta'
[1.557s] Level 1:colcon.colcon_core.package_identification:_identify(.) by extensions ['ros']
[1.557s] Level 1:colcon.colcon_core.package_identification:_identify(.) by extension 'ros'
[1.603s] Level 1:colcon.colcon_core.package_identification:_identify(.) by extensions ['cmake', 'python']
[1.603s] Level 1:colcon.colcon_core.package_identification:_identify(.) by extension 'cmake'
[1.603s] Level 1:colcon.colcon_core.package_identification:_identify(.) by extension 'python'
[1.603s] Level 1:colcon.colcon_core.package_identification:_identify(.) by extensions ['python_setup_py']
[1.604s] Level 1:colcon.colcon_core.package_identification:_identify(.) by extension 'python_setup_py'
[1.604s] Level 1:colcon.colcon_core.package_identification:_identify(build) by extensions ['ignore', 'ignore_ament_install']
[1.604s] Level 1:colcon.colcon_core.package_identification:_identify(build) by extension 'ignore'
[1.604s] Level 1:colcon.colcon_core.package_identification:_identify(build) ignored
[1.605s] Level 1:colcon.colcon_core.package_identification:_identify(install) by extensions ['ignore', 'ignore_ament_install']
[1.605s] Level 1:colcon.colcon_core.package_identification:_identify(install) by extension 'ignore'
[1.605s] Level 1:colcon.colcon_core.package_identification:_identify(install) ignored
[1.606s] Level 1:colcon.colcon_core.package_identification:_identify(log) by extensions ['ignore', 'ignore_ament_install']
[1.606s] Level 1:colcon.colcon_core.package_identification:_identify(log) by extension 'ignore'
[1.606s] Level 1:colcon.colcon_core.package_identification:_identify(log) ignored
[1.607s] Level 1:colcon.colcon_core.package_identification:_identify(src) by extensions ['ignore', 'ignore_ament_install']
[1.607s] Level 1:colcon.colcon_core.package_identification:_identify(src) by extension 'ignore'
[1.607s] Level 1:colcon.colcon_core.package_identification:_identify(src) by extension 'ignore_ament_install'
[1.607s] Level 1:colcon.colcon_core.package_identification:_identify(src) by extensions ['colcon_pkg']
[1.608s] Level 1:colcon.colcon_core.package_identification:_identify(src) by extension 'colcon_pkg'
[1.608s] Level 1:colcon.colcon_core.package_identification:_identify(src) by extensions ['colcon_meta']
[1.608s] Level 1:colcon.colcon_core.package_identification:_identify(src) by extension 'colcon_meta'
[1.608s] Level 1:colcon.colcon_core.package_identification:_identify(src) by extensions ['ros']
[1.608s] Level 1:colcon.colcon_core.package_identification:_identify(src) by extension 'ros'
[1.609s] Level 1:colcon.colcon_core.package_identification:_identify(src) by extensions ['cmake', 'python']
[1.609s] Level 1:colcon.colcon_core.package_identification:_identify(src) by extension 'cmake'
[1.609s] Level 1:colcon.colcon_core.package_identification:_identify(src) by extension 'python'
[1.610s] Level 1:colcon.colcon_core.package_identification:_identify(src) by extensions ['python_setup_py']
[1.610s] Level 1:colcon.colcon_core.package_identification:_identify(src) by extension 'python_setup_py'
[1.610s] Level 1:colcon.colcon_core.package_identification:_identify(src/ign_ros2_demo) by extensions ['ignore', 'ignore_ament_install']
[1.611s] Level 1:colcon.colcon_core.package_identification:_identify(src/ign_ros2_demo) by extension 'ignore'
[1.611s] Level 1:colcon.colcon_core.package_identification:_identify(src/ign_ros2_demo) by extension 'ignore_ament_install'
[1.611s] Level 1:colcon.colcon_core.package_identification:_identify(src/ign_ros2_demo) by extensions ['colcon_pkg']
[1.611s] Level 1:colcon.colcon_core.package_identification:_identify(src/ign_ros2_demo) by extension 'colcon_pkg'
[1.611s] Level 1:colcon.colcon_core.package_identification:_identify(src/ign_ros2_demo) by extensions ['colcon_meta']
[1.611s] Level 1:colcon.colcon_core.package_identification:_identify(src/ign_ros2_demo) by extension 'colcon_meta'
[1.612s] Level 1:colcon.colcon_core.package_identification:_identify(src/ign_ros2_demo) by extensions ['ros']
[1.612s] Level 1:colcon.colcon_core.package_identification:_identify(src/ign_ros2_demo) by extension 'ros'
[1.621s] DEBUG:colcon.colcon_core.package_identification:Package 'src/ign_ros2_demo' with type 'ros.ament_python' and name 'ign_ros2_demo'
[1.622s] Level 1:colcon.colcon_core.package_identification:_identify(src/py_hello_word) by extensions ['ignore', 'ignore_ament_install']
[1.622s] Level 1:colcon.colcon_core.package_identification:_identify(src/py_hello_word) by extension 'ignore'
[1.623s] Level 1:colcon.colcon_core.package_identification:_identify(src/py_hello_word) by extension 'ignore_ament_install'
[1.623s] Level 1:colcon.colcon_core.package_identification:_identify(src/py_hello_word) by extensions ['colcon_pkg']
[1.623s] Level 1:colcon.colcon_core.package_identification:_identify(src/py_hello_word) by extension 'colcon_pkg'
[1.623s] Level 1:colcon.colcon_core.package_identification:_identify(src/py_hello_word) by extensions ['colcon_meta']
[1.623s] Level 1:colcon.colcon_core.package_identification:_identify(src/py_hello_word) by extension 'colcon_meta'
[1.623s] Level 1:colcon.colcon_core.package_identification:_identify(src/py_hello_word) by extensions ['ros']
[1.623s] Level 1:colcon.colcon_core.package_identification:_identify(src/py_hello_word) by extension 'ros'
[1.626s] DEBUG:colcon.colcon_core.package_identification:Package 'src/py_hello_word' with type 'ros.ament_python' and name 'py_hello_word'
[1.626s] Level 1:colcon.colcon_core.package_identification:_identify(src/two_wheeled_robot) by extensions ['ignore', 'ignore_ament_install']
[1.627s] Level 1:colcon.colcon_core.package_identification:_identify(src/two_wheeled_robot) by extension 'ignore'
[1.627s] Level 1:colcon.colcon_core.package_identification:_identify(src/two_wheeled_robot) by extension 'ignore_ament_install'
[1.627s] Level 1:colcon.colcon_core.package_identification:_identify(src/two_wheeled_robot) by extensions ['colcon_pkg']
[1.627s] Level 1:colcon.colcon_core.package_identification:_identify(src/two_wheeled_robot) by extension 'colcon_pkg'
[1.627s] Level 1:colcon.colcon_core.package_identification:_identify(src/two_wheeled_robot) by extensions ['colcon_meta']
[1.627s] Level 1:colcon.colcon_core.package_identification:_identify(src/two_wheeled_robot) by extension 'colcon_meta'
[1.628s] Level 1:colcon.colcon_core.package_identification:_identify(src/two_wheeled_robot) by extensions ['ros']
[1.628s] Level 1:colcon.colcon_core.package_identification:_identify(src/two_wheeled_robot) by extension 'ros'
[1.632s] DEBUG:colcon.colcon_core.package_identification:Package 'src/two_wheeled_robot' with type 'ros.ament_python' and name 'two_wheeled_robot'
[1.632s] Level 1:colcon.colcon_core.package_discovery:discover_packages(recursive) using defaults
[1.632s] Level 1:colcon.colcon_core.package_discovery:discover_packages(ignore) discover
[1.632s] Level 1:colcon.colcon_core.package_discovery:discover_packages(ignore) using defaults
[1.632s] Level 1:colcon.colcon_core.package_discovery:discover_packages(path) discover
[1.633s] Level 1:colcon.colcon_core.package_discovery:discover_packages(path) using defaults
[1.745s] Level 1:colcon.colcon_core.package_discovery:discover_packages(prefix_path) check parameters
[1.746s] Level 1:colcon.colcon_core.package_discovery:discover_packages(prefix_path) discover
[1.753s] DEBUG:colcon.colcon_installed_package_information.package_discovery:Found 3 installed packages in /root/ros2_ws/install
[1.760s] DEBUG:colcon.colcon_installed_package_information.package_discovery:Found 359 installed packages in /opt/ros/humble
[1.767s] Level 1:colcon.colcon_core.package_discovery:discover_packages(prefix_path) using defaults
[1.963s] Level 5:colcon.colcon_core.verb:set package 'ign_ros2_demo' build argument 'cmake_args' from command line to 'None'
[1.963s] Level 5:colcon.colcon_core.verb:set package 'ign_ros2_demo' build argument 'cmake_target' from command line to 'None'
[1.963s] Level 5:colcon.colcon_core.verb:set package 'ign_ros2_demo' build argument 'cmake_target_skip_unavailable' from command line to 'False'
[1.963s] Level 5:colcon.colcon_core.verb:set package 'ign_ros2_demo' build argument 'cmake_clean_cache' from command line to 'False'
[1.963s] Level 5:colcon.colcon_core.verb:set package 'ign_ros2_demo' build argument 'cmake_clean_first' from command line to 'False'
[1.964s] Level 5:colcon.colcon_core.verb:set package 'ign_ros2_demo' build argument 'cmake_force_configure' from command line to 'False'
[1.964s] Level 5:colcon.colcon_core.verb:set package 'ign_ros2_demo' build argument 'ament_cmake_args' from command line to 'None'
[1.964s] Level 5:colcon.colcon_core.verb:set package 'ign_ros2_demo' build argument 'catkin_cmake_args' from command line to 'None'
[1.964s] Level 5:colcon.colcon_core.verb:set package 'ign_ros2_demo' build argument 'catkin_skip_building_tests' from command line to 'False'
[1.964s] DEBUG:colcon.colcon_core.verb:Building package 'ign_ros2_demo' with the following arguments: {'ament_cmake_args': None, 'build_base': '/root/ros2_ws/build/ign_ros2_demo', 'catkin_cmake_args': None, 'catkin_skip_building_tests': False, 'cmake_args': None, 'cmake_clean_cache': False, 'cmake_clean_first': False, 'cmake_force_configure': False, 'cmake_target': None, 'cmake_target_skip_unavailable': False, 'install_base': '/root/ros2_ws/install/ign_ros2_demo', 'merge_install': False, 'path': '/root/ros2_ws/src/ign_ros2_demo', 'symlink_install': False, 'test_result_base': None}
[1.966s] Level 5:colcon.colcon_core.verb:set package 'py_hello_word' build argument 'cmake_args' from command line to 'None'
[1.966s] Level 5:colcon.colcon_core.verb:set package 'py_hello_word' build argument 'cmake_target' from command line to 'None'
[1.967s] Level 5:colcon.colcon_core.verb:set package 'py_hello_word' build argument 'cmake_target_skip_unavailable' from command line to 'False'
[1.967s] Level 5:colcon.colcon_core.verb:set package 'py_hello_word' build argument 'cmake_clean_cache' from command line to 'False'
[1.967s] Level 5:colcon.colcon_core.verb:set package 'py_hello_word' build argument 'cmake_clean_first' from command line to 'False'
[1.967s] Level 5:colcon.colcon_core.verb:set package 'py_hello_word' build argument 'cmake_force_configure' from command line to 'False'
[1.967s] Level 5:colcon.colcon_core.verb:set package 'py_hello_word' build argument 'ament_cmake_args' from command line to 'None'
[1.967s] Level 5:colcon.colcon_core.verb:set package 'py_hello_word' build argument 'catkin_cmake_args' from command line to 'None'
[1.967s] Level 5:colcon.colcon_core.verb:set package 'py_hello_word' build argument 'catkin_skip_building_tests' from command line to 'False'
[1.967s] DEBUG:colcon.colcon_core.verb:Building package 'py_hello_word' with the following arguments: {'ament_cmake_args': None, 'build_base': '/root/ros2_ws/build/py_hello_word', 'catkin_cmake_args': None, 'catkin_skip_building_tests': False, 'cmake_args': None, 'cmake_clean_cache': False, 'cmake_clean_first': False, 'cmake_force_configure': False, 'cmake_target': None, 'cmake_target_skip_unavailable': False, 'install_base': '/root/ros2_ws/install/py_hello_word', 'merge_install': False, 'path': '/root/ros2_ws/src/py_hello_word', 'symlink_install': False, 'test_result_base': None}
[1.969s] Level 5:colcon.colcon_core.verb:set package 'two_wheeled_robot' build argument 'cmake_args' from command line to 'None'
[1.969s] Level 5:colcon.colcon_core.verb:set package 'two_wheeled_robot' build argument 'cmake_target' from command line to 'None'
[1.969s] Level 5:colcon.colcon_core.verb:set package 'two_wheeled_robot' build argument 'cmake_target_skip_unavailable' from command line to 'False'
[1.969s] Level 5:colcon.colcon_core.verb:set package 'two_wheeled_robot' build argument 'cmake_clean_cache' from command line to 'False'
[1.969s] Level 5:colcon.colcon_core.verb:set package 'two_wheeled_robot' build argument 'cmake_clean_first' from command line to 'False'
[1.969s] Level 5:colcon.colcon_core.verb:set package 'two_wheeled_robot' build argument 'cmake_force_configure' from command line to 'False'
[1.969s] Level 5:colcon.colcon_core.verb:set package 'two_wheeled_robot' build argument 'ament_cmake_args' from command line to 'None'
[1.969s] Level 5:colcon.colcon_core.verb:set package 'two_wheeled_robot' build argument 'catkin_cmake_args' from command line to 'None'
[1.969s] Level 5:colcon.colcon_core.verb:set package 'two_wheeled_robot' build argument 'catkin_skip_building_tests' from command line to 'False'
[1.970s] DEBUG:colcon.colcon_core.verb:Building package 'two_wheeled_robot' with the following arguments: {'ament_cmake_args': None, 'build_base': '/root/ros2_ws/build/two_wheeled_robot', 'catkin_cmake_args': None, 'catkin_skip_building_tests': False, 'cmake_args': None, 'cmake_clean_cache': False, 'cmake_clean_first': False, 'cmake_force_configure': False, 'cmake_target': None, 'cmake_target_skip_unavailable': False, 'install_base': '/root/ros2_ws/install/two_wheeled_robot', 'merge_install': False, 'path': '/root/ros2_ws/src/two_wheeled_robot', 'symlink_install': False, 'test_result_base': None}
[1.970s] INFO:colcon.colcon_core.executor:Executing jobs using 'parallel' executor
[1.973s] DEBUG:colcon.colcon_parallel_executor.executor.parallel:run_until_complete
[1.974s] INFO:colcon.colcon_ros.task.ament_python.build:Building ROS package in '/root/ros2_ws/src/ign_ros2_demo' with build type 'ament_python'
[1.974s] Level 1:colcon.colcon_core.shell:create_environment_hook('ign_ros2_demo', 'ament_prefix_path')
[1.982s] INFO:colcon.colcon_core.plugin_system:Skipping extension 'colcon_core.shell.bat': Not used on non-Windows systems
[1.983s] INFO:colcon.colcon_core.shell:Creating environment hook '/root/ros2_ws/install/ign_ros2_demo/share/ign_ros2_demo/hook/ament_prefix_path.ps1'
[1.985s] INFO:colcon.colcon_core.shell:Creating environment descriptor '/root/ros2_ws/install/ign_ros2_demo/share/ign_ros2_demo/hook/ament_prefix_path.dsv'
[1.987s] INFO:colcon.colcon_core.shell:Creating environment hook '/root/ros2_ws/install/ign_ros2_demo/share/ign_ros2_demo/hook/ament_prefix_path.sh'
[1.989s] INFO:colcon.colcon_core.shell:Skip shell extension 'powershell' for command environment: Not usable outside of PowerShell
[1.990s] DEBUG:colcon.colcon_core.shell:Skip shell extension 'dsv' for command environment
[2.003s] INFO:colcon.colcon_ros.task.ament_python.build:Building ROS package in '/root/ros2_ws/src/py_hello_word' with build type 'ament_python'
[2.003s] Level 1:colcon.colcon_core.shell:create_environment_hook('py_hello_word', 'ament_prefix_path')
[2.005s] INFO:colcon.colcon_core.shell:Creating environment hook '/root/ros2_ws/install/py_hello_word/share/py_hello_word/hook/ament_prefix_path.ps1'
[2.008s] INFO:colcon.colcon_core.shell:Creating environment descriptor '/root/ros2_ws/install/py_hello_word/share/py_hello_word/hook/ament_prefix_path.dsv'
[2.010s] INFO:colcon.colcon_core.shell:Creating environment hook '/root/ros2_ws/install/py_hello_word/share/py_hello_word/hook/ament_prefix_path.sh'
[2.012s] INFO:colcon.colcon_core.shell:Skip shell extension 'powershell' for command environment: Not usable outside of PowerShell
[2.012s] DEBUG:colcon.colcon_core.shell:Skip shell extension 'dsv' for command environment
[2.025s] INFO:colcon.colcon_ros.task.ament_python.build:Building ROS package in '/root/ros2_ws/src/two_wheeled_robot' with build type 'ament_python'
[2.026s] Level 1:colcon.colcon_core.shell:create_environment_hook('two_wheeled_robot', 'ament_prefix_path')
[2.027s] INFO:colcon.colcon_core.shell:Creating environment hook '/root/ros2_ws/install/two_wheeled_robot/share/two_wheeled_robot/hook/ament_prefix_path.ps1'
[2.029s] INFO:colcon.colcon_core.shell:Creating environment descriptor '/root/ros2_ws/install/two_wheeled_robot/share/two_wheeled_robot/hook/ament_prefix_path.dsv'
[2.031s] INFO:colcon.colcon_core.shell:Creating environment hook '/root/ros2_ws/install/two_wheeled_robot/share/two_wheeled_robot/hook/ament_prefix_path.sh'
[2.033s] INFO:colcon.colcon_core.shell:Skip shell extension 'powershell' for command environment: Not usable outside of PowerShell
[2.033s] DEBUG:colcon.colcon_core.shell:Skip shell extension 'dsv' for command environment
[3.171s] INFO:colcon.colcon_core.task.python.build:Building Python package in '/root/ros2_ws/src/ign_ros2_demo'
[3.172s] INFO:colcon.colcon_core.shell:Skip shell extension 'powershell' for command environment: Not usable outside of PowerShell
[3.173s] DEBUG:colcon.colcon_core.shell:Skip shell extension 'dsv' for command environment
[4.333s] INFO:colcon.colcon_core.task.python.build:Building Python package in '/root/ros2_ws/src/py_hello_word'
[4.334s] INFO:colcon.colcon_core.shell:Skip shell extension 'powershell' for command environment: Not usable outside of PowerShell
[4.334s] DEBUG:colcon.colcon_core.shell:Skip shell extension 'dsv' for command environment
[5.621s] INFO:colcon.colcon_core.task.python.build:Building Python package in '/root/ros2_ws/src/two_wheeled_robot'
[5.623s] INFO:colcon.colcon_core.shell:Skip shell extension 'powershell' for command environment: Not usable outside of PowerShell
[5.623s] DEBUG:colcon.colcon_core.shell:Skip shell extension 'dsv' for command environment
[8.151s] DEBUG:colcon.colcon_core.event_handler.log_command:Invoking command in '/root/ros2_ws/src/two_wheeled_robot': PYTHONPATH=/root/ros2_ws/build/two_wheeled_robot/prefix_override:/usr/lib/python3/dist-packages/colcon_core/task/python/colcon_distutils_commands:/root/ros2_ws/install/two_wheeled_robot/lib/python3.10/site-packages:${PYTHONPATH} /usr/bin/python3 -W ignore:setup.py install is deprecated -W ignore:easy_install command is deprecated setup.py egg_info --egg-base ../../build/two_wheeled_robot build --build-base /root/ros2_ws/build/two_wheeled_robot/build install --record /root/ros2_ws/build/two_wheeled_robot/install.log --single-version-externally-managed install_data
[8.850s] DEBUG:colcon.colcon_core.event_handler.log_command:Invoking command in '/root/ros2_ws/src/py_hello_word': PYTHONPATH=/root/ros2_ws/build/py_hello_word/prefix_override:/usr/lib/python3/dist-packages/colcon_core/task/python/colcon_distutils_commands:/root/ros2_ws/install/py_hello_word/lib/python3.10/site-packages:${PYTHONPATH} /usr/bin/python3 -W ignore:setup.py install is deprecated -W ignore:easy_install command is deprecated setup.py egg_info --egg-base ../../build/py_hello_word build --build-base /root/ros2_ws/build/py_hello_word/build install --record /root/ros2_ws/build/py_hello_word/install.log --single-version-externally-managed install_data
[8.884s] DEBUG:colcon.colcon_core.event_handler.log_command:Invoking command in '/root/ros2_ws/src/ign_ros2_demo': PYTHONPATH=/root/ros2_ws/build/ign_ros2_demo/prefix_override:/usr/lib/python3/dist-packages/colcon_core/task/python/colcon_distutils_commands:/root/ros2_ws/install/ign_ros2_demo/lib/python3.10/site-packages:${PYTHONPATH} /usr/bin/python3 -W ignore:setup.py install is deprecated -W ignore:easy_install command is deprecated setup.py egg_info --egg-base ../../build/ign_ros2_demo build --build-base /root/ros2_ws/build/ign_ros2_demo/build install --record /root/ros2_ws/build/ign_ros2_demo/install.log --single-version-externally-managed install_data
[10.023s] DEBUG:colcon.colcon_core.event_handler.log_command:Invoked command in '/root/ros2_ws/src/two_wheeled_robot' returned '0': PYTHONPATH=/root/ros2_ws/build/two_wheeled_robot/prefix_override:/usr/lib/python3/dist-packages/colcon_core/task/python/colcon_distutils_commands:/root/ros2_ws/install/two_wheeled_robot/lib/python3.10/site-packages:${PYTHONPATH} /usr/bin/python3 -W ignore:setup.py install is deprecated -W ignore:easy_install command is deprecated setup.py egg_info --egg-base ../../build/two_wheeled_robot build --build-base /root/ros2_ws/build/two_wheeled_robot/build install --record /root/ros2_ws/build/two_wheeled_robot/install.log --single-version-externally-managed install_data
[10.027s] Level 1:colcon.colcon_core.environment:checking '/root/ros2_ws/install/two_wheeled_robot' for CMake module files
[10.030s] Level 1:colcon.colcon_core.environment:checking '/root/ros2_ws/install/two_wheeled_robot' for CMake config files
[10.033s] Level 1:colcon.colcon_core.environment:checking '/root/ros2_ws/install/two_wheeled_robot/lib'
[10.034s] Level 1:colcon.colcon_core.environment:checking '/root/ros2_ws/install/two_wheeled_robot/bin'
[10.034s] Level 1:colcon.colcon_core.environment:checking '/root/ros2_ws/install/two_wheeled_robot/lib/pkgconfig/two_wheeled_robot.pc'
[10.035s] Level 1:colcon.colcon_core.environment:checking '/root/ros2_ws/install/two_wheeled_robot/lib/python3.10/site-packages'
[10.035s] Level 1:colcon.colcon_core.shell:create_environment_hook('two_wheeled_robot', 'pythonpath')
[10.036s] INFO:colcon.colcon_core.shell:Creating environment hook '/root/ros2_ws/install/two_wheeled_robot/share/two_wheeled_robot/hook/pythonpath.ps1'
[10.038s] INFO:colcon.colcon_core.shell:Creating environment descriptor '/root/ros2_ws/install/two_wheeled_robot/share/two_wheeled_robot/hook/pythonpath.dsv'
[10.040s] INFO:colcon.colcon_core.shell:Creating environment hook '/root/ros2_ws/install/two_wheeled_robot/share/two_wheeled_robot/hook/pythonpath.sh'
[10.044s] Level 1:colcon.colcon_core.environment:checking '/root/ros2_ws/install/two_wheeled_robot/bin'
[10.044s] Level 1:colcon.colcon_core.environment:create_environment_scripts_only(two_wheeled_robot)
[10.045s] INFO:colcon.colcon_core.shell:Creating package script '/root/ros2_ws/install/two_wheeled_robot/share/two_wheeled_robot/package.ps1'
[10.049s] INFO:colcon.colcon_core.shell:Creating package descriptor '/root/ros2_ws/install/two_wheeled_robot/share/two_wheeled_robot/package.dsv'
[10.052s] INFO:colcon.colcon_core.shell:Creating package script '/root/ros2_ws/install/two_wheeled_robot/share/two_wheeled_robot/package.sh'
[10.055s] INFO:colcon.colcon_core.shell:Creating package script '/root/ros2_ws/install/two_wheeled_robot/share/two_wheeled_robot/package.bash'
[10.058s] INFO:colcon.colcon_core.shell:Creating package script '/root/ros2_ws/install/two_wheeled_robot/share/two_wheeled_robot/package.zsh'
[10.062s] Level 1:colcon.colcon_core.environment:create_file_with_runtime_dependencies(/root/ros2_ws/install/two_wheeled_robot/share/colcon-core/packages/two_wheeled_robot)
[10.838s] Level 1:colcon.colcon_core.environment:checking '/root/ros2_ws/install/py_hello_word' for CMake module files
[10.842s] DEBUG:colcon.colcon_core.event_handler.log_command:Invoked command in '/root/ros2_ws/src/py_hello_word' returned '0': PYTHONPATH=/root/ros2_ws/build/py_hello_word/prefix_override:/usr/lib/python3/dist-packages/colcon_core/task/python/colcon_distutils_commands:/root/ros2_ws/install/py_hello_word/lib/python3.10/site-packages:${PYTHONPATH} /usr/bin/python3 -W ignore:setup.py install is deprecated -W ignore:easy_install command is deprecated setup.py egg_info --egg-base ../../build/py_hello_word build --build-base /root/ros2_ws/build/py_hello_word/build install --record /root/ros2_ws/build/py_hello_word/install.log --single-version-externally-managed install_data
[10.844s] Level 1:colcon.colcon_core.environment:checking '/root/ros2_ws/install/py_hello_word' for CMake config files
[10.847s] Level 1:colcon.colcon_core.environment:checking '/root/ros2_ws/install/py_hello_word/lib'
[10.848s] Level 1:colcon.colcon_core.environment:checking '/root/ros2_ws/install/py_hello_word/bin'
[10.849s] Level 1:colcon.colcon_core.environment:checking '/root/ros2_ws/install/py_hello_word/lib/pkgconfig/py_hello_word.pc'
[10.851s] Level 1:colcon.colcon_core.environment:checking '/root/ros2_ws/install/py_hello_word/lib/python3.10/site-packages'
[10.852s] Level 1:colcon.colcon_core.shell:create_environment_hook('py_hello_word', 'pythonpath')
[10.853s] INFO:colcon.colcon_core.shell:Creating environment hook '/root/ros2_ws/install/py_hello_word/share/py_hello_word/hook/pythonpath.ps1'
[10.856s] INFO:colcon.colcon_core.shell:Creating environment descriptor '/root/ros2_ws/install/py_hello_word/share/py_hello_word/hook/pythonpath.dsv'
[10.859s] INFO:colcon.colcon_core.shell:Creating environment hook '/root/ros2_ws/install/py_hello_word/share/py_hello_word/hook/pythonpath.sh'
[10.864s] Level 1:colcon.colcon_core.environment:checking '/root/ros2_ws/install/py_hello_word/bin'
[10.864s] Level 1:colcon.colcon_core.environment:create_environment_scripts_only(py_hello_word)
[10.867s] INFO:colcon.colcon_core.shell:Creating package script '/root/ros2_ws/install/py_hello_word/share/py_hello_word/package.ps1'
[10.872s] INFO:colcon.colcon_core.shell:Creating package descriptor '/root/ros2_ws/install/py_hello_word/share/py_hello_word/package.dsv'
[10.876s] INFO:colcon.colcon_core.shell:Creating package script '/root/ros2_ws/install/py_hello_word/share/py_hello_word/package.sh'
[10.882s] INFO:colcon.colcon_core.shell:Creating package script '/root/ros2_ws/install/py_hello_word/share/py_hello_word/package.bash'
[10.885s] INFO:colcon.colcon_core.shell:Creating package script '/root/ros2_ws/install/py_hello_word/share/py_hello_word/package.zsh'
[10.887s] Level 1:colcon.colcon_core.environment:create_file_with_runtime_dependencies(/root/ros2_ws/install/py_hello_word/share/colcon-core/packages/py_hello_word)
[10.941s] Level 1:colcon.colcon_core.environment:checking '/root/ros2_ws/install/ign_ros2_demo' for CMake module files
[10.944s] DEBUG:colcon.colcon_core.event_handler.log_command:Invoked command in '/root/ros2_ws/src/ign_ros2_demo' returned '0': PYTHONPATH=/root/ros2_ws/build/ign_ros2_demo/prefix_override:/usr/lib/python3/dist-packages/colcon_core/task/python/colcon_distutils_commands:/root/ros2_ws/install/ign_ros2_demo/lib/python3.10/site-packages:${PYTHONPATH} /usr/bin/python3 -W ignore:setup.py install is deprecated -W ignore:easy_install command is deprecated setup.py egg_info --egg-base ../../build/ign_ros2_demo build --build-base /root/ros2_ws/build/ign_ros2_demo/build install --record /root/ros2_ws/build/ign_ros2_demo/install.log --single-version-externally-managed install_data
[10.946s] Level 1:colcon.colcon_core.environment:checking '/root/ros2_ws/install/ign_ros2_demo' for CMake config files
[10.949s] Level 1:colcon.colcon_core.environment:checking '/root/ros2_ws/install/ign_ros2_demo/lib'
[10.949s] Level 1:colcon.colcon_core.environment:checking '/root/ros2_ws/install/ign_ros2_demo/bin'
[10.950s] Level 1:colcon.colcon_core.environment:checking '/root/ros2_ws/install/ign_ros2_demo/lib/pkgconfig/ign_ros2_demo.pc'
[10.951s] Level 1:colcon.colcon_core.environment:checking '/root/ros2_ws/install/ign_ros2_demo/lib/python3.10/site-packages'
[10.952s] Level 1:colcon.colcon_core.shell:create_environment_hook('ign_ros2_demo', 'pythonpath')
[10.953s] INFO:colcon.colcon_core.shell:Creating environment hook '/root/ros2_ws/install/ign_ros2_demo/share/ign_ros2_demo/hook/pythonpath.ps1'
[10.955s] INFO:colcon.colcon_core.shell:Creating environment descriptor '/root/ros2_ws/install/ign_ros2_demo/share/ign_ros2_demo/hook/pythonpath.dsv'
[10.957s] INFO:colcon.colcon_core.shell:Creating environment hook '/root/ros2_ws/install/ign_ros2_demo/share/ign_ros2_demo/hook/pythonpath.sh'
[10.959s] Level 1:colcon.colcon_core.environment:checking '/root/ros2_ws/install/ign_ros2_demo/bin'
[10.960s] Level 1:colcon.colcon_core.environment:create_environment_scripts_only(ign_ros2_demo)
[10.961s] INFO:colcon.colcon_core.shell:Creating package script '/root/ros2_ws/install/ign_ros2_demo/share/ign_ros2_demo/package.ps1'
[10.963s] INFO:colcon.colcon_core.shell:Creating package descriptor '/root/ros2_ws/install/ign_ros2_demo/share/ign_ros2_demo/package.dsv'
[10.966s] INFO:colcon.colcon_core.shell:Creating package script '/root/ros2_ws/install/ign_ros2_demo/share/ign_ros2_demo/package.sh'
[10.968s] INFO:colcon.colcon_core.shell:Creating package script '/root/ros2_ws/install/ign_ros2_demo/share/ign_ros2_demo/package.bash'
[10.970s] INFO:colcon.colcon_core.shell:Creating package script '/root/ros2_ws/install/ign_ros2_demo/share/ign_ros2_demo/package.zsh'
[10.971s] Level 1:colcon.colcon_core.environment:create_file_with_runtime_dependencies(/root/ros2_ws/install/ign_ros2_demo/share/colcon-core/packages/ign_ros2_demo)
[10.972s] DEBUG:colcon.colcon_parallel_executor.executor.parallel:closing loop
[10.974s] DEBUG:colcon.colcon_parallel_executor.executor.parallel:loop closed
[10.974s] DEBUG:colcon.colcon_parallel_executor.executor.parallel:run_until_complete finished with '0'
[10.974s] DEBUG:colcon.colcon_core.event_reactor:joining thread
[10.996s] INFO:colcon.colcon_core.plugin_system:Skipping extension 'colcon_notification.desktop_notification.terminal_notifier': Not used on non-Darwin systems
[10.997s] INFO:colcon.colcon_core.plugin_system:Skipping extension 'colcon_notification.desktop_notification.win32': Not used on non-Windows systems
[10.997s] INFO:colcon.colcon_notification.desktop_notification:Sending desktop notification using 'notify2'
[11.005s] DEBUG:colcon.colcon_notification.desktop_notification.notify2:Failed to initialize notify2: org.freedesktop.DBus.Error.Spawn.ExecFailed: /usr/bin/dbus-launch terminated abnormally without any error message
[11.006s] DEBUG:colcon.colcon_core.event_reactor:joined thread
[11.010s] INFO:colcon.colcon_core.shell:Creating prefix script '/root/ros2_ws/install/local_setup.ps1'
[11.018s] INFO:colcon.colcon_core.shell:Creating prefix util module '/root/ros2_ws/install/_local_setup_util_ps1.py'
[11.025s] INFO:colcon.colcon_core.shell:Creating prefix chain script '/root/ros2_ws/install/setup.ps1'
[11.031s] INFO:colcon.colcon_core.shell:Creating prefix script '/root/ros2_ws/install/local_setup.sh'
[11.033s] INFO:colcon.colcon_core.shell:Creating prefix util module '/root/ros2_ws/install/_local_setup_util_sh.py'
[11.035s] INFO:colcon.colcon_core.shell:Creating prefix chain script '/root/ros2_ws/install/setup.sh'
[11.041s] INFO:colcon.colcon_core.shell:Creating prefix script '/root/ros2_ws/install/local_setup.bash'
[11.043s] INFO:colcon.colcon_core.shell:Creating prefix chain script '/root/ros2_ws/install/setup.bash'
[11.048s] INFO:colcon.colcon_core.shell:Creating prefix script '/root/ros2_ws/install/local_setup.zsh'
[11.051s] INFO:colcon.colcon_core.shell:Creating prefix chain script '/root/ros2_ws/install/setup.zsh'
