/root/ros2_ws/install/two_wheeled_robot/lib/python3.10/site-packages/two_wheeled_robot/keyboard_control.py
/root/ros2_ws/install/two_wheeled_robot/lib/python3.10/site-packages/two_wheeled_robot/balance_controller.py
/root/ros2_ws/install/two_wheeled_robot/lib/python3.10/site-packages/two_wheeled_robot/obstacle_avoidance.py
/root/ros2_ws/install/two_wheeled_robot/lib/python3.10/site-packages/two_wheeled_robot/__init__.py
/root/ros2_ws/install/two_wheeled_robot/lib/python3.10/site-packages/two_wheeled_robot/__pycache__/keyboard_control.cpython-310.pyc
/root/ros2_ws/install/two_wheeled_robot/lib/python3.10/site-packages/two_wheeled_robot/__pycache__/balance_controller.cpython-310.pyc
/root/ros2_ws/install/two_wheeled_robot/lib/python3.10/site-packages/two_wheeled_robot/__pycache__/obstacle_avoidance.cpython-310.pyc
/root/ros2_ws/install/two_wheeled_robot/lib/python3.10/site-packages/two_wheeled_robot/__pycache__/__init__.cpython-310.pyc
/root/ros2_ws/install/two_wheeled_robot/share/ament_index/resource_index/packages/two_wheeled_robot
/root/ros2_ws/install/two_wheeled_robot/share/two_wheeled_robot/package.xml
/root/ros2_ws/install/two_wheeled_robot/share/two_wheeled_robot/launch/launch_robot.py
/root/ros2_ws/install/two_wheeled_robot/share/two_wheeled_robot/urdf/robot.urdf
/root/ros2_ws/install/two_wheeled_robot/lib/python3.10/site-packages/two_wheeled_robot-0.0.1-py3.10.egg-info/SOURCES.txt
/root/ros2_ws/install/two_wheeled_robot/lib/python3.10/site-packages/two_wheeled_robot-0.0.1-py3.10.egg-info/PKG-INFO
/root/ros2_ws/install/two_wheeled_robot/lib/python3.10/site-packages/two_wheeled_robot-0.0.1-py3.10.egg-info/top_level.txt
/root/ros2_ws/install/two_wheeled_robot/lib/python3.10/site-packages/two_wheeled_robot-0.0.1-py3.10.egg-info/zip-safe
/root/ros2_ws/install/two_wheeled_robot/lib/python3.10/site-packages/two_wheeled_robot-0.0.1-py3.10.egg-info/dependency_links.txt
/root/ros2_ws/install/two_wheeled_robot/lib/python3.10/site-packages/two_wheeled_robot-0.0.1-py3.10.egg-info/entry_points.txt
/root/ros2_ws/install/two_wheeled_robot/lib/python3.10/site-packages/two_wheeled_robot-0.0.1-py3.10.egg-info/requires.txt
/root/ros2_ws/install/two_wheeled_robot/lib/two_wheeled_robot/balance_controller
/root/ros2_ws/install/two_wheeled_robot/lib/two_wheeled_robot/keyboard_control
/root/ros2_ws/install/two_wheeled_robot/lib/two_wheeled_robot/obstacle_avoidance
