[7.172s] Invoking command in '/root/ros2_ws/src/ign_ros2_demo': PYTHONPATH=/root/ros2_ws/build/ign_ros2_demo/prefix_override:/usr/lib/python3/dist-packages/colcon_core/task/python/colcon_distutils_commands:/root/ros2_ws/install/ign_ros2_demo/lib/python3.10/site-packages:${PYTHONPATH} /usr/bin/python3 -W ignore:setup.py install is deprecated -W ignore:easy_install command is deprecated setup.py egg_info --egg-base ../../build/ign_ros2_demo build --build-base /root/ros2_ws/build/ign_ros2_demo/build install --record /root/ros2_ws/build/ign_ros2_demo/install.log --single-version-externally-managed install_data
[10.004s] running egg_info
[10.009s] writing ../../build/ign_ros2_demo/ign_ros2_demo.egg-info/PKG-INFO
[10.011s] writing dependency_links to ../../build/ign_ros2_demo/ign_ros2_demo.egg-info/dependency_links.txt
[10.012s] writing entry points to ../../build/ign_ros2_demo/ign_ros2_demo.egg-info/entry_points.txt
[10.013s] writing requirements to ../../build/ign_ros2_demo/ign_ros2_demo.egg-info/requires.txt
[10.013s] writing top-level names to ../../build/ign_ros2_demo/ign_ros2_demo.egg-info/top_level.txt
[10.026s] reading manifest file '../../build/ign_ros2_demo/ign_ros2_demo.egg-info/SOURCES.txt'
[10.034s] writing manifest file '../../build/ign_ros2_demo/ign_ros2_demo.egg-info/SOURCES.txt'
[10.035s] running build
[10.036s] running build_py
[10.037s] running install
[10.038s] running install_lib
[10.051s] running install_data
[10.052s] running install_egg_info
[10.064s] removing '/root/ros2_ws/install/ign_ros2_demo/lib/python3.10/site-packages/ign_ros2_demo-0.0.0-py3.10.egg-info' (and everything under it)
[10.066s] Copying ../../build/ign_ros2_demo/ign_ros2_demo.egg-info to /root/ros2_ws/install/ign_ros2_demo/lib/python3.10/site-packages/ign_ros2_demo-0.0.0-py3.10.egg-info
[10.072s] running install_scripts
[10.219s] writing list of installed files to '/root/ros2_ws/build/ign_ros2_demo/install.log'
[10.364s] Invoked command in '/root/ros2_ws/src/ign_ros2_demo' returned '0': PYTHONPATH=/root/ros2_ws/build/ign_ros2_demo/prefix_override:/usr/lib/python3/dist-packages/colcon_core/task/python/colcon_distutils_commands:/root/ros2_ws/install/ign_ros2_demo/lib/python3.10/site-packages:${PYTHONPATH} /usr/bin/python3 -W ignore:setup.py install is deprecated -W ignore:easy_install command is deprecated setup.py egg_info --egg-base ../../build/ign_ros2_demo build --build-base /root/ros2_ws/build/ign_ros2_demo/build install --record /root/ros2_ws/build/ign_ros2_demo/install.log --single-version-externally-managed install_data
