[6.565s] Invoking command in '/root/ros2_ws/src/ign_ros2_demo': PYTHONPATH=/root/ros2_ws/build/ign_ros2_demo/prefix_override:/usr/lib/python3/dist-packages/colcon_core/task/python/colcon_distutils_commands:/root/ros2_ws/install/ign_ros2_demo/lib/python3.10/site-packages:${PYTHONPATH} /usr/bin/python3 -W ignore:setup.py install is deprecated -W ignore:easy_install command is deprecated setup.py egg_info --egg-base ../../build/ign_ros2_demo build --build-base /root/ros2_ws/build/ign_ros2_demo/build install --record /root/ros2_ws/build/ign_ros2_demo/install.log --single-version-externally-managed install_data
[7.983s] running egg_info
[7.987s] writing ../../build/ign_ros2_demo/ign_ros2_demo.egg-info/PKG-INFO
[7.988s] writing dependency_links to ../../build/ign_ros2_demo/ign_ros2_demo.egg-info/dependency_links.txt
[7.989s] writing entry points to ../../build/ign_ros2_demo/ign_ros2_demo.egg-info/entry_points.txt
[7.990s] writing requirements to ../../build/ign_ros2_demo/ign_ros2_demo.egg-info/requires.txt
[7.991s] writing top-level names to ../../build/ign_ros2_demo/ign_ros2_demo.egg-info/top_level.txt
[8.003s] reading manifest file '../../build/ign_ros2_demo/ign_ros2_demo.egg-info/SOURCES.txt'
[8.009s] writing manifest file '../../build/ign_ros2_demo/ign_ros2_demo.egg-info/SOURCES.txt'
[8.010s] running build
[8.011s] running build_py
[8.011s] running install
[8.016s] running install_lib
[8.026s] running install_data
[8.027s] running install_egg_info
[8.039s] removing '/root/ros2_ws/install/ign_ros2_demo/lib/python3.10/site-packages/ign_ros2_demo-0.0.0-py3.10.egg-info' (and everything under it)
[8.041s] Copying ../../build/ign_ros2_demo/ign_ros2_demo.egg-info to /root/ros2_ws/install/ign_ros2_demo/lib/python3.10/site-packages/ign_ros2_demo-0.0.0-py3.10.egg-info
[8.046s] running install_scripts
[8.161s] writing list of installed files to '/root/ros2_ws/build/ign_ros2_demo/install.log'
[8.298s] Invoked command in '/root/ros2_ws/src/ign_ros2_demo' returned '0': PYTHONPATH=/root/ros2_ws/build/ign_ros2_demo/prefix_override:/usr/lib/python3/dist-packages/colcon_core/task/python/colcon_distutils_commands:/root/ros2_ws/install/ign_ros2_demo/lib/python3.10/site-packages:${PYTHONPATH} /usr/bin/python3 -W ignore:setup.py install is deprecated -W ignore:easy_install command is deprecated setup.py egg_info --egg-base ../../build/ign_ros2_demo build --build-base /root/ros2_ws/build/ign_ros2_demo/build install --record /root/ros2_ws/build/ign_ros2_demo/install.log --single-version-externally-managed install_data
