[7.980s] Invoking command in '/root/ros2_ws/src/py_hello_word': PYTHONPATH=/root/ros2_ws/build/py_hello_word/prefix_override:/usr/lib/python3/dist-packages/colcon_core/task/python/colcon_distutils_commands:/root/ros2_ws/install/py_hello_word/lib/python3.10/site-packages:${PYTHONPATH} /usr/bin/python3 -W ignore:setup.py install is deprecated -W ignore:easy_install command is deprecated setup.py egg_info --egg-base ../../build/py_hello_word build --build-base /root/ros2_ws/build/py_hello_word/build install --record /root/ros2_ws/build/py_hello_word/install.log --single-version-externally-managed install_data
[10.403s] running egg_info
[10.411s] writing ../../build/py_hello_word/py_hello_word.egg-info/PKG-INFO
[10.435s] writing dependency_links to ../../build/py_hello_word/py_hello_word.egg-info/dependency_links.txt
[10.436s] writing entry points to ../../build/py_hello_word/py_hello_word.egg-info/entry_points.txt
[10.442s] writing requirements to ../../build/py_hello_word/py_hello_word.egg-info/requires.txt
[10.443s] writing top-level names to ../../build/py_hello_word/py_hello_word.egg-info/top_level.txt
[10.445s] reading manifest file '../../build/py_hello_word/py_hello_word.egg-info/SOURCES.txt'
[10.457s] writing manifest file '../../build/py_hello_word/py_hello_word.egg-info/SOURCES.txt'
[10.459s] running build
[10.459s] running build_py
[10.461s] running install
[10.465s] running install_lib
[10.478s] running install_data
[10.481s] running install_egg_info
[10.513s] removing '/root/ros2_ws/install/py_hello_word/lib/python3.10/site-packages/py_hello_word-0.0.0-py3.10.egg-info' (and everything under it)
[10.515s] Copying ../../build/py_hello_word/py_hello_word.egg-info to /root/ros2_ws/install/py_hello_word/lib/python3.10/site-packages/py_hello_word-0.0.0-py3.10.egg-info
[10.523s] running install_scripts
[10.698s] writing list of installed files to '/root/ros2_ws/build/py_hello_word/install.log'
[10.921s] Invoked command in '/root/ros2_ws/src/py_hello_word' returned '0': PYTHONPATH=/root/ros2_ws/build/py_hello_word/prefix_override:/usr/lib/python3/dist-packages/colcon_core/task/python/colcon_distutils_commands:/root/ros2_ws/install/py_hello_word/lib/python3.10/site-packages:${PYTHONPATH} /usr/bin/python3 -W ignore:setup.py install is deprecated -W ignore:easy_install command is deprecated setup.py egg_info --egg-base ../../build/py_hello_word build --build-base /root/ros2_ws/build/py_hello_word/build install --record /root/ros2_ws/build/py_hello_word/install.log --single-version-externally-managed install_data
